<?xml version="1.0" encoding="UTF-8"?>
<coverage generated="1790146731060" clover="3.2.0">
  <project timestamp="1790146731061" name="All files">
    <metrics statements="854" coveredstatements="599" conditionals="779" coveredconditionals="418" methods="136" coveredmethods="101" elements="1769" coveredelements="1118" complexity="0" loc="854" ncloc="854" packages="9" files="12" classes="12"/>
    <package name="components.common">
      <metrics statements="47" coveredstatements="34" conditionals="83" coveredconditionals="39" methods="4" coveredmethods="4"/>
      <file name="MarkdownText.tsx" path="C:\Users\navee\Videos\Calorify\calori\src\components\common\MarkdownText.tsx">
        <metrics statements="47" coveredstatements="34" conditionals="83" coveredconditionals="39" methods="4" coveredmethods="4"/>
        <line num="19" count="1" type="stmt"/>
        <line num="21" count="1" type="stmt"/>
        <line num="27" count="3" type="cond" truecount="1" falsecount="1"/>
        <line num="30" count="3" type="stmt"/>
        <line num="31" count="3" type="cond" truecount="2" falsecount="0"/>
        <line num="32" count="3" type="cond" truecount="1" falsecount="1"/>
        <line num="33" count="0" type="stmt"/>
        <line num="36" count="3" type="stmt"/>
        <line num="39" count="3" type="stmt"/>
        <line num="40" count="4" type="stmt"/>
        <line num="42" count="4" type="stmt"/>
        <line num="43" count="8" type="stmt"/>
        <line num="45" count="8" type="cond" truecount="2" falsecount="0"/>
        <line num="48" count="7" type="cond" truecount="1" falsecount="1"/>
        <line num="52" count="0" type="stmt"/>
        <line num="67" count="7" type="cond" truecount="2" falsecount="0"/>
        <line num="71" count="2" type="stmt"/>
        <line num="82" count="5" type="cond" truecount="1" falsecount="1"/>
        <line num="86" count="0" type="stmt"/>
        <line num="94" count="5" type="cond" truecount="2" falsecount="3"/>
        <line num="95" count="0" type="stmt"/>
        <line num="106" count="5" type="cond" truecount="2" falsecount="3"/>
        <line num="107" count="0" type="stmt"/>
        <line num="115" count="5" type="stmt"/>
        <line num="119" count="3" type="stmt"/>
        <line num="122" count="5" type="stmt"/>
        <line num="125" count="5" type="cond" truecount="2" falsecount="0"/>
        <line num="126" count="1" type="stmt"/>
        <line num="130" count="4" type="cond" truecount="1" falsecount="1"/>
        <line num="131" count="0" type="stmt"/>
        <line num="146" count="4" type="cond" truecount="1" falsecount="1"/>
        <line num="147" count="0" type="stmt"/>
        <line num="162" count="4" type="cond" truecount="2" falsecount="0"/>
        <line num="163" count="1" type="stmt"/>
        <line num="179" count="3" type="stmt"/>
        <line num="180" count="3" type="cond" truecount="1" falsecount="1"/>
        <line num="181" count="0" type="stmt"/>
        <line num="182" count="0" type="stmt"/>
        <line num="200" count="3" type="stmt"/>
        <line num="201" count="3" type="cond" truecount="1" falsecount="1"/>
        <line num="202" count="0" type="stmt"/>
        <line num="203" count="0" type="stmt"/>
        <line num="204" count="0" type="stmt"/>
        <line num="222" count="3" type="cond" truecount="1" falsecount="1"/>
        <line num="223" count="0" type="stmt"/>
        <line num="246" count="3" type="stmt"/>
        <line num="265" count="1" type="stmt"/>
      </file>
    </package>
    <package name="context">
      <metrics statements="551" coveredstatements="322" conditionals="482" coveredconditionals="186" methods="113" coveredmethods="78"/>
      <file name="HealthContext.tsx" path="C:\Users\navee\Videos\Calorify\calori\src\context\HealthContext.tsx">
        <metrics statements="551" coveredstatements="322" conditionals="482" coveredconditionals="186" methods="113" coveredmethods="78"/>
        <line num="18" count="1" type="stmt"/>
        <line num="25" count="4" type="stmt"/>
        <line num="26" count="2" type="stmt"/>
        <line num="27" count="21" type="stmt"/>
        <line num="34" count="1" type="stmt"/>
        <line num="35" count="3" type="cond" truecount="2" falsecount="0"/>
        <line num="36" count="1" type="stmt"/>
        <line num="38" count="2" type="cond" truecount="1" falsecount="1"/>
        <line num="40" count="2" type="cond" truecount="7" falsecount="0"/>
        <line num="48" count="2" type="cond" truecount="1" falsecount="1"/>
        <line num="50" count="2" type="cond" truecount="3" falsecount="1"/>
        <line num="51" count="0" type="cond" truecount="1" falsecount="1"/>
        <line num="52" count="2" type="cond" truecount="6" falsecount="1"/>
        <line num="53" count="2" type="cond" truecount="6" falsecount="1"/>
        <line num="54" count="2" type="stmt"/>
        <line num="68" count="11" type="cond" truecount="4" falsecount="0"/>
        <line num="69" count="8" type="cond" truecount="2" falsecount="0"/>
        <line num="70" count="1" type="stmt"/>
        <line num="72" count="7" type="cond" truecount="4" falsecount="0"/>
        <line num="73" count="3" type="stmt"/>
        <line num="74" count="3" type="stmt"/>
        <line num="75" count="8" type="cond" truecount="2" falsecount="0"/>
        <line num="76" count="5" type="stmt"/>
        <line num="79" count="3" type="stmt"/>
        <line num="81" count="4" type="stmt"/>
        <line num="84" count="1" type="stmt"/>
        <line num="109" count="1" type="cond" truecount="1" falsecount="0"/>
        <line num="110" count="377" type="stmt"/>
        <line num="111" count="377" type="stmt"/>
        <line num="112" count="377" type="stmt"/>
        <line num="113" count="377" type="stmt"/>
        <line num="122" count="1" type="stmt"/>
        <line num="123" count="28" type="stmt"/>
        <line num="124" count="28" type="stmt"/>
        <line num="125" count="28" type="stmt"/>
        <line num="126" count="39" type="stmt"/>
        <line num="127" count="39" type="stmt"/>
        <line num="128" count="39" type="stmt"/>
        <line num="129" count="39" type="stmt"/>
        <line num="131" count="39" type="cond" truecount="7" falsecount="0"/>
        <line num="135" count="39" type="cond" truecount="2" falsecount="0"/>
        <line num="136" count="11" type="stmt"/>
        <line num="138" count="28" type="stmt"/>
        <line num="141" count="28" type="stmt"/>
        <line num="146" count="1" type="stmt"/>
        <line num="147" count="0" type="stmt"/>
        <line num="288" count="1" type="stmt"/>
        <line num="290" count="1" type="stmt"/>
        <line num="291" count="37" type="stmt"/>
        <line num="292" count="37" type="stmt"/>
        <line num="293" count="37" type="stmt"/>
        <line num="294" count="37" type="stmt"/>
        <line num="295" count="37" type="stmt"/>
        <line num="296" count="37" type="stmt"/>
        <line num="297" count="37" type="stmt"/>
        <line num="300" count="37" type="stmt"/>
        <line num="301" count="37" type="stmt"/>
        <line num="302" count="37" type="stmt"/>
        <line num="303" count="37" type="stmt"/>
        <line num="304" count="37" type="stmt"/>
        <line num="305" count="37" type="stmt"/>
        <line num="308" count="37" type="stmt"/>
        <line num="309" count="1" type="cond" truecount="1" falsecount="1"/>
        <line num="310" count="1" type="stmt"/>
        <line num="311" count="1" type="stmt"/>
        <line num="312" count="1" type="stmt"/>
        <line num="313" count="1" type="stmt"/>
        <line num="316" count="1" type="stmt"/>
        <line num="317" count="1" type="stmt"/>
        <line num="318" count="1" type="stmt"/>
        <line num="323" count="1" type="cond" truecount="1" falsecount="1"/>
        <line num="324" count="0" type="stmt"/>
        <line num="325" count="0" type="stmt"/>
        <line num="328" count="1" type="cond" truecount="1" falsecount="1"/>
        <line num="329" count="0" type="stmt"/>
        <line num="330" count="0" type="stmt"/>
        <line num="331" count="0" type="stmt"/>
        <line num="333" count="0" type="cond" truecount="0" falsecount="2"/>
        <line num="334" count="0" type="stmt"/>
        <line num="338" count="0" type="stmt"/>
        <line num="342" count="1" type="stmt"/>
        <line num="343" count="1" type="stmt"/>
        <line num="344" count="1" type="cond" truecount="1" falsecount="1"/>
        <line num="345" count="0" type="stmt"/>
        <line num="346" count="0" type="cond" truecount="0" falsecount="2"/>
        <line num="347" count="0" type="stmt"/>
        <line num="355" count="0" type="stmt"/>
        <line num="356" count="0" type="stmt"/>
        <line num="357" count="0" type="stmt"/>
        <line num="361" count="0" type="stmt"/>
        <line num="365" count="1" type="stmt"/>
        <line num="366" count="1" type="stmt"/>
        <line num="367" count="1" type="stmt"/>
        <line num="368" count="1" type="stmt"/>
        <line num="369" count="1" type="stmt"/>
        <line num="371" count="1" type="stmt"/>
        <line num="372" count="0" type="stmt"/>
        <line num="373" count="0" type="stmt"/>
        <line num="374" count="0" type="stmt"/>
        <line num="378" count="0" type="cond" truecount="0" falsecount="6"/>
        <line num="379" count="0" type="cond" truecount="0" falsecount="2"/>
        <line num="382" count="0" type="cond" truecount="0" falsecount="2"/>
        <line num="383" count="0" type="stmt"/>
        <line num="387" count="0" type="cond" truecount="0" falsecount="2"/>
        <line num="389" count="0" type="stmt"/>
        <line num="390" count="0" type="stmt"/>
        <line num="391" count="0" type="stmt"/>
        <line num="392" count="0" type="cond" truecount="0" falsecount="2"/>
        <line num="393" count="0" type="stmt"/>
        <line num="396" count="0" type="stmt"/>
        <line num="401" count="1" type="stmt"/>
        <line num="402" count="1" type="stmt"/>
        <line num="404" count="1" type="stmt"/>
        <line num="405" count="0" type="stmt"/>
        <line num="409" count="1" type="cond" truecount="1" falsecount="1"/>
        <line num="410" count="1" type="stmt"/>
        <line num="419" count="1" type="stmt"/>
        <line num="422" count="1" type="stmt"/>
        <line num="423" count="1" type="stmt"/>
        <line num="424" count="1" type="stmt"/>
        <line num="425" count="1" type="cond" truecount="1" falsecount="1"/>
        <line num="426" count="0" type="stmt"/>
        <line num="427" count="0" type="cond" truecount="0" falsecount="2"/>
        <line num="428" count="0" type="stmt"/>
        <line num="432" count="0" type="stmt"/>
        <line num="435" count="1" type="stmt"/>
        <line num="436" count="1" type="stmt"/>
        <line num="437" count="1" type="stmt"/>
        <line num="438" count="1" type="cond" truecount="1" falsecount="1"/>
        <line num="439" count="0" type="stmt"/>
        <line num="440" count="0" type="stmt"/>
        <line num="441" count="0" type="stmt"/>
        <line num="458" count="0" type="stmt"/>
        <line num="459" count="0" type="stmt"/>
        <line num="462" count="0" type="stmt"/>
        <line num="466" count="1" type="stmt"/>
        <line num="472" count="1" type="stmt"/>
        <line num="473" count="0" type="stmt"/>
        <line num="476" count="1" type="stmt"/>
        <line num="479" count="0" type="stmt"/>
        <line num="481" count="1" type="stmt"/>
        <line num="486" count="37" type="stmt"/>
        <line num="487" count="11" type="stmt"/>
        <line num="488" count="11" type="stmt"/>
        <line num="489" count="11" type="stmt"/>
        <line num="490" count="11" type="stmt"/>
        <line num="491" count="11" type="cond" truecount="2" falsecount="0"/>
        <line num="492" count="11" type="stmt"/>
        <line num="496" count="11" type="cond" truecount="4" falsecount="0"/>
        <line num="497" count="2" type="stmt"/>
        <line num="498" count="2" type="stmt"/>
        <line num="501" count="11" type="stmt"/>
        <line num="502" count="11" type="stmt"/>
        <line num="504" count="11" type="cond" truecount="1" falsecount="1"/>
        <line num="505" count="0" type="stmt"/>
        <line num="506" count="0" type="stmt"/>
        <line num="507" count="0" type="stmt"/>
        <line num="508" count="0" type="cond" truecount="0" falsecount="4"/>
        <line num="509" count="0" type="stmt"/>
        <line num="511" count="0" type="stmt"/>
        <line num="516" count="11" type="cond" truecount="5" falsecount="0"/>
        <line num="517" count="2" type="stmt"/>
        <line num="518" count="2" type="stmt"/>
        <line num="519" count="2" type="cond" truecount="1" falsecount="1"/>
        <line num="520" count="0" type="stmt"/>
        <line num="523" count="9" type="cond" truecount="1" falsecount="1"/>
        <line num="524" count="0" type="stmt"/>
        <line num="525" count="0" type="stmt"/>
        <line num="529" count="11" type="stmt"/>
        <line num="532" count="11" type="cond" truecount="5" falsecount="0"/>
        <line num="533" count="2" type="stmt"/>
        <line num="534" count="2" type="cond" truecount="1" falsecount="1"/>
        <line num="535" count="0" type="stmt"/>
        <line num="536" count="0" type="stmt"/>
        <line num="541" count="11" type="cond" truecount="1" falsecount="1"/>
        <line num="542" count="11" type="stmt"/>
        <line num="543" count="11" type="cond" truecount="1" falsecount="1"/>
        <line num="544" count="0" type="stmt"/>
        <line num="545" count="0" type="stmt"/>
        <line num="551" count="11" type="cond" truecount="1" falsecount="1"/>
        <line num="552" count="11" type="stmt"/>
        <line num="553" count="11" type="stmt"/>
        <line num="554" count="0" type="stmt"/>
        <line num="556" count="11" type="stmt"/>
        <line num="560" count="11" type="cond" truecount="1" falsecount="1"/>
        <line num="561" count="11" type="cond" truecount="1" falsecount="1"/>
        <line num="566" count="11" type="stmt"/>
        <line num="568" count="0" type="stmt"/>
        <line num="570" count="11" type="stmt"/>
        <line num="574" count="11" type="stmt"/>
        <line num="578" count="37" type="stmt"/>
        <line num="579" count="11" type="stmt"/>
        <line num="580" count="1" type="stmt"/>
        <line num="581" count="1" type="cond" truecount="1" falsecount="1"/>
        <line num="582" count="1" type="stmt"/>
        <line num="587" count="1" type="stmt"/>
        <line num="588" count="1" type="stmt"/>
        <line num="591" count="1" type="cond" truecount="1" falsecount="1"/>
        <line num="592" count="1" type="stmt"/>
        <line num="596" count="0" type="cond" truecount="0" falsecount="2"/>
        <line num="597" count="0" type="stmt"/>
        <line num="598" count="0" type="cond" truecount="0" falsecount="2"/>
        <line num="599" count="0" type="cond" truecount="0" falsecount="2"/>
        <line num="600" count="0" type="stmt"/>
        <line num="601" count="0" type="stmt"/>
        <line num="605" count="1" type="stmt"/>
        <line num="608" count="11" type="stmt"/>
        <line num="612" count="37" type="stmt"/>
        <line num="613" count="35" type="cond" truecount="2" falsecount="0"/>
        <line num="614" count="24" type="cond" truecount="2" falsecount="2"/>
        <line num="618" count="24" type="stmt"/>
        <line num="621" count="24" type="cond" truecount="2" falsecount="0"/>
        <line num="622" count="13" type="stmt"/>
        <line num="625" count="24" type="stmt"/>
        <line num="626" count="0" type="cond" truecount="0" falsecount="2"/>
        <line num="633" count="0" type="stmt"/>
        <line num="634" count="0" type="cond" truecount="0" falsecount="2"/>
        <line num="635" count="0" type="stmt"/>
        <line num="636" count="0" type="stmt"/>
        <line num="637" count="0" type="stmt"/>
        <line num="638" count="0" type="cond" truecount="0" falsecount="2"/>
        <line num="641" count="0" type="cond" truecount="0" falsecount="2"/>
        <line num="649" count="37" type="stmt"/>
        <line num="650" count="26" type="cond" truecount="2" falsecount="0"/>
        <line num="651" count="15" type="cond" truecount="2" falsecount="2"/>
        <line num="655" count="15" type="stmt"/>
        <line num="658" count="15" type="cond" truecount="2" falsecount="0"/>
        <line num="659" count="4" type="stmt"/>
        <line num="662" count="15" type="stmt"/>
        <line num="663" count="0" type="cond" truecount="0" falsecount="2"/>
        <line num="670" count="0" type="stmt"/>
        <line num="671" count="0" type="stmt"/>
        <line num="672" count="0" type="stmt"/>
        <line num="673" count="0" type="cond" truecount="0" falsecount="2"/>
        <line num="676" count="0" type="cond" truecount="0" falsecount="2"/>
        <line num="682" count="37" type="stmt"/>
        <line num="683" count="26" type="cond" truecount="2" falsecount="0"/>
        <line num="684" count="15" type="cond" truecount="2" falsecount="0"/>
        <line num="685" count="15" type="stmt"/>
        <line num="689" count="37" type="stmt"/>
        <line num="690" count="37" type="stmt"/>
        <line num="691" count="14" type="stmt"/>
        <line num="694" count="37" type="stmt"/>
        <line num="695" count="35" type="cond" truecount="2" falsecount="0"/>
        <line num="696" count="24" type="stmt"/>
        <line num="697" count="24" type="cond" truecount="1" falsecount="1"/>
        <line num="698" count="0" type="stmt"/>
        <line num="704" count="37" type="stmt"/>
        <line num="705" count="14" type="stmt"/>
        <line num="709" count="37" type="stmt"/>
        <line num="710" count="35" type="stmt"/>
        <line num="711" count="35" type="stmt"/>
        <line num="721" count="37" type="stmt"/>
        <line num="722" count="0" type="stmt"/>
        <line num="723" count="0" type="stmt"/>
        <line num="724" count="0" type="stmt"/>
        <line num="725" count="0" type="stmt"/>
        <line num="726" count="0" type="stmt"/>
        <line num="731" count="37" type="stmt"/>
        <line num="732" count="30" type="stmt"/>
        <line num="738" count="30" type="stmt"/>
        <line num="739" count="5" type="cond" truecount="1" falsecount="1"/>
        <line num="740" count="5" type="stmt"/>
        <line num="743" count="30" type="stmt"/>
        <line num="746" count="37" type="stmt"/>
        <line num="747" count="30" type="stmt"/>
        <line num="748" count="1" type="stmt"/>
        <line num="749" count="2" type="stmt"/>
        <line num="750" count="0" type="stmt"/>
        <line num="751" count="2" type="stmt"/>
        <line num="756" count="37" type="stmt"/>
        <line num="757" count="30" type="stmt"/>
        <line num="760" count="37" type="stmt"/>
        <line num="761" count="30" type="stmt"/>
        <line num="764" count="37" type="stmt"/>
        <line num="765" count="30" type="stmt"/>
        <line num="768" count="37" type="stmt"/>
        <line num="769" count="30" type="stmt"/>
        <line num="772" count="37" type="stmt"/>
        <line num="773" count="30" type="stmt"/>
        <line num="777" count="37" type="stmt"/>
        <line num="778" count="27" type="cond" truecount="1" falsecount="1"/>
        <line num="779" count="27" type="cond" truecount="1" falsecount="1"/>
        <line num="780" count="27" type="cond" truecount="2" falsecount="0"/>
        <line num="781" count="27" type="stmt"/>
        <line num="785" count="37" type="stmt"/>
        <line num="786" count="22" type="stmt"/>
        <line num="790" count="37" type="stmt"/>
        <line num="791" count="4" type="stmt"/>
        <line num="807" count="4" type="stmt"/>
        <line num="808" count="4" type="cond" truecount="1" falsecount="1"/>
        <line num="815" count="4" type="stmt"/>
        <line num="823" count="4" type="stmt"/>
        <line num="826" count="37" type="stmt"/>
        <line num="827" count="1" type="stmt"/>
        <line num="828" count="1" type="stmt"/>
        <line num="829" count="1" type="cond" truecount="1" falsecount="1"/>
        <line num="830" count="1" type="stmt"/>
        <line num="834" count="1" type="stmt"/>
        <line num="840" count="37" type="stmt"/>
        <line num="841" count="1" type="stmt"/>
        <line num="842" count="1" type="stmt"/>
        <line num="843" count="1" type="cond" truecount="1" falsecount="1"/>
        <line num="844" count="1" type="stmt"/>
        <line num="849" count="1" type="cond" truecount="1" falsecount="1"/>
        <line num="850" count="7" type="stmt"/>
        <line num="851" count="1" type="cond" truecount="1" falsecount="1"/>
        <line num="852" count="1" type="cond" truecount="1" falsecount="1"/>
        <line num="853" count="1" type="cond" truecount="1" falsecount="1"/>
        <line num="854" count="1" type="cond" truecount="1" falsecount="1"/>
        <line num="855" count="1" type="cond" truecount="1" falsecount="1"/>
        <line num="857" count="1" type="stmt"/>
        <line num="872" count="37" type="stmt"/>
        <line num="873" count="2" type="stmt"/>
        <line num="874" count="2" type="cond" truecount="1" falsecount="1"/>
        <line num="881" count="2" type="stmt"/>
        <line num="882" count="2" type="stmt"/>
        <line num="892" count="37" type="stmt"/>
        <line num="893" count="1" type="stmt"/>
        <line num="894" count="1" type="stmt"/>
        <line num="895" count="1" type="cond" truecount="1" falsecount="1"/>
        <line num="896" count="1" type="stmt"/>
        <line num="906" count="37" type="stmt"/>
        <line num="907" count="1" type="stmt"/>
        <line num="914" count="1" type="stmt"/>
        <line num="915" count="1" type="cond" truecount="1" falsecount="1"/>
        <line num="922" count="1" type="stmt"/>
        <line num="932" count="37" type="stmt"/>
        <line num="933" count="1" type="stmt"/>
        <line num="934" count="1" type="stmt"/>
        <line num="935" count="1" type="cond" truecount="1" falsecount="1"/>
        <line num="936" count="1" type="stmt"/>
        <line num="940" count="1" type="stmt"/>
        <line num="946" count="37" type="stmt"/>
        <line num="947" count="1" type="stmt"/>
        <line num="948" count="1" type="cond" truecount="1" falsecount="1"/>
        <line num="955" count="1" type="stmt"/>
        <line num="965" count="37" type="stmt"/>
        <line num="966" count="2" type="stmt"/>
        <line num="977" count="2" type="stmt"/>
        <line num="978" count="2" type="stmt"/>
        <line num="979" count="2" type="cond" truecount="2" falsecount="0"/>
        <line num="980" count="2" type="stmt"/>
        <line num="982" count="2" type="stmt"/>
        <line num="983" count="2" type="cond" truecount="2" falsecount="5"/>
        <line num="985" count="0" type="stmt"/>
        <line num="1000" count="0" type="cond" truecount="0" falsecount="4"/>
        <line num="1001" count="0" type="stmt"/>
        <line num="1003" count="0" type="cond" truecount="0" falsecount="5"/>
        <line num="1004" count="0" type="stmt"/>
        <line num="1007" count="0" type="stmt"/>
        <line num="1008" count="0" type="stmt"/>
        <line num="1011" count="2" type="stmt"/>
        <line num="1013" count="2" type="stmt"/>
        <line num="1016" count="37" type="stmt"/>
        <line num="1017" count="0" type="stmt"/>
        <line num="1018" count="0" type="stmt"/>
        <line num="1019" count="0" type="cond" truecount="0" falsecount="2"/>
        <line num="1020" count="0" type="stmt"/>
        <line num="1022" count="0" type="stmt"/>
        <line num="1023" count="0" type="cond" truecount="0" falsecount="7"/>
        <line num="1024" count="0" type="stmt"/>
        <line num="1025" count="0" type="stmt"/>
        <line num="1028" count="0" type="stmt"/>
        <line num="1032" count="37" type="stmt"/>
        <line num="1033" count="2" type="stmt"/>
        <line num="1040" count="37" type="stmt"/>
        <line num="1041" count="36" type="stmt"/>
        <line num="1042" count="36" type="stmt"/>
        <line num="1043" count="36" type="stmt"/>
        <line num="1044" count="36" type="stmt"/>
        <line num="1047" count="36" type="stmt"/>
        <line num="1048" count="36" type="stmt"/>
        <line num="1058" count="36" type="stmt"/>
        <line num="1060" count="36" type="stmt"/>
        <line num="1061" count="252" type="stmt"/>
        <line num="1062" count="252" type="stmt"/>
        <line num="1063" count="252" type="stmt"/>
        <line num="1064" count="252" type="stmt"/>
        <line num="1065" count="252" type="cond" truecount="1" falsecount="1"/>
        <line num="1067" count="252" type="cond" truecount="3" falsecount="0"/>
        <line num="1068" count="252" type="cond" truecount="3" falsecount="1"/>
        <line num="1069" count="252" type="cond" truecount="3" falsecount="1"/>
        <line num="1070" count="252" type="cond" truecount="3" falsecount="1"/>
        <line num="1071" count="252" type="cond" truecount="3" falsecount="1"/>
        <line num="1072" count="252" type="cond" truecount="4" falsecount="2"/>
        <line num="1073" count="252" type="cond" truecount="6" falsecount="1"/>
        <line num="1074" count="252" type="cond" truecount="6" falsecount="1"/>
        <line num="1075" count="252" type="cond" truecount="4" falsecount="0"/>
        <line num="1076" count="252" type="cond" truecount="3" falsecount="1"/>
        <line num="1077" count="252" type="stmt"/>
        <line num="1079" count="252" type="stmt"/>
        <line num="1093" count="36" type="stmt"/>
        <line num="1096" count="37" type="stmt"/>
        <line num="1097" count="0" type="stmt"/>
        <line num="1098" count="0" type="stmt"/>
        <line num="1099" count="0" type="stmt"/>
        <line num="1100" count="0" type="stmt"/>
        <line num="1101" count="0" type="stmt"/>
        <line num="1102" count="0" type="stmt"/>
        <line num="1103" count="0" type="stmt"/>
        <line num="1108" count="0" type="stmt"/>
        <line num="1109" count="0" type="stmt"/>
        <line num="1112" count="0" type="stmt"/>
        <line num="1114" count="0" type="stmt"/>
        <line num="1116" count="0" type="stmt"/>
        <line num="1117" count="0" type="cond" truecount="0" falsecount="2"/>
        <line num="1122" count="0" type="stmt"/>
        <line num="1124" count="0" type="cond" truecount="0" falsecount="2"/>
        <line num="1125" count="0" type="stmt"/>
        <line num="1127" count="0" type="cond" truecount="0" falsecount="2"/>
        <line num="1128" count="0" type="stmt"/>
        <line num="1130" count="0" type="cond" truecount="0" falsecount="2"/>
        <line num="1131" count="0" type="stmt"/>
        <line num="1133" count="0" type="cond" truecount="0" falsecount="2"/>
        <line num="1134" count="0" type="stmt"/>
        <line num="1136" count="0" type="cond" truecount="0" falsecount="2"/>
        <line num="1139" count="0" type="cond" truecount="0" falsecount="2"/>
        <line num="1146" count="37" type="stmt"/>
        <line num="1158" count="0" type="cond" truecount="0" falsecount="6"/>
        <line num="1159" count="0" type="cond" truecount="0" falsecount="6"/>
        <line num="1160" count="0" type="cond" truecount="0" falsecount="3"/>
        <line num="1163" count="0" type="cond" truecount="0" falsecount="2"/>
        <line num="1167" count="0" type="cond" truecount="0" falsecount="3"/>
        <line num="1168" count="0" type="cond" truecount="0" falsecount="3"/>
        <line num="1171" count="0" type="cond" truecount="0" falsecount="6"/>
        <line num="1174" count="0" type="cond" truecount="0" falsecount="4"/>
        <line num="1177" count="0" type="stmt"/>
        <line num="1180" count="0" type="stmt"/>
        <line num="1186" count="0" type="cond" truecount="0" falsecount="2"/>
        <line num="1188" count="0" type="stmt"/>
        <line num="1189" count="0" type="stmt"/>
        <line num="1190" count="0" type="cond" truecount="0" falsecount="2"/>
        <line num="1192" count="0" type="stmt"/>
        <line num="1193" count="0" type="stmt"/>
        <line num="1196" count="0" type="stmt"/>
        <line num="1197" count="0" type="stmt"/>
        <line num="1202" count="0" type="stmt"/>
        <line num="1203" count="0" type="stmt"/>
        <line num="1206" count="0" type="stmt"/>
        <line num="1207" count="0" type="stmt"/>
        <line num="1210" count="0" type="stmt"/>
        <line num="1211" count="0" type="stmt"/>
        <line num="1214" count="0" type="stmt"/>
        <line num="1215" count="0" type="stmt"/>
        <line num="1217" count="0" type="stmt"/>
        <line num="1239" count="37" type="stmt"/>
        <line num="1240" count="0" type="stmt"/>
        <line num="1241" count="0" type="stmt"/>
        <line num="1242" count="0" type="stmt"/>
        <line num="1243" count="0" type="stmt"/>
        <line num="1244" count="0" type="stmt"/>
        <line num="1246" count="0" type="stmt"/>
        <line num="1248" count="0" type="stmt"/>
        <line num="1253" count="0" type="stmt"/>
        <line num="1254" count="0" type="stmt"/>
        <line num="1257" count="0" type="stmt"/>
        <line num="1258" count="0" type="stmt"/>
        <line num="1261" count="0" type="stmt"/>
        <line num="1262" count="0" type="stmt"/>
        <line num="1277" count="0" type="stmt"/>
        <line num="1280" count="0" type="stmt"/>
        <line num="1281" count="0" type="stmt"/>
        <line num="1288" count="0" type="stmt"/>
        <line num="1289" count="0" type="stmt"/>
        <line num="1290" count="0" type="stmt"/>
        <line num="1291" count="0" type="stmt"/>
        <line num="1292" count="0" type="stmt"/>
        <line num="1294" count="0" type="stmt"/>
        <line num="1297" count="0" type="stmt"/>
        <line num="1299" count="0" type="stmt"/>
        <line num="1300" count="0" type="cond" truecount="0" falsecount="2"/>
        <line num="1301" count="0" type="stmt"/>
        <line num="1303" count="0" type="cond" truecount="0" falsecount="2"/>
        <line num="1304" count="0" type="stmt"/>
        <line num="1306" count="0" type="cond" truecount="0" falsecount="2"/>
        <line num="1307" count="0" type="stmt"/>
        <line num="1309" count="0" type="cond" truecount="0" falsecount="2"/>
        <line num="1310" count="0" type="stmt"/>
        <line num="1312" count="0" type="cond" truecount="0" falsecount="2"/>
        <line num="1313" count="0" type="stmt"/>
        <line num="1315" count="0" type="cond" truecount="0" falsecount="2"/>
        <line num="1318" count="0" type="cond" truecount="0" falsecount="2"/>
        <line num="1322" count="37" type="stmt"/>
        <line num="1323" count="1" type="stmt"/>
        <line num="1324" count="1" type="stmt"/>
        <line num="1327" count="1" type="stmt"/>
        <line num="1329" count="1" type="stmt"/>
        <line num="1331" count="1" type="stmt"/>
        <line num="1332" count="1" type="stmt"/>
        <line num="1334" count="0" type="stmt"/>
        <line num="1336" count="1" type="stmt"/>
        <line num="1337" count="1" type="stmt"/>
        <line num="1344" count="1" type="stmt"/>
        <line num="1345" count="1" type="stmt"/>
        <line num="1346" count="1" type="stmt"/>
        <line num="1347" count="1" type="stmt"/>
        <line num="1348" count="1" type="stmt"/>
        <line num="1349" count="1" type="stmt"/>
        <line num="1350" count="1" type="stmt"/>
        <line num="1355" count="1" type="cond" truecount="1" falsecount="1"/>
        <line num="1356" count="0" type="stmt"/>
        <line num="1362" count="1" type="stmt"/>
        <line num="1364" count="0" type="stmt"/>
        <line num="1367" count="1" type="stmt"/>
        <line num="1368" count="0" type="stmt"/>
        <line num="1373" count="37" type="stmt"/>
        <line num="1374" count="0" type="stmt"/>
        <line num="1375" count="0" type="stmt"/>
        <line num="1376" count="0" type="stmt"/>
        <line num="1377" count="0" type="stmt"/>
        <line num="1378" count="0" type="cond" truecount="0" falsecount="2"/>
        <line num="1379" count="0" type="stmt"/>
        <line num="1381" count="0" type="stmt"/>
        <line num="1382" count="0" type="stmt"/>
        <line num="1384" count="0" type="stmt"/>
        <line num="1388" count="0" type="stmt"/>
        <line num="1389" count="0" type="stmt"/>
        <line num="1391" count="0" type="stmt"/>
        <line num="1392" count="0" type="stmt"/>
        <line num="1393" count="0" type="cond" truecount="0" falsecount="2"/>
        <line num="1394" count="0" type="stmt"/>
        <line num="1399" count="0" type="stmt"/>
        <line num="1406" count="0" type="stmt"/>
        <line num="1407" count="0" type="stmt"/>
        <line num="1408" count="0" type="stmt"/>
        <line num="1413" count="0" type="stmt"/>
        <line num="1414" count="0" type="stmt"/>
        <line num="1421" count="0" type="stmt"/>
        <line num="1422" count="0" type="stmt"/>
        <line num="1423" count="0" type="stmt"/>
        <line num="1424" count="0" type="stmt"/>
        <line num="1425" count="0" type="stmt"/>
        <line num="1426" count="0" type="stmt"/>
        <line num="1432" count="0" type="stmt"/>
        <line num="1435" count="0" type="stmt"/>
        <line num="1437" count="0" type="cond" truecount="0" falsecount="2"/>
        <line num="1439" count="0" type="stmt"/>
        <line num="1440" count="0" type="stmt"/>
        <line num="1445" count="37" type="stmt"/>
        <line num="1446" count="0" type="stmt"/>
        <line num="1452" count="0" type="stmt"/>
        <line num="1453" count="0" type="stmt"/>
        <line num="1456" count="37" type="stmt"/>
        <line num="1457" count="37" type="stmt"/>
        <line num="1533" count="37" type="stmt"/>
        <line num="1541" count="1" type="stmt"/>
        <line num="1542" count="37" type="stmt"/>
        <line num="1543" count="37" type="cond" truecount="1" falsecount="1"/>
        <line num="1544" count="0" type="stmt"/>
        <line num="1546" count="37" type="stmt"/>
      </file>
    </package>
    <package name="data">
      <metrics statements="35" coveredstatements="26" conditionals="43" coveredconditionals="33" methods="1" coveredmethods="1"/>
      <file name="foodDatabase.ts" path="C:\Users\navee\Videos\Calorify\calori\src\data\foodDatabase.ts">
        <metrics statements="35" coveredstatements="26" conditionals="43" coveredconditionals="33" methods="1" coveredmethods="1"/>
        <line num="3" count="2" type="stmt"/>
        <line num="1030" count="2" type="stmt"/>
        <line num="1036" count="8" type="cond" truecount="2" falsecount="0"/>
        <line num="1037" count="6" type="cond" truecount="4" falsecount="0"/>
        <line num="1038" count="1" type="stmt"/>
        <line num="1040" count="5" type="cond" truecount="1" falsecount="1"/>
        <line num="1042" count="5" type="cond" truecount="2" falsecount="0"/>
        <line num="1043" count="1" type="stmt"/>
        <line num="1045" count="4" type="cond" truecount="1" falsecount="1"/>
        <line num="1046" count="0" type="stmt"/>
        <line num="1048" count="4" type="cond" truecount="1" falsecount="1"/>
        <line num="1049" count="0" type="stmt"/>
        <line num="1051" count="4" type="cond" truecount="3" falsecount="1"/>
        <line num="1052" count="0" type="stmt"/>
        <line num="1054" count="4" type="cond" truecount="2" falsecount="0"/>
        <line num="1055" count="1" type="stmt"/>
        <line num="1057" count="3" type="cond" truecount="1" falsecount="1"/>
        <line num="1058" count="0" type="stmt"/>
        <line num="1060" count="3" type="cond" truecount="1" falsecount="1"/>
        <line num="1061" count="0" type="stmt"/>
        <line num="1063" count="3" type="cond" truecount="1" falsecount="1"/>
        <line num="1064" count="0" type="stmt"/>
        <line num="1066" count="3" type="cond" truecount="1" falsecount="1"/>
        <line num="1067" count="0" type="stmt"/>
        <line num="1069" count="3" type="cond" truecount="4" falsecount="1"/>
        <line num="1070" count="0" type="stmt"/>
        <line num="1072" count="3" type="cond" truecount="1" falsecount="1"/>
        <line num="1073" count="0" type="stmt"/>
        <line num="1077" count="3" type="cond" truecount="2" falsecount="0"/>
        <line num="1078" count="3" type="cond" truecount="2" falsecount="0"/>
        <line num="1079" count="3" type="cond" truecount="2" falsecount="0"/>
        <line num="1080" count="1" type="stmt"/>
        <line num="1082" count="2" type="cond" truecount="2" falsecount="0"/>
        <line num="1083" count="1" type="stmt"/>
        <line num="1085" count="1" type="stmt"/>
      </file>
    </package>
    <package name="services.ai.config">
      <metrics statements="1" coveredstatements="1" conditionals="0" coveredconditionals="0" methods="0" coveredmethods="0"/>
      <file name="AIConfig.ts" path="C:\Users\navee\Videos\Calorify\calori\src\services\ai\config\AIConfig.ts">
        <metrics statements="1" coveredstatements="1" conditionals="0" coveredconditionals="0" methods="0" coveredmethods="0"/>
        <line num="6" count="6" type="stmt"/>
      </file>
    </package>
    <package name="services.ai.errors">
      <metrics statements="73" coveredstatements="69" conditionals="63" coveredconditionals="58" methods="3" coveredmethods="3"/>
      <file name="AIErrorMapper.ts" path="C:\Users\navee\Videos\Calorify\calori\src\services\ai\errors\AIErrorMapper.ts">
        <metrics statements="73" coveredstatements="69" conditionals="63" coveredconditionals="58" methods="3" coveredmethods="3"/>
        <line num="8" count="13" type="cond" truecount="2" falsecount="0"/>
        <line num="9" count="1" type="stmt"/>
        <line num="13" count="12" type="cond" truecount="5" falsecount="0"/>
        <line num="14" count="1" type="stmt"/>
        <line num="17" count="11" type="cond" truecount="1" falsecount="1"/>
        <line num="18" count="11" type="cond" truecount="2" falsecount="0"/>
        <line num="21" count="11" type="cond" truecount="2" falsecount="0"/>
        <line num="22" count="2" type="cond" truecount="4" falsecount="0"/>
        <line num="23" count="1" type="stmt"/>
        <line num="25" count="1" type="stmt"/>
        <line num="28" count="9" type="cond" truecount="2" falsecount="0"/>
        <line num="29" count="1" type="stmt"/>
        <line num="32" count="8" type="cond" truecount="2" falsecount="0"/>
        <line num="33" count="2" type="cond" truecount="4" falsecount="0"/>
        <line num="34" count="1" type="stmt"/>
        <line num="36" count="1" type="stmt"/>
        <line num="39" count="6" type="cond" truecount="4" falsecount="0"/>
        <line num="40" count="2" type="stmt"/>
        <line num="44" count="4" type="cond" truecount="4" falsecount="0"/>
        <line num="45" count="2" type="cond" truecount="2" falsecount="0"/>
        <line num="46" count="1" type="stmt"/>
        <line num="48" count="1" type="stmt"/>
        <line num="51" count="2" type="cond" truecount="5" falsecount="0"/>
        <line num="52" count="1" type="stmt"/>
        <line num="55" count="1" type="cond" truecount="1" falsecount="1"/>
        <line num="68" count="35" type="stmt"/>
        <line num="75" count="35" type="stmt"/>
        <line num="82" count="36" type="cond" truecount="11" falsecount="2"/>
        <line num="84" count="1" type="stmt"/>
        <line num="85" count="1" type="stmt"/>
        <line num="86" count="1" type="stmt"/>
        <line num="87" count="1" type="stmt"/>
        <line num="91" count="3" type="stmt"/>
        <line num="92" count="3" type="stmt"/>
        <line num="93" count="3" type="stmt"/>
        <line num="94" count="3" type="stmt"/>
        <line num="97" count="1" type="stmt"/>
        <line num="98" count="1" type="stmt"/>
        <line num="99" count="1" type="stmt"/>
        <line num="100" count="1" type="stmt"/>
        <line num="103" count="2" type="stmt"/>
        <line num="104" count="2" type="cond" truecount="2" falsecount="0"/>
        <line num="105" count="2" type="stmt"/>
        <line num="106" count="2" type="stmt"/>
        <line num="109" count="1" type="stmt"/>
        <line num="110" count="1" type="stmt"/>
        <line num="111" count="1" type="stmt"/>
        <line num="112" count="1" type="stmt"/>
        <line num="115" count="1" type="stmt"/>
        <line num="116" count="1" type="stmt"/>
        <line num="117" count="1" type="stmt"/>
        <line num="118" count="1" type="stmt"/>
        <line num="121" count="2" type="stmt"/>
        <line num="122" count="2" type="stmt"/>
        <line num="123" count="2" type="stmt"/>
        <line num="124" count="2" type="stmt"/>
        <line num="127" count="5" type="stmt"/>
        <line num="128" count="5" type="stmt"/>
        <line num="129" count="5" type="stmt"/>
        <line num="130" count="5" type="stmt"/>
        <line num="133" count="1" type="stmt"/>
        <line num="134" count="1" type="stmt"/>
        <line num="135" count="1" type="stmt"/>
        <line num="136" count="1" type="stmt"/>
        <line num="140" count="0" type="stmt"/>
        <line num="141" count="0" type="stmt"/>
        <line num="142" count="0" type="stmt"/>
        <line num="143" count="0" type="stmt"/>
        <line num="146" count="19" type="stmt"/>
        <line num="147" count="19" type="cond" truecount="1" falsecount="1"/>
        <line num="148" count="19" type="cond" truecount="2" falsecount="0"/>
        <line num="149" count="19" type="stmt"/>
        <line num="152" count="36" type="stmt"/>
      </file>
    </package>
    <package name="services.ai.gateway">
      <metrics statements="33" coveredstatements="33" conditionals="14" coveredconditionals="13" methods="4" coveredmethods="4"/>
      <file name="AIRateLimiter.ts" path="C:\Users\navee\Videos\Calorify\calori\src\services\ai\gateway\AIRateLimiter.ts">
        <metrics statements="33" coveredstatements="33" conditionals="14" coveredconditionals="13" methods="4" coveredmethods="4"/>
        <line num="6" count="1" type="stmt"/>
        <line num="7" count="1" type="stmt"/>
        <line num="8" count="1" type="stmt"/>
        <line num="9" count="1" type="stmt"/>
        <line num="15" count="6" type="stmt"/>
        <line num="18" count="6" type="stmt"/>
        <line num="19" count="6" type="cond" truecount="4" falsecount="0"/>
        <line num="20" count="1" type="stmt"/>
        <line num="21" count="1" type="stmt"/>
        <line num="31" count="11" type="stmt"/>
        <line num="32" count="5" type="cond" truecount="2" falsecount="0"/>
        <line num="33" count="1" type="stmt"/>
        <line num="34" count="1" type="stmt"/>
        <line num="35" count="1" type="stmt"/>
        <line num="45" count="4" type="stmt"/>
        <line num="46" count="4" type="cond" truecount="2" falsecount="0"/>
        <line num="47" count="2" type="stmt"/>
        <line num="48" count="2" type="stmt"/>
        <line num="49" count="2" type="cond" truecount="3" falsecount="1"/>
        <line num="52" count="4" type="stmt"/>
        <line num="54" count="4" type="cond" truecount="2" falsecount="0"/>
        <line num="55" count="1" type="stmt"/>
        <line num="64" count="3" type="stmt"/>
        <line num="76" count="12" type="stmt"/>
        <line num="77" count="12" type="stmt"/>
        <line num="78" count="12" type="stmt"/>
        <line num="80" count="12" type="stmt"/>
        <line num="81" count="12" type="stmt"/>
        <line num="82" count="12" type="stmt"/>
        <line num="83" count="12" type="stmt"/>
        <line num="93" count="6" type="stmt"/>
        <line num="94" count="6" type="stmt"/>
        <line num="98" count="1" type="stmt"/>
      </file>
    </package>
    <package name="services.ai.memory">
      <metrics statements="27" coveredstatements="27" conditionals="11" coveredconditionals="11" methods="6" coveredmethods="6"/>
      <file name="GeminiTokenEstimator.ts" path="C:\Users\navee\Videos\Calorify\calori\src\services\ai\memory\GeminiTokenEstimator.ts">
        <metrics statements="12" coveredstatements="12" conditionals="8" coveredconditionals="8" methods="4" coveredmethods="4"/>
        <line num="9" count="974" type="cond" truecount="2" falsecount="0"/>
        <line num="11" count="968" type="stmt"/>
        <line num="12" count="968" type="stmt"/>
        <line num="13" count="950095" type="cond" truecount="2" falsecount="0"/>
        <line num="14" count="8" type="stmt"/>
        <line num="18" count="968" type="stmt"/>
        <line num="20" count="968" type="stmt"/>
        <line num="22" count="968" type="stmt"/>
        <line num="24" count="968" type="stmt"/>
        <line num="31" count="31" type="cond" truecount="4" falsecount="0"/>
        <line num="32" count="955" type="stmt"/>
        <line num="39" count="1" type="stmt"/>
      </file>
      <file name="TokenBudgetManager.ts" path="C:\Users\navee\Videos\Calorify\calori\src\services\ai\memory\TokenBudgetManager.ts">
        <metrics statements="15" coveredstatements="15" conditionals="3" coveredconditionals="3" methods="2" coveredmethods="2"/>
        <line num="21" count="4" type="stmt"/>
        <line num="22" count="4" type="stmt"/>
        <line num="23" count="4" type="stmt"/>
        <line num="25" count="4" type="stmt"/>
        <line num="26" count="4" type="stmt"/>
        <line num="27" count="4" type="stmt"/>
        <line num="30" count="54" type="stmt"/>
        <line num="31" count="4" type="stmt"/>
        <line num="33" count="4" type="stmt"/>
        <line num="36" count="4" type="cond" truecount="2" falsecount="0"/>
        <line num="37" count="24" type="stmt"/>
        <line num="38" count="24" type="stmt"/>
        <line num="41" count="4" type="stmt"/>
        <line num="43" count="4" type="stmt"/>
        <line num="55" count="4" type="stmt"/>
      </file>
    </package>
    <package name="services.ai.validation">
      <metrics statements="86" coveredstatements="86" conditionals="83" coveredconditionals="78" methods="5" coveredmethods="5"/>
      <file name="AIInputValidator.ts" path="C:\Users\navee\Videos\Calorify\calori\src\services\ai\validation\AIInputValidator.ts">
        <metrics statements="17" coveredstatements="17" conditionals="10" coveredconditionals="10" methods="2" coveredmethods="2"/>
        <line num="6" count="1" type="stmt"/>
        <line num="15" count="1" type="stmt"/>
        <line num="28" count="13" type="cond" truecount="4" falsecount="0"/>
        <line num="29" count="3" type="stmt"/>
        <line num="37" count="10" type="stmt"/>
        <line num="43" count="10" type="cond" truecount="2" falsecount="0"/>
        <line num="44" count="2" type="stmt"/>
        <line num="57" count="8" type="cond" truecount="2" falsecount="0"/>
        <line num="58" count="1" type="stmt"/>
        <line num="71" count="7" type="stmt"/>
        <line num="74" count="7" type="stmt"/>
        <line num="75" count="30" type="cond" truecount="2" falsecount="0"/>
        <line num="76" count="2" type="stmt"/>
        <line num="93" count="5" type="stmt"/>
        <line num="94" count="25" type="stmt"/>
        <line num="97" count="5" type="stmt"/>
        <line num="107" count="1" type="stmt"/>
      </file>
      <file name="AIOutputValidator.ts" path="C:\Users\navee\Videos\Calorify\calori\src\services\ai\validation\AIOutputValidator.ts">
        <metrics statements="49" coveredstatements="49" conditionals="52" coveredconditionals="51" methods="2" coveredmethods="2"/>
        <line num="6" count="1" type="stmt"/>
        <line num="8" count="1" type="stmt"/>
        <line num="18" count="11" type="cond" truecount="4" falsecount="0"/>
        <line num="19" count="3" type="stmt"/>
        <line num="31" count="8" type="stmt"/>
        <line num="33" count="8" type="stmt"/>
        <line num="38" count="8" type="stmt"/>
        <line num="40" count="1" type="stmt"/>
        <line num="51" count="7" type="cond" truecount="4" falsecount="0"/>
        <line num="52" count="1" type="stmt"/>
        <line num="63" count="6" type="stmt"/>
        <line num="64" count="6" type="stmt"/>
        <line num="66" count="6" type="cond" truecount="2" falsecount="0"/>
        <line num="67" count="6" type="cond" truecount="2" falsecount="0"/>
        <line num="68" count="6" type="cond" truecount="2" falsecount="0"/>
        <line num="69" count="6" type="cond" truecount="2" falsecount="0"/>
        <line num="70" count="6" type="cond" truecount="2" falsecount="0"/>
        <line num="73" count="6" type="cond" truecount="2" falsecount="0"/>
        <line num="74" count="6" type="cond" truecount="2" falsecount="0"/>
        <line num="75" count="6" type="cond" truecount="2" falsecount="0"/>
        <line num="76" count="6" type="cond" truecount="2" falsecount="0"/>
        <line num="77" count="6" type="cond" truecount="2" falsecount="0"/>
        <line num="82" count="6" type="stmt"/>
        <line num="86" count="6" type="cond" truecount="4" falsecount="0"/>
        <line num="87" count="4" type="stmt"/>
        <line num="88" count="4" type="stmt"/>
        <line num="90" count="4" type="cond" truecount="2" falsecount="0"/>
        <line num="91" count="1" type="stmt"/>
        <line num="94" count="1" type="stmt"/>
        <line num="95" count="1" type="stmt"/>
        <line num="97" count="2" type="cond" truecount="3" falsecount="1"/>
        <line num="99" count="2" type="stmt"/>
        <line num="100" count="2" type="stmt"/>
        <line num="101" count="2" type="stmt"/>
        <line num="102" count="2" type="stmt"/>
        <line num="103" count="2" type="stmt"/>
        <line num="106" count="6" type="stmt"/>
        <line num="122" count="6" type="stmt"/>
        <line num="134" count="5" type="cond" truecount="4" falsecount="0"/>
        <line num="135" count="2" type="stmt"/>
        <line num="146" count="3" type="stmt"/>
        <line num="147" count="3" type="stmt"/>
        <line num="149" count="3" type="stmt"/>
        <line num="150" count="4" type="cond" truecount="2" falsecount="0"/>
        <line num="151" count="2" type="cond" truecount="2" falsecount="0"/>
        <line num="152" count="1" type="stmt"/>
        <line num="153" count="1" type="stmt"/>
        <line num="155" count="2" type="stmt"/>
        <line num="159" count="3" type="stmt"/>
      </file>
      <file name="EdgeImagePreprocessor.ts" path="C:\Users\navee\Videos\Calorify\calori\src\services\ai\validation\EdgeImagePreprocessor.ts">
        <metrics statements="20" coveredstatements="20" conditionals="21" coveredconditionals="17" methods="1" coveredmethods="1"/>
        <line num="19" count="9" type="cond" truecount="4" falsecount="0"/>
        <line num="20" count="3" type="stmt"/>
        <line num="34" count="6" type="stmt"/>
        <line num="35" count="6" type="stmt"/>
        <line num="38" count="6" type="cond" truecount="2" falsecount="0"/>
        <line num="39" count="1" type="stmt"/>
        <line num="40" count="1" type="cond" truecount="1" falsecount="1"/>
        <line num="41" count="1" type="stmt"/>
        <line num="42" count="1" type="stmt"/>
        <line num="43" count="1" type="cond" truecount="3" falsecount="1"/>
        <line num="44" count="1" type="stmt"/>
        <line num="46" count="1" type="stmt"/>
        <line num="51" count="6" type="stmt"/>
        <line num="54" count="6" type="cond" truecount="2" falsecount="2"/>
        <line num="55" count="6" type="stmt"/>
        <line num="57" count="6" type="cond" truecount="2" falsecount="0"/>
        <line num="58" count="1" type="stmt"/>
        <line num="73" count="5" type="cond" truecount="2" falsecount="0"/>
        <line num="74" count="1" type="stmt"/>
        <line num="88" count="4" type="stmt"/>
      </file>
    </package>
    <package name="theme">
      <metrics statements="1" coveredstatements="1" conditionals="0" coveredconditionals="0" methods="0" coveredmethods="0"/>
      <file name="typography.ts" path="C:\Users\navee\Videos\Calorify\calori\src\theme\typography.ts">
        <metrics statements="1" coveredstatements="1" conditionals="0" coveredconditionals="0" methods="0" coveredmethods="0"/>
        <line num="1" count="1" type="stmt"/>
      </file>
    </package>
  </project>
</coverage>
