{"C:\\Users\\navee\\Videos\\Calorify\\calori\\src\\components\\common\\MarkdownText.tsx": {"path":"C:\\Users\\navee\\Videos\\Calorify\\calori\\src\\components\\common\\MarkdownText.tsx","statementMap":{"0":{"start":{"line":19,"column":2},"end":{"line":19,"column":104}},"1":{"start":{"line":21,"column":57},"end":{"line":263,"column":1}},"2":{"start":{"line":27,"column":2},"end":{"line":27,"column":28}},"3":{"start":{"line":27,"column":16},"end":{"line":27,"column":28}},"4":{"start":{"line":30,"column":18},"end":{"line":30,"column":25}},"5":{"start":{"line":31,"column":30},"end":{"line":31,"column":69}},"6":{"start":{"line":32,"column":2},"end":{"line":34,"column":3}},"7":{"start":{"line":33,"column":4},"end":{"line":33,"column":22}},"8":{"start":{"line":36,"column":16},"end":{"line":36,"column":37}},"9":{"start":{"line":39,"column":29},"end":{"line":117,"column":3}},"10":{"start":{"line":40,"column":19},"end":{"line":40,"column":50}},"11":{"start":{"line":42,"column":4},"end":{"line":116,"column":7}},"12":{"start":{"line":43,"column":18},"end":{"line":43,"column":43}},"13":{"start":{"line":45,"column":6},"end":{"line":45,"column":30}},"14":{"start":{"line":45,"column":18},"end":{"line":45,"column":30}},"15":{"start":{"line":48,"column":6},"end":{"line":64,"column":7}},"16":{"start":{"line":52,"column":8},"end":{"line":63,"column":10}},"17":{"start":{"line":67,"column":6},"end":{"line":79,"column":7}},"18":{"start":{"line":71,"column":8},"end":{"line":78,"column":10}},"19":{"start":{"line":82,"column":6},"end":{"line":91,"column":7}},"20":{"start":{"line":86,"column":8},"end":{"line":90,"column":10}},"21":{"start":{"line":94,"column":6},"end":{"line":103,"column":7}},"22":{"start":{"line":95,"column":8},"end":{"line":102,"column":10}},"23":{"start":{"line":106,"column":6},"end":{"line":112,"column":7}},"24":{"start":{"line":107,"column":8},"end":{"line":111,"column":10}},"25":{"start":{"line":115,"column":6},"end":{"line":115,"column":44}},"26":{"start":{"line":119,"column":2},"end":{"line":262,"column":4}},"27":{"start":{"line":122,"column":24},"end":{"line":122,"column":35}},"28":{"start":{"line":125,"column":8},"end":{"line":127,"column":9}},"29":{"start":{"line":126,"column":10},"end":{"line":126,"column":83}},"30":{"start":{"line":130,"column":8},"end":{"line":144,"column":9}},"31":{"start":{"line":131,"column":10},"end":{"line":143,"column":12}},"32":{"start":{"line":146,"column":8},"end":{"line":160,"column":9}},"33":{"start":{"line":147,"column":10},"end":{"line":159,"column":12}},"34":{"start":{"line":162,"column":8},"end":{"line":176,"column":9}},"35":{"start":{"line":163,"column":10},"end":{"line":175,"column":12}},"36":{"start":{"line":179,"column":28},"end":{"line":179,"column":61}},"37":{"start":{"line":180,"column":8},"end":{"line":197,"column":9}},"38":{"start":{"line":181,"column":32},"end":{"line":181,"column":46}},"39":{"start":{"line":182,"column":10},"end":{"line":196,"column":12}},"40":{"start":{"line":200,"column":30},"end":{"line":200,"column":65}},"41":{"start":{"line":201,"column":8},"end":{"line":219,"column":9}},"42":{"start":{"line":202,"column":31},"end":{"line":202,"column":47}},"43":{"start":{"line":203,"column":34},"end":{"line":203,"column":50}},"44":{"start":{"line":204,"column":10},"end":{"line":218,"column":12}},"45":{"start":{"line":222,"column":8},"end":{"line":243,"column":9}},"46":{"start":{"line":223,"column":10},"end":{"line":242,"column":12}},"47":{"start":{"line":246,"column":8},"end":{"line":259,"column":10}},"48":{"start":{"line":265,"column":15},"end":{"line":391,"column":2}}},"fnMap":{"0":{"name":"(anonymous_0)","decl":{"start":{"line":21,"column":57},"end":{"line":21,"column":58}},"loc":{"start":{"line":26,"column":6},"end":{"line":263,"column":1}},"line":26},"1":{"name":"(anonymous_1)","decl":{"start":{"line":39,"column":29},"end":{"line":39,"column":30}},"loc":{"start":{"line":39,"column":80},"end":{"line":117,"column":3}},"line":39},"2":{"name":"(anonymous_2)","decl":{"start":{"line":42,"column":22},"end":{"line":42,"column":23}},"loc":{"start":{"line":42,"column":38},"end":{"line":116,"column":5}},"line":42},"3":{"name":"(anonymous_3)","decl":{"start":{"line":121,"column":17},"end":{"line":121,"column":18}},"loc":{"start":{"line":121,"column":36},"end":{"line":260,"column":7}},"line":121}},"branchMap":{"0":{"loc":{"start":{"line":23,"column":2},"end":{"line":23,"column":16}},"type":"default-arg","locations":[{"start":{"line":23,"column":11},"end":{"line":23,"column":16}}],"line":23},"1":{"loc":{"start":{"line":27,"column":2},"end":{"line":27,"column":28}},"type":"if","locations":[{"start":{"line":27,"column":2},"end":{"line":27,"column":28}},{"start":{},"end":{}}],"line":27},"2":{"loc":{"start":{"line":31,"column":31},"end":{"line":31,"column":61}},"type":"binary-expr","locations":[{"start":{"line":31,"column":31},"end":{"line":31,"column":55}},{"start":{"line":31,"column":59},"end":{"line":31,"column":61}}],"line":31},"3":{"loc":{"start":{"line":32,"column":2},"end":{"line":34,"column":3}},"type":"if","locations":[{"start":{"line":32,"column":2},"end":{"line":34,"column":3}},{"start":{},"end":{}}],"line":32},"4":{"loc":{"start":{"line":45,"column":6},"end":{"line":45,"column":30}},"type":"if","locations":[{"start":{"line":45,"column":6},"end":{"line":45,"column":30}},{"start":{},"end":{}}],"line":45},"5":{"loc":{"start":{"line":48,"column":6},"end":{"line":64,"column":7}},"type":"if","locations":[{"start":{"line":48,"column":6},"end":{"line":64,"column":7}},{"start":{},"end":{}}],"line":48},"6":{"loc":{"start":{"line":49,"column":8},"end":{"line":50,"column":79}},"type":"binary-expr","locations":[{"start":{"line":49,"column":9},"end":{"line":49,"column":32}},{"start":{"line":49,"column":36},"end":{"line":49,"column":57}},{"start":{"line":49,"column":61},"end":{"line":49,"column":78}},{"start":{"line":50,"column":9},"end":{"line":50,"column":32}},{"start":{"line":50,"column":36},"end":{"line":50,"column":57}},{"start":{"line":50,"column":61},"end":{"line":50,"column":78}}],"line":49},"7":{"loc":{"start":{"line":58,"column":14},"end":{"line":58,"column":55}},"type":"cond-expr","locations":[{"start":{"line":58,"column":23},"end":{"line":58,"column":38}},{"start":{"line":58,"column":41},"end":{"line":58,"column":55}}],"line":58},"8":{"loc":{"start":{"line":67,"column":6},"end":{"line":79,"column":7}},"type":"if","locations":[{"start":{"line":67,"column":6},"end":{"line":79,"column":7}},{"start":{},"end":{}}],"line":67},"9":{"loc":{"start":{"line":68,"column":8},"end":{"line":69,"column":77}},"type":"binary-expr","locations":[{"start":{"line":68,"column":9},"end":{"line":68,"column":31}},{"start":{"line":68,"column":35},"end":{"line":68,"column":55}},{"start":{"line":68,"column":59},"end":{"line":68,"column":76}},{"start":{"line":69,"column":9},"end":{"line":69,"column":31}},{"start":{"line":69,"column":35},"end":{"line":69,"column":55}},{"start":{"line":69,"column":59},"end":{"line":69,"column":76}}],"line":68},"10":{"loc":{"start":{"line":74,"column":37},"end":{"line":74,"column":78}},"type":"cond-expr","locations":[{"start":{"line":74,"column":46},"end":{"line":74,"column":61}},{"start":{"line":74,"column":64},"end":{"line":74,"column":78}}],"line":74},"11":{"loc":{"start":{"line":82,"column":6},"end":{"line":91,"column":7}},"type":"if","locations":[{"start":{"line":82,"column":6},"end":{"line":91,"column":7}},{"start":{},"end":{}}],"line":82},"12":{"loc":{"start":{"line":83,"column":8},"end":{"line":84,"column":75}},"type":"binary-expr","locations":[{"start":{"line":83,"column":9},"end":{"line":83,"column":30}},{"start":{"line":83,"column":34},"end":{"line":83,"column":53}},{"start":{"line":83,"column":57},"end":{"line":83,"column":74}},{"start":{"line":84,"column":9},"end":{"line":84,"column":30}},{"start":{"line":84,"column":34},"end":{"line":84,"column":53}},{"start":{"line":84,"column":57},"end":{"line":84,"column":74}}],"line":83},"13":{"loc":{"start":{"line":94,"column":6},"end":{"line":103,"column":7}},"type":"if","locations":[{"start":{"line":94,"column":6},"end":{"line":103,"column":7}},{"start":{},"end":{}}],"line":94},"14":{"loc":{"start":{"line":94,"column":10},"end":{"line":94,"column":75}},"type":"binary-expr","locations":[{"start":{"line":94,"column":10},"end":{"line":94,"column":31}},{"start":{"line":94,"column":35},"end":{"line":94,"column":54}},{"start":{"line":94,"column":58},"end":{"line":94,"column":75}}],"line":94},"15":{"loc":{"start":{"line":98,"column":37},"end":{"line":98,"column":78}},"type":"cond-expr","locations":[{"start":{"line":98,"column":46},"end":{"line":98,"column":61}},{"start":{"line":98,"column":64},"end":{"line":98,"column":78}}],"line":98},"16":{"loc":{"start":{"line":106,"column":6},"end":{"line":112,"column":7}},"type":"if","locations":[{"start":{"line":106,"column":6},"end":{"line":112,"column":7}},{"start":{},"end":{}}],"line":106},"17":{"loc":{"start":{"line":106,"column":10},"end":{"line":106,"column":77}},"type":"binary-expr","locations":[{"start":{"line":106,"column":10},"end":{"line":106,"column":32}},{"start":{"line":106,"column":36},"end":{"line":106,"column":56}},{"start":{"line":106,"column":60},"end":{"line":106,"column":77}}],"line":106},"18":{"loc":{"start":{"line":125,"column":8},"end":{"line":127,"column":9}},"type":"if","locations":[{"start":{"line":125,"column":8},"end":{"line":127,"column":9}},{"start":{},"end":{}}],"line":125},"19":{"loc":{"start":{"line":130,"column":8},"end":{"line":144,"column":9}},"type":"if","locations":[{"start":{"line":130,"column":8},"end":{"line":144,"column":9}},{"start":{},"end":{}}],"line":130},"20":{"loc":{"start":{"line":138,"column":16},"end":{"line":138,"column":63}},"type":"cond-expr","locations":[{"start":{"line":138,"column":25},"end":{"line":138,"column":43}},{"start":{"line":138,"column":46},"end":{"line":138,"column":63}}],"line":138},"21":{"loc":{"start":{"line":146,"column":8},"end":{"line":160,"column":9}},"type":"if","locations":[{"start":{"line":146,"column":8},"end":{"line":160,"column":9}},{"start":{},"end":{}}],"line":146},"22":{"loc":{"start":{"line":154,"column":16},"end":{"line":154,"column":63}},"type":"cond-expr","locations":[{"start":{"line":154,"column":25},"end":{"line":154,"column":43}},{"start":{"line":154,"column":46},"end":{"line":154,"column":63}}],"line":154},"23":{"loc":{"start":{"line":162,"column":8},"end":{"line":176,"column":9}},"type":"if","locations":[{"start":{"line":162,"column":8},"end":{"line":176,"column":9}},{"start":{},"end":{}}],"line":162},"24":{"loc":{"start":{"line":170,"column":16},"end":{"line":170,"column":63}},"type":"cond-expr","locations":[{"start":{"line":170,"column":25},"end":{"line":170,"column":43}},{"start":{"line":170,"column":46},"end":{"line":170,"column":63}}],"line":170},"25":{"loc":{"start":{"line":180,"column":8},"end":{"line":197,"column":9}},"type":"if","locations":[{"start":{"line":180,"column":8},"end":{"line":197,"column":9}},{"start":{},"end":{}}],"line":180},"26":{"loc":{"start":{"line":187,"column":27},"end":{"line":187,"column":57}},"type":"cond-expr","locations":[{"start":{"line":187,"column":36},"end":{"line":187,"column":45}},{"start":{"line":187,"column":48},"end":{"line":187,"column":57}}],"line":187},"27":{"loc":{"start":{"line":201,"column":8},"end":{"line":219,"column":9}},"type":"if","locations":[{"start":{"line":201,"column":8},"end":{"line":219,"column":9}},{"start":{},"end":{}}],"line":201},"28":{"loc":{"start":{"line":209,"column":27},"end":{"line":209,"column":57}},"type":"cond-expr","locations":[{"start":{"line":209,"column":36},"end":{"line":209,"column":45}},{"start":{"line":209,"column":48},"end":{"line":209,"column":57}}],"line":209},"29":{"loc":{"start":{"line":222,"column":8},"end":{"line":243,"column":9}},"type":"if","locations":[{"start":{"line":222,"column":8},"end":{"line":243,"column":9}},{"start":{},"end":{}}],"line":222},"30":{"loc":{"start":{"line":228,"column":16},"end":{"line":228,"column":69}},"type":"cond-expr","locations":[{"start":{"line":228,"column":25},"end":{"line":228,"column":46}},{"start":{"line":228,"column":49},"end":{"line":228,"column":69}}],"line":228},"31":{"loc":{"start":{"line":236,"column":18},"end":{"line":236,"column":69}},"type":"cond-expr","locations":[{"start":{"line":236,"column":27},"end":{"line":236,"column":47}},{"start":{"line":236,"column":50},"end":{"line":236,"column":69}}],"line":236},"32":{"loc":{"start":{"line":252,"column":14},"end":{"line":254,"column":22}},"type":"cond-expr","locations":[{"start":{"line":253,"column":18},"end":{"line":253,"column":39}},{"start":{"line":254,"column":18},"end":{"line":254,"column":22}}],"line":252},"33":{"loc":{"start":{"line":252,"column":14},"end":{"line":252,"column":61}},"type":"binary-expr","locations":[{"start":{"line":252,"column":14},"end":{"line":252,"column":25}},{"start":{"line":252,"column":29},"end":{"line":252,"column":61}}],"line":252},"34":{"loc":{"start":{"line":298,"column":16},"end":{"line":298,"column":61}},"type":"cond-expr","locations":[{"start":{"line":298,"column":40},"end":{"line":298,"column":47}},{"start":{"line":298,"column":50},"end":{"line":298,"column":61}}],"line":298}},"s":{"0":1,"1":1,"2":3,"3":0,"4":3,"5":3,"6":3,"7":0,"8":3,"9":3,"10":4,"11":4,"12":8,"13":8,"14":1,"15":7,"16":0,"17":7,"18":2,"19":5,"20":0,"21":5,"22":0,"23":5,"24":0,"25":5,"26":3,"27":5,"28":5,"29":1,"30":4,"31":0,"32":4,"33":0,"34":4,"35":1,"36":3,"37":3,"38":0,"39":0,"40":3,"41":3,"42":0,"43":0,"44":0,"45":3,"46":0,"47":3,"48":1},"f":{"0":3,"1":4,"2":8,"3":5},"b":{"0":[3],"1":[0,3],"2":[3,1],"3":[0,3],"4":[1,7],"5":[0,7],"6":[7,0,0,7,0,0],"7":[0,0],"8":[2,5],"9":[7,2,2,5,0,0],"10":[0,2],"11":[0,5],"12":[5,0,0,5,0,0],"13":[0,5],"14":[5,0,0],"15":[0,0],"16":[0,5],"17":[5,0,0],"18":[1,4],"19":[0,4],"20":[0,0],"21":[0,4],"22":[0,0],"23":[1,3],"24":[0,1],"25":[0,3],"26":[0,0],"27":[0,3],"28":[0,0],"29":[0,3],"30":[0,0],"31":[0,0],"32":[1,2],"33":[3,1],"34":[1,0]},"_coverageSchema":"1a1c01bbd47fc00a2c39e90264f33305004495a9","hash":"9a03bc2ec4a013f4dc6bb8375802b8ed9d7e825d"}
,"C:\\Users\\navee\\Videos\\Calorify\\calori\\src\\context\\HealthContext.tsx": {"path":"C:\\Users\\navee\\Videos\\Calorify\\calori\\src\\context\\HealthContext.tsx","statementMap":{"0":{"start":{"line":18,"column":28},"end":{"line":23,"column":1}},"1":{"start":{"line":25,"column":30},"end":{"line":25,"column":74}},"2":{"start":{"line":25,"column":47},"end":{"line":25,"column":74}},"3":{"start":{"line":26,"column":31},"end":{"line":26,"column":75}},"4":{"start":{"line":26,"column":48},"end":{"line":26,"column":75}},"5":{"start":{"line":27,"column":37},"end":{"line":27,"column":83}},"6":{"start":{"line":27,"column":54},"end":{"line":27,"column":83}},"7":{"start":{"line":34,"column":29},"end":{"line":61,"column":1}},"8":{"start":{"line":35,"column":2},"end":{"line":37,"column":3}},"9":{"start":{"line":36,"column":4},"end":{"line":36,"column":73}},"10":{"start":{"line":38,"column":21},"end":{"line":47,"column":3}},"11":{"start":{"line":40,"column":6},"end":{"line":46,"column":25}},"12":{"start":{"line":48,"column":26},"end":{"line":48,"column":80}},"13":{"start":{"line":48,"column":63},"end":{"line":48,"column":79}},"14":{"start":{"line":50,"column":4},"end":{"line":51,"column":61}},"15":{"start":{"line":50,"column":39},"end":{"line":50,"column":55}},"16":{"start":{"line":51,"column":34},"end":{"line":51,"column":60}},"17":{"start":{"line":52,"column":21},"end":{"line":52,"column":105}},"18":{"start":{"line":53,"column":21},"end":{"line":53,"column":99}},"19":{"start":{"line":54,"column":2},"end":{"line":60,"column":4}},"20":{"start":{"line":68,"column":2},"end":{"line":68,"column":55}},"21":{"start":{"line":68,"column":43},"end":{"line":68,"column":55}},"22":{"start":{"line":69,"column":2},"end":{"line":71,"column":3}},"23":{"start":{"line":70,"column":4},"end":{"line":70,"column":74}},"24":{"start":{"line":70,"column":30},"end":{"line":70,"column":56}},"25":{"start":{"line":72,"column":2},"end":{"line":80,"column":3}},"26":{"start":{"line":73,"column":41},"end":{"line":73,"column":43}},"27":{"start":{"line":74,"column":4},"end":{"line":78,"column":5}},"28":{"start":{"line":75,"column":6},"end":{"line":77,"column":7}},"29":{"start":{"line":76,"column":8},"end":{"line":76,"column":51}},"30":{"start":{"line":79,"column":4},"end":{"line":79,"column":24}},"31":{"start":{"line":81,"column":2},"end":{"line":81,"column":14}},"32":{"start":{"line":84,"column":33},"end":{"line":107,"column":1}},"33":{"start":{"line":109,"column":27},"end":{"line":114,"column":1}},"34":{"start":{"line":110,"column":12},"end":{"line":110,"column":30}},"35":{"start":{"line":111,"column":12},"end":{"line":111,"column":56}},"36":{"start":{"line":112,"column":12},"end":{"line":112,"column":51}},"37":{"start":{"line":113,"column":2},"end":{"line":113,"column":26}},"38":{"start":{"line":122,"column":29},"end":{"line":142,"column":1}},"39":{"start":{"line":123,"column":15},"end":{"line":123,"column":16}},"40":{"start":{"line":124,"column":16},"end":{"line":124,"column":26}},"41":{"start":{"line":125,"column":2},"end":{"line":140,"column":3}},"42":{"start":{"line":125,"column":15},"end":{"line":125,"column":16}},"43":{"start":{"line":126,"column":14},"end":{"line":126,"column":29}},"44":{"start":{"line":127,"column":4},"end":{"line":127,"column":35}},"45":{"start":{"line":128,"column":20},"end":{"line":128,"column":41}},"46":{"start":{"line":129,"column":16},"end":{"line":129,"column":29}},"47":{"start":{"line":131,"column":6},"end":{"line":134,"column":57}},"48":{"start":{"line":135,"column":4},"end":{"line":139,"column":5}},"49":{"start":{"line":136,"column":6},"end":{"line":136,"column":15}},"50":{"start":{"line":138,"column":6},"end":{"line":138,"column":12}},"51":{"start":{"line":141,"column":2},"end":{"line":141,"column":29}},"52":{"start":{"line":146,"column":31},"end":{"line":247,"column":1}},"53":{"start":{"line":147,"column":2},"end":{"line":246,"column":4}},"54":{"start":{"line":288,"column":22},"end":{"line":288,"column":77}},"55":{"start":{"line":290,"column":71},"end":{"line":1539,"column":1}},"56":{"start":{"line":291,"column":42},"end":{"line":291,"column":80}},"57":{"start":{"line":292,"column":36},"end":{"line":292,"column":70}},"58":{"start":{"line":293,"column":36},"end":{"line":293,"column":74}},"59":{"start":{"line":294,"column":40},"end":{"line":294,"column":64}},"60":{"start":{"line":295,"column":34},"end":{"line":295,"column":49}},"61":{"start":{"line":296,"column":40},"end":{"line":296,"column":71}},"62":{"start":{"line":297,"column":44},"end":{"line":297,"column":58}},"63":{"start":{"line":300,"column":26},"end":{"line":300,"column":39}},"64":{"start":{"line":301,"column":26},"end":{"line":301,"column":39}},"65":{"start":{"line":302,"column":25},"end":{"line":302,"column":38}},"66":{"start":{"line":303,"column":25},"end":{"line":303,"column":52}},"67":{"start":{"line":304,"column":34},"end":{"line":304,"column":84}},"68":{"start":{"line":305,"column":36},"end":{"line":305,"column":86}},"69":{"start":{"line":308,"column":34},"end":{"line":483,"column":3}},"70":{"start":{"line":309,"column":4},"end":{"line":309,"column":21}},"71":{"start":{"line":309,"column":14},"end":{"line":309,"column":21}},"72":{"start":{"line":310,"column":4},"end":{"line":310,"column":34}},"73":{"start":{"line":311,"column":4},"end":{"line":482,"column":5}},"74":{"start":{"line":312,"column":26},"end":{"line":312,"column":45}},"75":{"start":{"line":313,"column":27},"end":{"line":313,"column":47}},"76":{"start":{"line":316,"column":54},"end":{"line":316,"column":56}},"77":{"start":{"line":317,"column":6},"end":{"line":339,"column":7}},"78":{"start":{"line":318,"column":48},"end":{"line":321,"column":10}},"79":{"start":{"line":323,"column":8},"end":{"line":326,"column":9}},"80":{"start":{"line":324,"column":36},"end":{"line":324,"column":62}},"81":{"start":{"line":325,"column":10},"end":{"line":325,"column":70}},"82":{"start":{"line":325,"column":34},"end":{"line":325,"column":67}},"83":{"start":{"line":328,"column":8},"end":{"line":336,"column":9}},"84":{"start":{"line":329,"column":35},"end":{"line":329,"column":60}},"85":{"start":{"line":330,"column":10},"end":{"line":332,"column":11}},"86":{"start":{"line":331,"column":12},"end":{"line":331,"column":62}},"87":{"start":{"line":333,"column":10},"end":{"line":335,"column":11}},"88":{"start":{"line":334,"column":12},"end":{"line":334,"column":42}},"89":{"start":{"line":338,"column":8},"end":{"line":338,"column":57}},"90":{"start":{"line":342,"column":6},"end":{"line":362,"column":7}},"91":{"start":{"line":343,"column":24},"end":{"line":343,"column":59}},"92":{"start":{"line":344,"column":8},"end":{"line":359,"column":9}},"93":{"start":{"line":345,"column":23},"end":{"line":345,"column":37}},"94":{"start":{"line":346,"column":10},"end":{"line":358,"column":11}},"95":{"start":{"line":347,"column":43},"end":{"line":354,"column":13}},"96":{"start":{"line":355,"column":12},"end":{"line":355,"column":38}},"97":{"start":{"line":356,"column":12},"end":{"line":356,"column":92}},"98":{"start":{"line":357,"column":12},"end":{"line":357,"column":103}},"99":{"start":{"line":361,"column":8},"end":{"line":361,"column":68}},"100":{"start":{"line":365,"column":50},"end":{"line":365,"column":52}},"101":{"start":{"line":366,"column":6},"end":{"line":398,"column":7}},"102":{"start":{"line":367,"column":34},"end":{"line":367,"column":75}},"103":{"start":{"line":368,"column":29},"end":{"line":368,"column":89}},"104":{"start":{"line":369,"column":25},"end":{"line":369,"column":52}},"105":{"start":{"line":371,"column":8},"end":{"line":385,"column":9}},"106":{"start":{"line":372,"column":25},"end":{"line":372,"column":45}},"107":{"start":{"line":373,"column":27},"end":{"line":373,"column":48}},"108":{"start":{"line":374,"column":10},"end":{"line":374,"column":37}},"109":{"start":{"line":378,"column":12},"end":{"line":381,"column":33}},"110":{"start":{"line":378,"column":50},"end":{"line":378,"column":66}},"111":{"start":{"line":379,"column":45},"end":{"line":379,"column":71}},"112":{"start":{"line":382,"column":10},"end":{"line":384,"column":11}},"113":{"start":{"line":383,"column":12},"end":{"line":383,"column":126}},"114":{"start":{"line":387,"column":8},"end":{"line":387,"column":89}},"115":{"start":{"line":387,"column":21},"end":{"line":387,"column":89}},"116":{"start":{"line":389,"column":8},"end":{"line":397,"column":9}},"117":{"start":{"line":390,"column":27},"end":{"line":390,"column":47}},"118":{"start":{"line":391,"column":25},"end":{"line":391,"column":83}},"119":{"start":{"line":392,"column":10},"end":{"line":394,"column":11}},"120":{"start":{"line":393,"column":12},"end":{"line":393,"column":75}},"121":{"start":{"line":396,"column":10},"end":{"line":396,"column":78}},"122":{"start":{"line":401,"column":23},"end":{"line":401,"column":43}},"123":{"start":{"line":402,"column":47},"end":{"line":402,"column":69}},"124":{"start":{"line":404,"column":6},"end":{"line":406,"column":7}},"125":{"start":{"line":405,"column":8},"end":{"line":405,"column":30}},"126":{"start":{"line":409,"column":6},"end":{"line":417,"column":7}},"127":{"start":{"line":410,"column":8},"end":{"line":416,"column":10}},"128":{"start":{"line":419,"column":6},"end":{"line":419,"column":27}},"129":{"start":{"line":422,"column":33},"end":{"line":422,"column":59}},"130":{"start":{"line":423,"column":6},"end":{"line":433,"column":7}},"131":{"start":{"line":424,"column":32},"end":{"line":424,"column":78}},"132":{"start":{"line":425,"column":8},"end":{"line":430,"column":9}},"133":{"start":{"line":426,"column":31},"end":{"line":426,"column":58}},"134":{"start":{"line":427,"column":10},"end":{"line":429,"column":11}},"135":{"start":{"line":428,"column":12},"end":{"line":428,"column":41}},"136":{"start":{"line":432,"column":8},"end":{"line":432,"column":70}},"137":{"start":{"line":435,"column":6},"end":{"line":463,"column":7}},"138":{"start":{"line":436,"column":29},"end":{"line":436,"column":72}},"139":{"start":{"line":437,"column":27},"end":{"line":437,"column":54}},"140":{"start":{"line":438,"column":8},"end":{"line":460,"column":9}},"141":{"start":{"line":439,"column":44},"end":{"line":457,"column":12}},"142":{"start":{"line":440,"column":24},"end":{"line":440,"column":32}},"143":{"start":{"line":441,"column":12},"end":{"line":456,"column":14}},"144":{"start":{"line":458,"column":10},"end":{"line":458,"column":40}},"145":{"start":{"line":459,"column":10},"end":{"line":459,"column":98}},"146":{"start":{"line":462,"column":8},"end":{"line":462,"column":78}},"147":{"start":{"line":466,"column":6},"end":{"line":469,"column":9}},"148":{"start":{"line":472,"column":6},"end":{"line":474,"column":9}},"149":{"start":{"line":473,"column":8},"end":{"line":473,"column":92}},"150":{"start":{"line":476,"column":6},"end":{"line":476,"column":35}},"151":{"start":{"line":479,"column":6},"end":{"line":479,"column":59}},"152":{"start":{"line":481,"column":6},"end":{"line":481,"column":37}},"153":{"start":{"line":486,"column":2},"end":{"line":575,"column":9}},"154":{"start":{"line":487,"column":21},"end":{"line":572,"column":5}},"155":{"start":{"line":488,"column":6},"end":{"line":571,"column":7}},"156":{"start":{"line":489,"column":25},"end":{"line":489,"column":45}},"157":{"start":{"line":490,"column":26},"end":{"line":490,"column":71}},"158":{"start":{"line":491,"column":44},"end":{"line":491,"column":84}},"159":{"start":{"line":492,"column":24},"end":{"line":492,"column":43}},"160":{"start":{"line":496,"column":8},"end":{"line":499,"column":9}},"161":{"start":{"line":497,"column":10},"end":{"line":497,"column":37}},"162":{"start":{"line":498,"column":10},"end":{"line":498,"column":34}},"163":{"start":{"line":501,"column":27},"end":{"line":501,"column":78}},"164":{"start":{"line":502,"column":33},"end":{"line":502,"column":86}},"165":{"start":{"line":504,"column":8},"end":{"line":513,"column":9}},"166":{"start":{"line":505,"column":10},"end":{"line":512,"column":24}},"167":{"start":{"line":506,"column":27},"end":{"line":506,"column":49}},"168":{"start":{"line":507,"column":30},"end":{"line":507,"column":119}},"169":{"start":{"line":508,"column":12},"end":{"line":510,"column":13}},"170":{"start":{"line":509,"column":14},"end":{"line":509,"column":52}},"171":{"start":{"line":511,"column":12},"end":{"line":511,"column":33}},"172":{"start":{"line":516,"column":8},"end":{"line":527,"column":9}},"173":{"start":{"line":517,"column":10},"end":{"line":522,"column":24}},"174":{"start":{"line":518,"column":34},"end":{"line":518,"column":98}},"175":{"start":{"line":519,"column":12},"end":{"line":521,"column":13}},"176":{"start":{"line":520,"column":14},"end":{"line":520,"column":56}},"177":{"start":{"line":523,"column":15},"end":{"line":527,"column":9}},"178":{"start":{"line":524,"column":10},"end":{"line":526,"column":24}},"179":{"start":{"line":525,"column":12},"end":{"line":525,"column":57}},"180":{"start":{"line":529,"column":51},"end":{"line":529,"column":53}},"181":{"start":{"line":532,"column":8},"end":{"line":539,"column":9}},"182":{"start":{"line":533,"column":27},"end":{"line":533,"column":84}},"183":{"start":{"line":534,"column":10},"end":{"line":538,"column":11}},"184":{"start":{"line":535,"column":12},"end":{"line":537,"column":26}},"185":{"start":{"line":536,"column":14},"end":{"line":536,"column":48}},"186":{"start":{"line":541,"column":8},"end":{"line":548,"column":9}},"187":{"start":{"line":542,"column":28},"end":{"line":542,"column":79}},"188":{"start":{"line":543,"column":10},"end":{"line":547,"column":11}},"189":{"start":{"line":544,"column":12},"end":{"line":546,"column":26}},"190":{"start":{"line":545,"column":14},"end":{"line":545,"column":49}},"191":{"start":{"line":551,"column":8},"end":{"line":557,"column":9}},"192":{"start":{"line":552,"column":52},"end":{"line":552,"column":54}},"193":{"start":{"line":553,"column":10},"end":{"line":555,"column":11}},"194":{"start":{"line":554,"column":12},"end":{"line":554,"column":46}},"195":{"start":{"line":556,"column":10},"end":{"line":556,"column":31}},"196":{"start":{"line":560,"column":8},"end":{"line":564,"column":9}},"197":{"start":{"line":561,"column":10},"end":{"line":563,"column":82}},"198":{"start":{"line":566,"column":8},"end":{"line":566,"column":33}},"199":{"start":{"line":568,"column":8},"end":{"line":568,"column":64}},"200":{"start":{"line":570,"column":8},"end":{"line":570,"column":26}},"201":{"start":{"line":574,"column":4},"end":{"line":574,"column":15}},"202":{"start":{"line":578,"column":2},"end":{"line":609,"column":9}},"203":{"start":{"line":579,"column":24},"end":{"line":606,"column":6}},"204":{"start":{"line":580,"column":6},"end":{"line":580,"column":37}},"205":{"start":{"line":581,"column":6},"end":{"line":604,"column":7}},"206":{"start":{"line":582,"column":34},"end":{"line":586,"column":9}},"207":{"start":{"line":587,"column":8},"end":{"line":587,"column":32}},"208":{"start":{"line":588,"column":8},"end":{"line":588,"column":79}},"209":{"start":{"line":591,"column":8},"end":{"line":593,"column":9}},"210":{"start":{"line":592,"column":10},"end":{"line":592,"column":61}},"211":{"start":{"line":596,"column":8},"end":{"line":603,"column":9}},"212":{"start":{"line":597,"column":28},"end":{"line":597,"column":73}},"213":{"start":{"line":598,"column":25},"end":{"line":598,"column":65}},"214":{"start":{"line":599,"column":10},"end":{"line":602,"column":11}},"215":{"start":{"line":600,"column":12},"end":{"line":600,"column":33}},"216":{"start":{"line":601,"column":12},"end":{"line":601,"column":42}},"217":{"start":{"line":605,"column":6},"end":{"line":605,"column":30}},"218":{"start":{"line":608,"column":4},"end":{"line":608,"column":31}},"219":{"start":{"line":608,"column":17},"end":{"line":608,"column":30}},"220":{"start":{"line":612,"column":2},"end":{"line":646,"column":55}},"221":{"start":{"line":613,"column":4},"end":{"line":613,"column":26}},"222":{"start":{"line":613,"column":19},"end":{"line":613,"column":26}},"223":{"start":{"line":614,"column":22},"end":{"line":616,"column":31}},"224":{"start":{"line":618,"column":4},"end":{"line":618,"column":79}},"225":{"start":{"line":621,"column":4},"end":{"line":623,"column":5}},"226":{"start":{"line":622,"column":6},"end":{"line":622,"column":52}},"227":{"start":{"line":625,"column":4},"end":{"line":645,"column":13}},"228":{"start":{"line":626,"column":6},"end":{"line":644,"column":7}},"229":{"start":{"line":633,"column":26},"end":{"line":633,"column":49}},"230":{"start":{"line":634,"column":8},"end":{"line":643,"column":9}},"231":{"start":{"line":635,"column":10},"end":{"line":642,"column":11}},"232":{"start":{"line":636,"column":28},"end":{"line":636,"column":59}},"233":{"start":{"line":637,"column":12},"end":{"line":639,"column":15}},"234":{"start":{"line":638,"column":14},"end":{"line":638,"column":78}},"235":{"start":{"line":638,"column":27},"end":{"line":638,"column":78}},"236":{"start":{"line":641,"column":12},"end":{"line":641,"column":75}},"237":{"start":{"line":641,"column":25},"end":{"line":641,"column":75}},"238":{"start":{"line":649,"column":2},"end":{"line":680,"column":41}},"239":{"start":{"line":650,"column":4},"end":{"line":650,"column":26}},"240":{"start":{"line":650,"column":19},"end":{"line":650,"column":26}},"241":{"start":{"line":651,"column":22},"end":{"line":653,"column":31}},"242":{"start":{"line":655,"column":4},"end":{"line":655,"column":79}},"243":{"start":{"line":658,"column":4},"end":{"line":660,"column":5}},"244":{"start":{"line":659,"column":6},"end":{"line":659,"column":54}},"245":{"start":{"line":662,"column":4},"end":{"line":679,"column":13}},"246":{"start":{"line":663,"column":6},"end":{"line":678,"column":7}},"247":{"start":{"line":670,"column":8},"end":{"line":677,"column":9}},"248":{"start":{"line":671,"column":26},"end":{"line":671,"column":68}},"249":{"start":{"line":672,"column":10},"end":{"line":674,"column":13}},"250":{"start":{"line":673,"column":12},"end":{"line":673,"column":76}},"251":{"start":{"line":673,"column":25},"end":{"line":673,"column":76}},"252":{"start":{"line":676,"column":10},"end":{"line":676,"column":73}},"253":{"start":{"line":676,"column":23},"end":{"line":676,"column":73}},"254":{"start":{"line":682,"column":2},"end":{"line":686,"column":43}},"255":{"start":{"line":683,"column":4},"end":{"line":683,"column":26}},"256":{"start":{"line":683,"column":19},"end":{"line":683,"column":26}},"257":{"start":{"line":684,"column":16},"end":{"line":684,"column":42}},"258":{"start":{"line":685,"column":4},"end":{"line":685,"column":98}},"259":{"start":{"line":689,"column":23},"end":{"line":689,"column":40}},"260":{"start":{"line":690,"column":2},"end":{"line":692,"column":18}},"261":{"start":{"line":691,"column":4},"end":{"line":691,"column":37}},"262":{"start":{"line":694,"column":2},"end":{"line":700,"column":28}},"263":{"start":{"line":695,"column":4},"end":{"line":695,"column":26}},"264":{"start":{"line":695,"column":19},"end":{"line":695,"column":26}},"265":{"start":{"line":696,"column":22},"end":{"line":696,"column":46}},"266":{"start":{"line":697,"column":4},"end":{"line":699,"column":5}},"267":{"start":{"line":698,"column":6},"end":{"line":698,"column":67}},"268":{"start":{"line":698,"column":30},"end":{"line":698,"column":64}},"269":{"start":{"line":704,"column":23},"end":{"line":706,"column":19}},"270":{"start":{"line":705,"column":4},"end":{"line":705,"column":54}},"271":{"start":{"line":709,"column":21},"end":{"line":718,"column":31}},"272":{"start":{"line":710,"column":16},"end":{"line":710,"column":39}},"273":{"start":{"line":711,"column":4},"end":{"line":717,"column":6}},"274":{"start":{"line":721,"column":20},"end":{"line":728,"column":8}},"275":{"start":{"line":722,"column":4},"end":{"line":727,"column":7}},"276":{"start":{"line":723,"column":20},"end":{"line":723,"column":35}},"277":{"start":{"line":724,"column":19},"end":{"line":724,"column":103}},"278":{"start":{"line":725,"column":6},"end":{"line":725,"column":42}},"279":{"start":{"line":726,"column":6},"end":{"line":726,"column":38}},"280":{"start":{"line":731,"column":22},"end":{"line":744,"column":24}},"281":{"start":{"line":732,"column":56},"end":{"line":737,"column":5}},"282":{"start":{"line":738,"column":4},"end":{"line":742,"column":7}},"283":{"start":{"line":739,"column":6},"end":{"line":741,"column":7}},"284":{"start":{"line":740,"column":8},"end":{"line":740,"column":36}},"285":{"start":{"line":743,"column":4},"end":{"line":743,"column":19}},"286":{"start":{"line":746,"column":23},"end":{"line":753,"column":19}},"287":{"start":{"line":747,"column":4},"end":{"line":752,"column":6}},"288":{"start":{"line":748,"column":58},"end":{"line":748,"column":74}},"289":{"start":{"line":749,"column":50},"end":{"line":749,"column":66}},"290":{"start":{"line":750,"column":52},"end":{"line":750,"column":68}},"291":{"start":{"line":751,"column":52},"end":{"line":751,"column":68}},"292":{"start":{"line":756,"column":24},"end":{"line":758,"column":24}},"293":{"start":{"line":757,"column":4},"end":{"line":757,"column":74}},"294":{"start":{"line":757,"column":50},"end":{"line":757,"column":69}},"295":{"start":{"line":760,"column":21},"end":{"line":762,"column":24}},"296":{"start":{"line":761,"column":4},"end":{"line":761,"column":83}},"297":{"start":{"line":761,"column":61},"end":{"line":761,"column":77}},"298":{"start":{"line":764,"column":23},"end":{"line":766,"column":24}},"299":{"start":{"line":765,"column":4},"end":{"line":765,"column":85}},"300":{"start":{"line":765,"column":61},"end":{"line":765,"column":79}},"301":{"start":{"line":768,"column":19},"end":{"line":770,"column":24}},"302":{"start":{"line":769,"column":4},"end":{"line":769,"column":81}},"303":{"start":{"line":769,"column":61},"end":{"line":769,"column":75}},"304":{"start":{"line":772,"column":21},"end":{"line":774,"column":24}},"305":{"start":{"line":773,"column":4},"end":{"line":773,"column":83}},"306":{"start":{"line":773,"column":61},"end":{"line":773,"column":77}},"307":{"start":{"line":777,"column":22},"end":{"line":782,"column":49}},"308":{"start":{"line":778,"column":23},"end":{"line":778,"column":89}},"309":{"start":{"line":779,"column":24},"end":{"line":779,"column":91}},"310":{"start":{"line":779,"column":56},"end":{"line":779,"column":87}},"311":{"start":{"line":780,"column":21},"end":{"line":780,"column":64}},"312":{"start":{"line":781,"column":4},"end":{"line":781,"column":34}},"313":{"start":{"line":785,"column":28},"end":{"line":787,"column":64}},"314":{"start":{"line":786,"column":4},"end":{"line":786,"column":70}},"315":{"start":{"line":790,"column":22},"end":{"line":824,"column":20}},"316":{"start":{"line":791,"column":36},"end":{"line":805,"column":5}},"317":{"start":{"line":807,"column":4},"end":{"line":822,"column":7}},"318":{"start":{"line":808,"column":23},"end":{"line":814,"column":7}},"319":{"start":{"line":815,"column":6},"end":{"line":821,"column":8}},"320":{"start":{"line":823,"column":4},"end":{"line":823,"column":19}},"321":{"start":{"line":826,"column":25},"end":{"line":838,"column":20}},"322":{"start":{"line":827,"column":4},"end":{"line":837,"column":7}},"323":{"start":{"line":828,"column":23},"end":{"line":828,"column":41}},"324":{"start":{"line":829,"column":6},"end":{"line":829,"column":33}},"325":{"start":{"line":829,"column":21},"end":{"line":829,"column":33}},"326":{"start":{"line":830,"column":6},"end":{"line":836,"column":8}},"327":{"start":{"line":834,"column":46},"end":{"line":834,"column":61}},"328":{"start":{"line":840,"column":29},"end":{"line":870,"column":34}},"329":{"start":{"line":841,"column":4},"end":{"line":869,"column":7}},"330":{"start":{"line":842,"column":23},"end":{"line":842,"column":41}},"331":{"start":{"line":843,"column":6},"end":{"line":843,"column":33}},"332":{"start":{"line":843,"column":21},"end":{"line":843,"column":33}},"333":{"start":{"line":844,"column":6},"end":{"line":868,"column":8}},"334":{"start":{"line":849,"column":12},"end":{"line":849,"column":48}},"335":{"start":{"line":849,"column":36},"end":{"line":849,"column":48}},"336":{"start":{"line":850,"column":33},"end":{"line":850,"column":79}},"337":{"start":{"line":850,"column":58},"end":{"line":850,"column":78}},"338":{"start":{"line":851,"column":29},"end":{"line":851,"column":97}},"339":{"start":{"line":852,"column":30},"end":{"line":852,"column":92}},"340":{"start":{"line":853,"column":29},"end":{"line":853,"column":95}},"341":{"start":{"line":854,"column":28},"end":{"line":854,"column":86}},"342":{"start":{"line":855,"column":28},"end":{"line":855,"column":90}},"343":{"start":{"line":857,"column":12},"end":{"line":865,"column":14}},"344":{"start":{"line":872,"column":19},"end":{"line":890,"column":20}},"345":{"start":{"line":873,"column":4},"end":{"line":889,"column":7}},"346":{"start":{"line":874,"column":23},"end":{"line":880,"column":7}},"347":{"start":{"line":881,"column":22},"end":{"line":881,"column":56}},"348":{"start":{"line":882,"column":6},"end":{"line":888,"column":8}},"349":{"start":{"line":892,"column":21},"end":{"line":904,"column":20}},"350":{"start":{"line":893,"column":4},"end":{"line":903,"column":7}},"351":{"start":{"line":894,"column":23},"end":{"line":894,"column":41}},"352":{"start":{"line":895,"column":6},"end":{"line":895,"column":33}},"353":{"start":{"line":895,"column":21},"end":{"line":895,"column":33}},"354":{"start":{"line":896,"column":6},"end":{"line":902,"column":8}},"355":{"start":{"line":906,"column":21},"end":{"line":930,"column":20}},"356":{"start":{"line":907,"column":37},"end":{"line":913,"column":5}},"357":{"start":{"line":914,"column":4},"end":{"line":929,"column":7}},"358":{"start":{"line":915,"column":23},"end":{"line":921,"column":7}},"359":{"start":{"line":922,"column":6},"end":{"line":928,"column":8}},"360":{"start":{"line":932,"column":24},"end":{"line":944,"column":20}},"361":{"start":{"line":933,"column":4},"end":{"line":943,"column":7}},"362":{"start":{"line":934,"column":23},"end":{"line":934,"column":41}},"363":{"start":{"line":935,"column":6},"end":{"line":935,"column":33}},"364":{"start":{"line":935,"column":21},"end":{"line":935,"column":33}},"365":{"start":{"line":936,"column":6},"end":{"line":942,"column":8}},"366":{"start":{"line":940,"column":56},"end":{"line":940,"column":67}},"367":{"start":{"line":946,"column":19},"end":{"line":963,"column":20}},"368":{"start":{"line":947,"column":4},"end":{"line":962,"column":7}},"369":{"start":{"line":948,"column":23},"end":{"line":954,"column":7}},"370":{"start":{"line":955,"column":6},"end":{"line":961,"column":8}},"371":{"start":{"line":965,"column":24},"end":{"line":1014,"column":19}},"372":{"start":{"line":966,"column":30},"end":{"line":976,"column":5}},"373":{"start":{"line":977,"column":4},"end":{"line":1012,"column":7}},"374":{"start":{"line":978,"column":22},"end":{"line":978,"column":40}},"375":{"start":{"line":979,"column":18},"end":{"line":979,"column":44}},"376":{"start":{"line":980,"column":6},"end":{"line":980,"column":101}},"377":{"start":{"line":982,"column":22},"end":{"line":982,"column":43}},"378":{"start":{"line":983,"column":6},"end":{"line":1010,"column":7}},"379":{"start":{"line":985,"column":54},"end":{"line":998,"column":9}},"380":{"start":{"line":1000,"column":8},"end":{"line":1002,"column":9}},"381":{"start":{"line":1001,"column":10},"end":{"line":1001,"column":60}},"382":{"start":{"line":1003,"column":8},"end":{"line":1005,"column":9}},"383":{"start":{"line":1004,"column":10},"end":{"line":1004,"column":55}},"384":{"start":{"line":1007,"column":8},"end":{"line":1009,"column":11}},"385":{"start":{"line":1008,"column":10},"end":{"line":1008,"column":67}},"386":{"start":{"line":1011,"column":6},"end":{"line":1011,"column":21}},"387":{"start":{"line":1013,"column":4},"end":{"line":1013,"column":19}},"388":{"start":{"line":1016,"column":27},"end":{"line":1030,"column":19}},"389":{"start":{"line":1017,"column":4},"end":{"line":1029,"column":7}},"390":{"start":{"line":1018,"column":22},"end":{"line":1018,"column":57}},"391":{"start":{"line":1018,"column":41},"end":{"line":1018,"column":56}},"392":{"start":{"line":1019,"column":18},"end":{"line":1019,"column":44}},"393":{"start":{"line":1020,"column":6},"end":{"line":1020,"column":101}},"394":{"start":{"line":1022,"column":22},"end":{"line":1022,"column":43}},"395":{"start":{"line":1023,"column":6},"end":{"line":1027,"column":7}},"396":{"start":{"line":1024,"column":8},"end":{"line":1026,"column":11}},"397":{"start":{"line":1025,"column":10},"end":{"line":1025,"column":70}},"398":{"start":{"line":1028,"column":6},"end":{"line":1028,"column":21}},"399":{"start":{"line":1032,"column":22},"end":{"line":1037,"column":8}},"400":{"start":{"line":1033,"column":4},"end":{"line":1036,"column":8}},"401":{"start":{"line":1033,"column":28},"end":{"line":1036,"column":5}},"402":{"start":{"line":1040,"column":21},"end":{"line":1094,"column":74}},"403":{"start":{"line":1041,"column":39},"end":{"line":1041,"column":41}},"404":{"start":{"line":1042,"column":22},"end":{"line":1042,"column":71}},"405":{"start":{"line":1043,"column":18},"end":{"line":1043,"column":41}},"406":{"start":{"line":1044,"column":17},"end":{"line":1044,"column":101}},"407":{"start":{"line":1047,"column":20},"end":{"line":1047,"column":40}},"408":{"start":{"line":1048,"column":25},"end":{"line":1056,"column":5}},"409":{"start":{"line":1058,"column":22},"end":{"line":1058,"column":42}},"410":{"start":{"line":1060,"column":4},"end":{"line":1092,"column":5}},"411":{"start":{"line":1060,"column":17},"end":{"line":1060,"column":18}},"412":{"start":{"line":1061,"column":16},"end":{"line":1061,"column":30}},"413":{"start":{"line":1062,"column":6},"end":{"line":1062,"column":36}},"414":{"start":{"line":1063,"column":22},"end":{"line":1063,"column":43}},"415":{"start":{"line":1064,"column":18},"end":{"line":1064,"column":36}},"416":{"start":{"line":1065,"column":23},"end":{"line":1065,"column":77}},"417":{"start":{"line":1067,"column":23},"end":{"line":1067,"column":78}},"418":{"start":{"line":1068,"column":19},"end":{"line":1068,"column":112}},"419":{"start":{"line":1068,"column":59},"end":{"line":1068,"column":75}},"420":{"start":{"line":1069,"column":20},"end":{"line":1069,"column":111}},"421":{"start":{"line":1069,"column":60},"end":{"line":1069,"column":73}},"422":{"start":{"line":1070,"column":22},"end":{"line":1070,"column":117}},"423":{"start":{"line":1070,"column":62},"end":{"line":1070,"column":77}},"424":{"start":{"line":1071,"column":18},"end":{"line":1071,"column":105}},"425":{"start":{"line":1071,"column":58},"end":{"line":1071,"column":69}},"426":{"start":{"line":1072,"column":20},"end":{"line":1072,"column":118}},"427":{"start":{"line":1072,"column":60},"end":{"line":1072,"column":80}},"428":{"start":{"line":1073,"column":22},"end":{"line":1073,"column":127}},"429":{"start":{"line":1074,"column":20},"end":{"line":1074,"column":119}},"430":{"start":{"line":1075,"column":26},"end":{"line":1075,"column":129}},"431":{"start":{"line":1075,"column":99},"end":{"line":1075,"column":121}},"432":{"start":{"line":1076,"column":23},"end":{"line":1076,"column":92}},"433":{"start":{"line":1077,"column":21},"end":{"line":1077,"column":43}},"434":{"start":{"line":1079,"column":6},"end":{"line":1091,"column":9}},"435":{"start":{"line":1093,"column":4},"end":{"line":1093,"column":19}},"436":{"start":{"line":1096,"column":16},"end":{"line":1141,"column":8}},"437":{"start":{"line":1097,"column":4},"end":{"line":1140,"column":5}},"438":{"start":{"line":1098,"column":6},"end":{"line":1098,"column":38}},"439":{"start":{"line":1099,"column":30},"end":{"line":1099,"column":56}},"440":{"start":{"line":1100,"column":6},"end":{"line":1137,"column":7}},"441":{"start":{"line":1101,"column":31},"end":{"line":1101,"column":92}},"442":{"start":{"line":1102,"column":23},"end":{"line":1102,"column":42}},"443":{"start":{"line":1103,"column":34},"end":{"line":1107,"column":9}},"444":{"start":{"line":1108,"column":8},"end":{"line":1108,"column":32}},"445":{"start":{"line":1109,"column":8},"end":{"line":1109,"column":79}},"446":{"start":{"line":1112,"column":8},"end":{"line":1112,"column":59}},"447":{"start":{"line":1114,"column":8},"end":{"line":1114,"column":33}},"448":{"start":{"line":1116,"column":8},"end":{"line":1116,"column":72}},"449":{"start":{"line":1117,"column":8},"end":{"line":1123,"column":9}},"450":{"start":{"line":1122,"column":10},"end":{"line":1122,"column":72}},"451":{"start":{"line":1124,"column":8},"end":{"line":1126,"column":9}},"452":{"start":{"line":1125,"column":10},"end":{"line":1125,"column":81}},"453":{"start":{"line":1127,"column":8},"end":{"line":1129,"column":9}},"454":{"start":{"line":1128,"column":10},"end":{"line":1128,"column":89}},"455":{"start":{"line":1130,"column":8},"end":{"line":1132,"column":9}},"456":{"start":{"line":1131,"column":10},"end":{"line":1131,"column":102}},"457":{"start":{"line":1133,"column":8},"end":{"line":1135,"column":9}},"458":{"start":{"line":1134,"column":10},"end":{"line":1134,"column":114}},"459":{"start":{"line":1136,"column":8},"end":{"line":1136,"column":93}},"460":{"start":{"line":1139,"column":6},"end":{"line":1139,"column":70}},"461":{"start":{"line":1146,"column":35},"end":{"line":1237,"column":3}},"462":{"start":{"line":1158,"column":20},"end":{"line":1158,"column":79}},"463":{"start":{"line":1159,"column":22},"end":{"line":1159,"column":102}},"464":{"start":{"line":1160,"column":23},"end":{"line":1160,"column":70}},"465":{"start":{"line":1163,"column":21},"end":{"line":1165,"column":17}},"466":{"start":{"line":1167,"column":19},"end":{"line":1167,"column":60}},"467":{"start":{"line":1168,"column":17},"end":{"line":1168,"column":58}},"468":{"start":{"line":1171,"column":21},"end":{"line":1171,"column":98}},"469":{"start":{"line":1174,"column":14},"end":{"line":1174,"column":71}},"470":{"start":{"line":1177,"column":16},"end":{"line":1177,"column":77}},"471":{"start":{"line":1180,"column":17},"end":{"line":1180,"column":40}},"472":{"start":{"line":1186,"column":4},"end":{"line":1198,"column":5}},"473":{"start":{"line":1188,"column":6},"end":{"line":1188,"column":54}},"474":{"start":{"line":1189,"column":6},"end":{"line":1189,"column":74}},"475":{"start":{"line":1190,"column":11},"end":{"line":1198,"column":5}},"476":{"start":{"line":1192,"column":6},"end":{"line":1192,"column":38}},"477":{"start":{"line":1193,"column":6},"end":{"line":1193,"column":60}},"478":{"start":{"line":1196,"column":6},"end":{"line":1196,"column":32}},"479":{"start":{"line":1197,"column":6},"end":{"line":1197,"column":32}},"480":{"start":{"line":1202,"column":26},"end":{"line":1202,"column":52}},"481":{"start":{"line":1203,"column":28},"end":{"line":1203,"column":45}},"482":{"start":{"line":1206,"column":22},"end":{"line":1206,"column":65}},"483":{"start":{"line":1207,"column":24},"end":{"line":1207,"column":37}},"484":{"start":{"line":1210,"column":30},"end":{"line":1210,"column":95}},"485":{"start":{"line":1211,"column":24},"end":{"line":1211,"column":57}},"486":{"start":{"line":1214,"column":23},"end":{"line":1214,"column":36}},"487":{"start":{"line":1215,"column":24},"end":{"line":1215,"column":74}},"488":{"start":{"line":1217,"column":4},"end":{"line":1236,"column":6}},"489":{"start":{"line":1239,"column":19},"end":{"line":1320,"column":30}},"490":{"start":{"line":1240,"column":4},"end":{"line":1319,"column":5}},"491":{"start":{"line":1241,"column":30},"end":{"line":1241,"column":61}},"492":{"start":{"line":1242,"column":6},"end":{"line":1316,"column":7}},"493":{"start":{"line":1243,"column":31},"end":{"line":1243,"column":105}},"494":{"start":{"line":1244,"column":23},"end":{"line":1244,"column":42}},"495":{"start":{"line":1246,"column":8},"end":{"line":1246,"column":80}},"496":{"start":{"line":1248,"column":34},"end":{"line":1252,"column":9}},"497":{"start":{"line":1253,"column":8},"end":{"line":1253,"column":32}},"498":{"start":{"line":1254,"column":8},"end":{"line":1254,"column":79}},"499":{"start":{"line":1257,"column":36},"end":{"line":1257,"column":77}},"500":{"start":{"line":1258,"column":8},"end":{"line":1258,"column":30}},"501":{"start":{"line":1261,"column":8},"end":{"line":1295,"column":9}},"502":{"start":{"line":1262,"column":33},"end":{"line":1276,"column":12}},"503":{"start":{"line":1277,"column":10},"end":{"line":1277,"column":86}},"504":{"start":{"line":1280,"column":27},"end":{"line":1280,"column":47}},"505":{"start":{"line":1281,"column":37},"end":{"line":1287,"column":11}},"506":{"start":{"line":1288,"column":10},"end":{"line":1288,"column":49}},"507":{"start":{"line":1289,"column":10},"end":{"line":1289,"column":104}},"508":{"start":{"line":1290,"column":10},"end":{"line":1290,"column":107}},"509":{"start":{"line":1291,"column":10},"end":{"line":1291,"column":103}},"510":{"start":{"line":1292,"column":10},"end":{"line":1292,"column":46}},"511":{"start":{"line":1294,"column":10},"end":{"line":1294,"column":69}},"512":{"start":{"line":1297,"column":8},"end":{"line":1297,"column":33}},"513":{"start":{"line":1299,"column":8},"end":{"line":1299,"column":75}},"514":{"start":{"line":1300,"column":8},"end":{"line":1302,"column":9}},"515":{"start":{"line":1301,"column":10},"end":{"line":1301,"column":96}},"516":{"start":{"line":1303,"column":8},"end":{"line":1305,"column":9}},"517":{"start":{"line":1304,"column":10},"end":{"line":1304,"column":86}},"518":{"start":{"line":1306,"column":8},"end":{"line":1308,"column":9}},"519":{"start":{"line":1307,"column":10},"end":{"line":1307,"column":82}},"520":{"start":{"line":1309,"column":8},"end":{"line":1311,"column":9}},"521":{"start":{"line":1310,"column":10},"end":{"line":1310,"column":114}},"522":{"start":{"line":1312,"column":8},"end":{"line":1314,"column":9}},"523":{"start":{"line":1313,"column":10},"end":{"line":1313,"column":114}},"524":{"start":{"line":1315,"column":8},"end":{"line":1315,"column":100}},"525":{"start":{"line":1318,"column":6},"end":{"line":1318,"column":77}},"526":{"start":{"line":1322,"column":17},"end":{"line":1371,"column":8}},"527":{"start":{"line":1323,"column":4},"end":{"line":1323,"column":35}},"528":{"start":{"line":1324,"column":4},"end":{"line":1324,"column":34}},"529":{"start":{"line":1327,"column":4},"end":{"line":1327,"column":39}},"530":{"start":{"line":1329,"column":16},"end":{"line":1329,"column":37}},"531":{"start":{"line":1331,"column":4},"end":{"line":1370,"column":5}},"532":{"start":{"line":1332,"column":6},"end":{"line":1332,"column":34}},"533":{"start":{"line":1334,"column":6},"end":{"line":1334,"column":48}},"534":{"start":{"line":1336,"column":23},"end":{"line":1336,"column":43}},"535":{"start":{"line":1337,"column":33},"end":{"line":1343,"column":7}},"536":{"start":{"line":1344,"column":6},"end":{"line":1344,"column":27}},"537":{"start":{"line":1345,"column":6},"end":{"line":1345,"column":34}},"538":{"start":{"line":1346,"column":6},"end":{"line":1346,"column":45}},"539":{"start":{"line":1347,"column":6},"end":{"line":1347,"column":25}},"540":{"start":{"line":1348,"column":6},"end":{"line":1348,"column":32}},"541":{"start":{"line":1349,"column":6},"end":{"line":1365,"column":7}},"542":{"start":{"line":1350,"column":29},"end":{"line":1354,"column":9}},"543":{"start":{"line":1355,"column":8},"end":{"line":1361,"column":9}},"544":{"start":{"line":1356,"column":10},"end":{"line":1360,"column":12}},"545":{"start":{"line":1362,"column":8},"end":{"line":1362,"column":53}},"546":{"start":{"line":1364,"column":8},"end":{"line":1364,"column":72}},"547":{"start":{"line":1367,"column":6},"end":{"line":1369,"column":14}},"548":{"start":{"line":1368,"column":8},"end":{"line":1368,"column":40}},"549":{"start":{"line":1373,"column":24},"end":{"line":1443,"column":8}},"550":{"start":{"line":1374,"column":4},"end":{"line":1442,"column":5}},"551":{"start":{"line":1375,"column":6},"end":{"line":1375,"column":37}},"552":{"start":{"line":1376,"column":6},"end":{"line":1376,"column":36}},"553":{"start":{"line":1377,"column":21},"end":{"line":1377,"column":37}},"554":{"start":{"line":1378,"column":6},"end":{"line":1410,"column":7}},"555":{"start":{"line":1379,"column":20},"end":{"line":1379,"column":30}},"556":{"start":{"line":1381,"column":8},"end":{"line":1385,"column":9}},"557":{"start":{"line":1382,"column":10},"end":{"line":1382,"column":49}},"558":{"start":{"line":1384,"column":10},"end":{"line":1384,"column":73}},"559":{"start":{"line":1388,"column":8},"end":{"line":1403,"column":9}},"560":{"start":{"line":1389,"column":10},"end":{"line":1389,"column":35}},"561":{"start":{"line":1391,"column":10},"end":{"line":1391,"column":83}},"562":{"start":{"line":1392,"column":10},"end":{"line":1392,"column":42}},"563":{"start":{"line":1393,"column":10},"end":{"line":1398,"column":11}},"564":{"start":{"line":1394,"column":12},"end":{"line":1397,"column":14}},"565":{"start":{"line":1399,"column":10},"end":{"line":1402,"column":12}},"566":{"start":{"line":1406,"column":8},"end":{"line":1409,"column":22}},"567":{"start":{"line":1407,"column":10},"end":{"line":1407,"column":61}},"568":{"start":{"line":1408,"column":10},"end":{"line":1408,"column":62}},"569":{"start":{"line":1413,"column":23},"end":{"line":1413,"column":43}},"570":{"start":{"line":1414,"column":33},"end":{"line":1420,"column":7}},"571":{"start":{"line":1421,"column":6},"end":{"line":1421,"column":27}},"572":{"start":{"line":1422,"column":6},"end":{"line":1422,"column":34}},"573":{"start":{"line":1423,"column":6},"end":{"line":1423,"column":45}},"574":{"start":{"line":1424,"column":6},"end":{"line":1424,"column":32}},"575":{"start":{"line":1425,"column":6},"end":{"line":1433,"column":7}},"576":{"start":{"line":1426,"column":8},"end":{"line":1430,"column":11}},"577":{"start":{"line":1432,"column":8},"end":{"line":1432,"column":79}},"578":{"start":{"line":1435,"column":6},"end":{"line":1435,"column":31}},"579":{"start":{"line":1437,"column":6},"end":{"line":1437,"column":82}},"580":{"start":{"line":1439,"column":6},"end":{"line":1441,"column":14}},"581":{"start":{"line":1440,"column":8},"end":{"line":1440,"column":40}},"582":{"start":{"line":1445,"column":20},"end":{"line":1454,"column":8}},"583":{"start":{"line":1446,"column":31},"end":{"line":1451,"column":5}},"584":{"start":{"line":1452,"column":4},"end":{"line":1452,"column":29}},"585":{"start":{"line":1453,"column":4},"end":{"line":1453,"column":76}},"586":{"start":{"line":1456,"column":23},"end":{"line":1531,"column":3}},"587":{"start":{"line":1457,"column":11},"end":{"line":1494,"column":5}},"588":{"start":{"line":1533,"column":2},"end":{"line":1537,"column":4}},"589":{"start":{"line":1541,"column":25},"end":{"line":1547,"column":1}},"590":{"start":{"line":1542,"column":18},"end":{"line":1542,"column":43}},"591":{"start":{"line":1543,"column":2},"end":{"line":1545,"column":3}},"592":{"start":{"line":1544,"column":4},"end":{"line":1544,"column":70}},"593":{"start":{"line":1546,"column":2},"end":{"line":1546,"column":17}}},"fnMap":{"0":{"name":"(anonymous_0)","decl":{"start":{"line":25,"column":30},"end":{"line":25,"column":31}},"loc":{"start":{"line":25,"column":47},"end":{"line":25,"column":74}},"line":25},"1":{"name":"(anonymous_1)","decl":{"start":{"line":26,"column":31},"end":{"line":26,"column":32}},"loc":{"start":{"line":26,"column":48},"end":{"line":26,"column":75}},"line":26},"2":{"name":"(anonymous_2)","decl":{"start":{"line":27,"column":37},"end":{"line":27,"column":38}},"loc":{"start":{"line":27,"column":54},"end":{"line":27,"column":83}},"line":27},"3":{"name":"(anonymous_3)","decl":{"start":{"line":34,"column":29},"end":{"line":34,"column":30}},"loc":{"start":{"line":34,"column":59},"end":{"line":61,"column":1}},"line":34},"4":{"name":"(anonymous_4)","decl":{"start":{"line":39,"column":4},"end":{"line":39,"column":5}},"loc":{"start":{"line":40,"column":6},"end":{"line":46,"column":25}},"line":40},"5":{"name":"(anonymous_5)","decl":{"start":{"line":48,"column":56},"end":{"line":48,"column":57}},"loc":{"start":{"line":48,"column":63},"end":{"line":48,"column":79}},"line":48},"6":{"name":"(anonymous_6)","decl":{"start":{"line":50,"column":32},"end":{"line":50,"column":33}},"loc":{"start":{"line":50,"column":39},"end":{"line":50,"column":55}},"line":50},"7":{"name":"(anonymous_7)","decl":{"start":{"line":51,"column":27},"end":{"line":51,"column":28}},"loc":{"start":{"line":51,"column":34},"end":{"line":51,"column":60}},"line":51},"8":{"name":"sanitizeForFirestore","decl":{"start":{"line":67,"column":16},"end":{"line":67,"column":36}},"loc":{"start":{"line":67,"column":52},"end":{"line":82,"column":1}},"line":67},"9":{"name":"(anonymous_9)","decl":{"start":{"line":70,"column":20},"end":{"line":70,"column":21}},"loc":{"start":{"line":70,"column":30},"end":{"line":70,"column":56}},"line":70},"10":{"name":"(anonymous_10)","decl":{"start":{"line":109,"column":27},"end":{"line":109,"column":28}},"loc":{"start":{"line":109,"column":58},"end":{"line":114,"column":1}},"line":109},"11":{"name":"(anonymous_11)","decl":{"start":{"line":122,"column":29},"end":{"line":122,"column":30}},"loc":{"start":{"line":122,"column":73},"end":{"line":142,"column":1}},"line":122},"12":{"name":"(anonymous_12)","decl":{"start":{"line":146,"column":31},"end":{"line":146,"column":32}},"loc":{"start":{"line":146,"column":62},"end":{"line":247,"column":1}},"line":146},"13":{"name":"(anonymous_13)","decl":{"start":{"line":290,"column":71},"end":{"line":290,"column":72}},"loc":{"start":{"line":290,"column":89},"end":{"line":1539,"column":1}},"line":290},"14":{"name":"(anonymous_14)","decl":{"start":{"line":308,"column":34},"end":{"line":308,"column":35}},"loc":{"start":{"line":308,"column":85},"end":{"line":483,"column":3}},"line":308},"15":{"name":"(anonymous_15)","decl":{"start":{"line":325,"column":23},"end":{"line":325,"column":24}},"loc":{"start":{"line":325,"column":34},"end":{"line":325,"column":67}},"line":325},"16":{"name":"(anonymous_16)","decl":{"start":{"line":356,"column":82},"end":{"line":356,"column":83}},"loc":{"start":{"line":356,"column":88},"end":{"line":356,"column":90}},"line":356},"17":{"name":"(anonymous_17)","decl":{"start":{"line":357,"column":93},"end":{"line":357,"column":94}},"loc":{"start":{"line":357,"column":99},"end":{"line":357,"column":101}},"line":357},"18":{"name":"(anonymous_18)","decl":{"start":{"line":378,"column":43},"end":{"line":378,"column":44}},"loc":{"start":{"line":378,"column":50},"end":{"line":378,"column":66}},"line":378},"19":{"name":"(anonymous_19)","decl":{"start":{"line":379,"column":38},"end":{"line":379,"column":39}},"loc":{"start":{"line":379,"column":45},"end":{"line":379,"column":71}},"line":379},"20":{"name":"(anonymous_20)","decl":{"start":{"line":383,"column":116},"end":{"line":383,"column":117}},"loc":{"start":{"line":383,"column":122},"end":{"line":383,"column":124}},"line":383},"21":{"name":"(anonymous_21)","decl":{"start":{"line":439,"column":64},"end":{"line":439,"column":65}},"loc":{"start":{"line":439,"column":71},"end":{"line":457,"column":11}},"line":439},"22":{"name":"(anonymous_22)","decl":{"start":{"line":459,"column":88},"end":{"line":459,"column":89}},"loc":{"start":{"line":459,"column":94},"end":{"line":459,"column":96}},"line":459},"23":{"name":"(anonymous_23)","decl":{"start":{"line":472,"column":55},"end":{"line":472,"column":56}},"loc":{"start":{"line":472,"column":64},"end":{"line":474,"column":7}},"line":472},"24":{"name":"(anonymous_24)","decl":{"start":{"line":486,"column":12},"end":{"line":486,"column":13}},"loc":{"start":{"line":486,"column":18},"end":{"line":575,"column":3}},"line":486},"25":{"name":"(anonymous_25)","decl":{"start":{"line":487,"column":21},"end":{"line":487,"column":22}},"loc":{"start":{"line":487,"column":33},"end":{"line":572,"column":5}},"line":487},"26":{"name":"(anonymous_26)","decl":{"start":{"line":578,"column":12},"end":{"line":578,"column":13}},"loc":{"start":{"line":578,"column":18},"end":{"line":609,"column":3}},"line":578},"27":{"name":"(anonymous_27)","decl":{"start":{"line":579,"column":49},"end":{"line":579,"column":50}},"loc":{"start":{"line":579,"column":67},"end":{"line":606,"column":5}},"line":579},"28":{"name":"(anonymous_28)","decl":{"start":{"line":608,"column":11},"end":{"line":608,"column":12}},"loc":{"start":{"line":608,"column":17},"end":{"line":608,"column":30}},"line":608},"29":{"name":"(anonymous_29)","decl":{"start":{"line":612,"column":12},"end":{"line":612,"column":13}},"loc":{"start":{"line":612,"column":18},"end":{"line":646,"column":3}},"line":612},"30":{"name":"(anonymous_30)","decl":{"start":{"line":618,"column":69},"end":{"line":618,"column":70}},"loc":{"start":{"line":618,"column":75},"end":{"line":618,"column":77}},"line":618},"31":{"name":"(anonymous_31)","decl":{"start":{"line":625,"column":49},"end":{"line":625,"column":50}},"loc":{"start":{"line":625,"column":55},"end":{"line":645,"column":5}},"line":625},"32":{"name":"(anonymous_32)","decl":{"start":{"line":637,"column":118},"end":{"line":637,"column":119}},"loc":{"start":{"line":637,"column":127},"end":{"line":639,"column":13}},"line":637},"33":{"name":"(anonymous_33)","decl":{"start":{"line":649,"column":12},"end":{"line":649,"column":13}},"loc":{"start":{"line":649,"column":18},"end":{"line":680,"column":3}},"line":649},"34":{"name":"(anonymous_34)","decl":{"start":{"line":655,"column":69},"end":{"line":655,"column":70}},"loc":{"start":{"line":655,"column":75},"end":{"line":655,"column":77}},"line":655},"35":{"name":"(anonymous_35)","decl":{"start":{"line":662,"column":51},"end":{"line":662,"column":52}},"loc":{"start":{"line":662,"column":57},"end":{"line":679,"column":5}},"line":662},"36":{"name":"(anonymous_36)","decl":{"start":{"line":672,"column":89},"end":{"line":672,"column":90}},"loc":{"start":{"line":672,"column":98},"end":{"line":674,"column":11}},"line":672},"37":{"name":"(anonymous_37)","decl":{"start":{"line":682,"column":12},"end":{"line":682,"column":13}},"loc":{"start":{"line":682,"column":18},"end":{"line":686,"column":3}},"line":682},"38":{"name":"(anonymous_38)","decl":{"start":{"line":685,"column":88},"end":{"line":685,"column":89}},"loc":{"start":{"line":685,"column":94},"end":{"line":685,"column":96}},"line":685},"39":{"name":"(anonymous_39)","decl":{"start":{"line":690,"column":12},"end":{"line":690,"column":13}},"loc":{"start":{"line":690,"column":18},"end":{"line":692,"column":3}},"line":690},"40":{"name":"(anonymous_40)","decl":{"start":{"line":694,"column":12},"end":{"line":694,"column":13}},"loc":{"start":{"line":694,"column":18},"end":{"line":700,"column":3}},"line":694},"41":{"name":"(anonymous_41)","decl":{"start":{"line":698,"column":19},"end":{"line":698,"column":20}},"loc":{"start":{"line":698,"column":30},"end":{"line":698,"column":64}},"line":698},"42":{"name":"(anonymous_42)","decl":{"start":{"line":704,"column":31},"end":{"line":704,"column":32}},"loc":{"start":{"line":704,"column":37},"end":{"line":706,"column":3}},"line":704},"43":{"name":"(anonymous_43)","decl":{"start":{"line":709,"column":29},"end":{"line":709,"column":30}},"loc":{"start":{"line":709,"column":45},"end":{"line":718,"column":3}},"line":709},"44":{"name":"(anonymous_44)","decl":{"start":{"line":721,"column":32},"end":{"line":721,"column":33}},"loc":{"start":{"line":721,"column":50},"end":{"line":728,"column":3}},"line":721},"45":{"name":"(anonymous_45)","decl":{"start":{"line":722,"column":20},"end":{"line":722,"column":21}},"loc":{"start":{"line":722,"column":30},"end":{"line":727,"column":5}},"line":722},"46":{"name":"(anonymous_46)","decl":{"start":{"line":731,"column":30},"end":{"line":731,"column":31}},"loc":{"start":{"line":731,"column":36},"end":{"line":744,"column":3}},"line":731},"47":{"name":"(anonymous_47)","decl":{"start":{"line":738,"column":29},"end":{"line":738,"column":30}},"loc":{"start":{"line":738,"column":36},"end":{"line":742,"column":5}},"line":738},"48":{"name":"(anonymous_48)","decl":{"start":{"line":746,"column":31},"end":{"line":746,"column":32}},"loc":{"start":{"line":746,"column":37},"end":{"line":753,"column":3}},"line":746},"49":{"name":"(anonymous_49)","decl":{"start":{"line":748,"column":46},"end":{"line":748,"column":47}},"loc":{"start":{"line":748,"column":58},"end":{"line":748,"column":74}},"line":748},"50":{"name":"(anonymous_50)","decl":{"start":{"line":749,"column":38},"end":{"line":749,"column":39}},"loc":{"start":{"line":749,"column":50},"end":{"line":749,"column":66}},"line":749},"51":{"name":"(anonymous_51)","decl":{"start":{"line":750,"column":40},"end":{"line":750,"column":41}},"loc":{"start":{"line":750,"column":52},"end":{"line":750,"column":68}},"line":750},"52":{"name":"(anonymous_52)","decl":{"start":{"line":751,"column":40},"end":{"line":751,"column":41}},"loc":{"start":{"line":751,"column":52},"end":{"line":751,"column":68}},"line":751},"53":{"name":"(anonymous_53)","decl":{"start":{"line":756,"column":32},"end":{"line":756,"column":33}},"loc":{"start":{"line":756,"column":38},"end":{"line":758,"column":3}},"line":756},"54":{"name":"(anonymous_54)","decl":{"start":{"line":757,"column":35},"end":{"line":757,"column":36}},"loc":{"start":{"line":757,"column":50},"end":{"line":757,"column":69}},"line":757},"55":{"name":"(anonymous_55)","decl":{"start":{"line":760,"column":29},"end":{"line":760,"column":30}},"loc":{"start":{"line":760,"column":35},"end":{"line":762,"column":3}},"line":760},"56":{"name":"(anonymous_56)","decl":{"start":{"line":761,"column":46},"end":{"line":761,"column":47}},"loc":{"start":{"line":761,"column":61},"end":{"line":761,"column":77}},"line":761},"57":{"name":"(anonymous_57)","decl":{"start":{"line":764,"column":31},"end":{"line":764,"column":32}},"loc":{"start":{"line":764,"column":37},"end":{"line":766,"column":3}},"line":764},"58":{"name":"(anonymous_58)","decl":{"start":{"line":765,"column":46},"end":{"line":765,"column":47}},"loc":{"start":{"line":765,"column":61},"end":{"line":765,"column":79}},"line":765},"59":{"name":"(anonymous_59)","decl":{"start":{"line":768,"column":27},"end":{"line":768,"column":28}},"loc":{"start":{"line":768,"column":33},"end":{"line":770,"column":3}},"line":768},"60":{"name":"(anonymous_60)","decl":{"start":{"line":769,"column":46},"end":{"line":769,"column":47}},"loc":{"start":{"line":769,"column":61},"end":{"line":769,"column":75}},"line":769},"61":{"name":"(anonymous_61)","decl":{"start":{"line":772,"column":29},"end":{"line":772,"column":30}},"loc":{"start":{"line":772,"column":35},"end":{"line":774,"column":3}},"line":772},"62":{"name":"(anonymous_62)","decl":{"start":{"line":773,"column":46},"end":{"line":773,"column":47}},"loc":{"start":{"line":773,"column":61},"end":{"line":773,"column":77}},"line":773},"63":{"name":"(anonymous_63)","decl":{"start":{"line":777,"column":30},"end":{"line":777,"column":31}},"loc":{"start":{"line":777,"column":36},"end":{"line":782,"column":3}},"line":777},"64":{"name":"(anonymous_64)","decl":{"start":{"line":779,"column":42},"end":{"line":779,"column":43}},"loc":{"start":{"line":779,"column":56},"end":{"line":779,"column":87}},"line":779},"65":{"name":"(anonymous_65)","decl":{"start":{"line":785,"column":36},"end":{"line":785,"column":37}},"loc":{"start":{"line":785,"column":42},"end":{"line":787,"column":3}},"line":785},"66":{"name":"(anonymous_66)","decl":{"start":{"line":790,"column":34},"end":{"line":790,"column":35}},"loc":{"start":{"line":790,"column":92},"end":{"line":824,"column":3}},"line":790},"67":{"name":"(anonymous_67)","decl":{"start":{"line":807,"column":17},"end":{"line":807,"column":18}},"loc":{"start":{"line":807,"column":27},"end":{"line":822,"column":5}},"line":807},"68":{"name":"(anonymous_68)","decl":{"start":{"line":826,"column":37},"end":{"line":826,"column":38}},"loc":{"start":{"line":826,"column":57},"end":{"line":838,"column":3}},"line":826},"69":{"name":"(anonymous_69)","decl":{"start":{"line":827,"column":17},"end":{"line":827,"column":18}},"loc":{"start":{"line":827,"column":27},"end":{"line":837,"column":5}},"line":827},"70":{"name":"(anonymous_70)","decl":{"start":{"line":834,"column":39},"end":{"line":834,"column":40}},"loc":{"start":{"line":834,"column":46},"end":{"line":834,"column":61}},"line":834},"71":{"name":"(anonymous_71)","decl":{"start":{"line":840,"column":41},"end":{"line":840,"column":42}},"loc":{"start":{"line":840,"column":79},"end":{"line":870,"column":3}},"line":840},"72":{"name":"(anonymous_72)","decl":{"start":{"line":841,"column":17},"end":{"line":841,"column":18}},"loc":{"start":{"line":841,"column":27},"end":{"line":869,"column":5}},"line":841},"73":{"name":"(anonymous_73)","decl":{"start":{"line":848,"column":36},"end":{"line":848,"column":37}},"loc":{"start":{"line":848,"column":46},"end":{"line":866,"column":11}},"line":848},"74":{"name":"(anonymous_74)","decl":{"start":{"line":850,"column":51},"end":{"line":850,"column":52}},"loc":{"start":{"line":850,"column":58},"end":{"line":850,"column":78}},"line":850},"75":{"name":"(anonymous_75)","decl":{"start":{"line":872,"column":31},"end":{"line":872,"column":32}},"loc":{"start":{"line":872,"column":47},"end":{"line":890,"column":3}},"line":872},"76":{"name":"(anonymous_76)","decl":{"start":{"line":873,"column":17},"end":{"line":873,"column":18}},"loc":{"start":{"line":873,"column":27},"end":{"line":889,"column":5}},"line":873},"77":{"name":"(anonymous_77)","decl":{"start":{"line":892,"column":33},"end":{"line":892,"column":34}},"loc":{"start":{"line":892,"column":39},"end":{"line":904,"column":3}},"line":892},"78":{"name":"(anonymous_78)","decl":{"start":{"line":893,"column":17},"end":{"line":893,"column":18}},"loc":{"start":{"line":893,"column":27},"end":{"line":903,"column":5}},"line":893},"79":{"name":"(anonymous_79)","decl":{"start":{"line":906,"column":33},"end":{"line":906,"column":34}},"loc":{"start":{"line":906,"column":100},"end":{"line":930,"column":3}},"line":906},"80":{"name":"(anonymous_80)","decl":{"start":{"line":914,"column":17},"end":{"line":914,"column":18}},"loc":{"start":{"line":914,"column":27},"end":{"line":929,"column":5}},"line":914},"81":{"name":"(anonymous_81)","decl":{"start":{"line":932,"column":36},"end":{"line":932,"column":37}},"loc":{"start":{"line":932,"column":52},"end":{"line":944,"column":3}},"line":932},"82":{"name":"(anonymous_82)","decl":{"start":{"line":933,"column":17},"end":{"line":933,"column":18}},"loc":{"start":{"line":933,"column":27},"end":{"line":943,"column":5}},"line":933},"83":{"name":"(anonymous_83)","decl":{"start":{"line":940,"column":49},"end":{"line":940,"column":50}},"loc":{"start":{"line":940,"column":56},"end":{"line":940,"column":67}},"line":940},"84":{"name":"(anonymous_84)","decl":{"start":{"line":946,"column":31},"end":{"line":946,"column":32}},"loc":{"start":{"line":946,"column":50},"end":{"line":963,"column":3}},"line":946},"85":{"name":"(anonymous_85)","decl":{"start":{"line":947,"column":17},"end":{"line":947,"column":18}},"loc":{"start":{"line":947,"column":27},"end":{"line":962,"column":5}},"line":947},"86":{"name":"(anonymous_86)","decl":{"start":{"line":965,"column":36},"end":{"line":965,"column":37}},"loc":{"start":{"line":965,"column":82},"end":{"line":1014,"column":3}},"line":965},"87":{"name":"(anonymous_87)","decl":{"start":{"line":977,"column":19},"end":{"line":977,"column":20}},"loc":{"start":{"line":977,"column":29},"end":{"line":1012,"column":5}},"line":977},"88":{"name":"(anonymous_88)","decl":{"start":{"line":1007,"column":100},"end":{"line":1007,"column":101}},"loc":{"start":{"line":1007,"column":109},"end":{"line":1009,"column":9}},"line":1007},"89":{"name":"(anonymous_89)","decl":{"start":{"line":1016,"column":39},"end":{"line":1016,"column":40}},"loc":{"start":{"line":1016,"column":59},"end":{"line":1030,"column":3}},"line":1016},"90":{"name":"(anonymous_90)","decl":{"start":{"line":1017,"column":19},"end":{"line":1017,"column":20}},"loc":{"start":{"line":1017,"column":29},"end":{"line":1029,"column":5}},"line":1017},"91":{"name":"(anonymous_91)","decl":{"start":{"line":1018,"column":34},"end":{"line":1018,"column":35}},"loc":{"start":{"line":1018,"column":41},"end":{"line":1018,"column":56}},"line":1018},"92":{"name":"(anonymous_92)","decl":{"start":{"line":1024,"column":81},"end":{"line":1024,"column":82}},"loc":{"start":{"line":1024,"column":90},"end":{"line":1026,"column":9}},"line":1024},"93":{"name":"(anonymous_93)","decl":{"start":{"line":1032,"column":34},"end":{"line":1032,"column":35}},"loc":{"start":{"line":1032,"column":68},"end":{"line":1037,"column":3}},"line":1032},"94":{"name":"(anonymous_94)","decl":{"start":{"line":1033,"column":17},"end":{"line":1033,"column":18}},"loc":{"start":{"line":1033,"column":28},"end":{"line":1036,"column":5}},"line":1033},"95":{"name":"(anonymous_95)","decl":{"start":{"line":1040,"column":29},"end":{"line":1040,"column":30}},"loc":{"start":{"line":1040,"column":54},"end":{"line":1094,"column":3}},"line":1040},"96":{"name":"(anonymous_96)","decl":{"start":{"line":1068,"column":47},"end":{"line":1068,"column":48}},"loc":{"start":{"line":1068,"column":59},"end":{"line":1068,"column":75}},"line":1068},"97":{"name":"(anonymous_97)","decl":{"start":{"line":1069,"column":48},"end":{"line":1069,"column":49}},"loc":{"start":{"line":1069,"column":60},"end":{"line":1069,"column":73}},"line":1069},"98":{"name":"(anonymous_98)","decl":{"start":{"line":1070,"column":50},"end":{"line":1070,"column":51}},"loc":{"start":{"line":1070,"column":62},"end":{"line":1070,"column":77}},"line":1070},"99":{"name":"(anonymous_99)","decl":{"start":{"line":1071,"column":46},"end":{"line":1071,"column":47}},"loc":{"start":{"line":1071,"column":58},"end":{"line":1071,"column":69}},"line":1071},"100":{"name":"(anonymous_100)","decl":{"start":{"line":1072,"column":48},"end":{"line":1072,"column":49}},"loc":{"start":{"line":1072,"column":60},"end":{"line":1072,"column":80}},"line":1072},"101":{"name":"(anonymous_101)","decl":{"start":{"line":1075,"column":87},"end":{"line":1075,"column":88}},"loc":{"start":{"line":1075,"column":99},"end":{"line":1075,"column":121}},"line":1075},"102":{"name":"(anonymous_102)","decl":{"start":{"line":1096,"column":28},"end":{"line":1096,"column":29}},"loc":{"start":{"line":1096,"column":114},"end":{"line":1141,"column":3}},"line":1096},"103":{"name":"(anonymous_103)","decl":{"start":{"line":1146,"column":35},"end":{"line":1146,"column":36}},"loc":{"start":{"line":1157,"column":18},"end":{"line":1237,"column":3}},"line":1157},"104":{"name":"(anonymous_104)","decl":{"start":{"line":1239,"column":31},"end":{"line":1239,"column":32}},"loc":{"start":{"line":1239,"column":108},"end":{"line":1320,"column":3}},"line":1239},"105":{"name":"(anonymous_105)","decl":{"start":{"line":1246,"column":70},"end":{"line":1246,"column":71}},"loc":{"start":{"line":1246,"column":76},"end":{"line":1246,"column":78}},"line":1246},"106":{"name":"(anonymous_106)","decl":{"start":{"line":1322,"column":29},"end":{"line":1322,"column":30}},"loc":{"start":{"line":1322,"column":56},"end":{"line":1371,"column":3}},"line":1322},"107":{"name":"(anonymous_107)","decl":{"start":{"line":1367,"column":17},"end":{"line":1367,"column":18}},"loc":{"start":{"line":1367,"column":23},"end":{"line":1369,"column":7}},"line":1367},"108":{"name":"(anonymous_108)","decl":{"start":{"line":1373,"column":36},"end":{"line":1373,"column":37}},"loc":{"start":{"line":1373,"column":95},"end":{"line":1443,"column":3}},"line":1373},"109":{"name":"(anonymous_109)","decl":{"start":{"line":1439,"column":17},"end":{"line":1439,"column":18}},"loc":{"start":{"line":1439,"column":23},"end":{"line":1441,"column":7}},"line":1439},"110":{"name":"(anonymous_110)","decl":{"start":{"line":1445,"column":32},"end":{"line":1445,"column":33}},"loc":{"start":{"line":1445,"column":59},"end":{"line":1454,"column":3}},"line":1445},"111":{"name":"(anonymous_111)","decl":{"start":{"line":1457,"column":4},"end":{"line":1457,"column":5}},"loc":{"start":{"line":1457,"column":11},"end":{"line":1494,"column":5}},"line":1457},"112":{"name":"(anonymous_112)","decl":{"start":{"line":1541,"column":25},"end":{"line":1541,"column":26}},"loc":{"start":{"line":1541,"column":31},"end":{"line":1547,"column":1}},"line":1541}},"branchMap":{"0":{"loc":{"start":{"line":35,"column":2},"end":{"line":37,"column":3}},"type":"if","locations":[{"start":{"line":35,"column":2},"end":{"line":37,"column":3}},{"start":{},"end":{}}],"line":35},"1":{"loc":{"start":{"line":38,"column":22},"end":{"line":38,"column":37}},"type":"binary-expr","locations":[{"start":{"line":38,"column":22},"end":{"line":38,"column":31}},{"start":{"line":38,"column":35},"end":{"line":38,"column":37}}],"line":38},"2":{"loc":{"start":{"line":40,"column":6},"end":{"line":46,"column":25}},"type":"binary-expr","locations":[{"start":{"line":40,"column":6},"end":{"line":40,"column":33}},{"start":{"line":41,"column":6},"end":{"line":41,"column":25}},{"start":{"line":42,"column":6},"end":{"line":42,"column":25}},{"start":{"line":43,"column":6},"end":{"line":43,"column":25}},{"start":{"line":44,"column":6},"end":{"line":44,"column":25}},{"start":{"line":45,"column":6},"end":{"line":45,"column":25}},{"start":{"line":46,"column":6},"end":{"line":46,"column":25}}],"line":40},"3":{"loc":{"start":{"line":48,"column":27},"end":{"line":48,"column":47}},"type":"binary-expr","locations":[{"start":{"line":48,"column":27},"end":{"line":48,"column":41}},{"start":{"line":48,"column":45},"end":{"line":48,"column":47}}],"line":48},"4":{"loc":{"start":{"line":50,"column":4},"end":{"line":51,"column":61}},"type":"binary-expr","locations":[{"start":{"line":50,"column":4},"end":{"line":50,"column":56}},{"start":{"line":51,"column":4},"end":{"line":51,"column":61}}],"line":50},"5":{"loc":{"start":{"line":50,"column":5},"end":{"line":50,"column":25}},"type":"binary-expr","locations":[{"start":{"line":50,"column":5},"end":{"line":50,"column":19}},{"start":{"line":50,"column":23},"end":{"line":50,"column":25}}],"line":50},"6":{"loc":{"start":{"line":51,"column":5},"end":{"line":51,"column":20}},"type":"binary-expr","locations":[{"start":{"line":51,"column":5},"end":{"line
[...]
,"C:\\Users\\navee\\Videos\\Calorify\\calori\\src\\services\\ai\\validation\\AIInputValidator.ts": {"path":"C:\\Users\\navee\\Videos\\Calorify\\calori\\src\\services\\ai\\validation\\AIInputValidator.ts","statementMap":{"0":{"start":{"line":6,"column":33},"end":{"line":12,"column":1}},"1":{"start":{"line":15,"column":34},"end":{"line":21,"column":1}},"2":{"start":{"line":28,"column":4},"end":{"line":34,"column":5}},"3":{"start":{"line":29,"column":6},"end":{"line":33,"column":8}},"4":{"start":{"line":37,"column":18},"end":{"line":40,"column":13}},"5":{"start":{"line":43,"column":4},"end":{"line":54,"column":5}},"6":{"start":{"line":44,"column":6},"end":{"line":53,"column":8}},"7":{"start":{"line":57,"column":4},"end":{"line":68,"column":5}},"8":{"start":{"line":58,"column":6},"end":{"line":67,"column":8}},"9":{"start":{"line":71,"column":4},"end":{"line":71,"column":54}},"10":{"start":{"line":74,"column":4},"end":{"line":90,"column":5}},"11":{"start":{"line":75,"column":6},"end":{"line":89,"column":7}},"12":{"start":{"line":76,"column":8},"end":{"line":88,"column":10}},"13":{"start":{"line":93,"column":4},"end":{"line":95,"column":5}},"14":{"start":{"line":94,"column":6},"end":{"line":94,"column":67}},"15":{"start":{"line":97,"column":4},"end":{"line":100,"column":6}},"16":{"start":{"line":107,"column":4},"end":{"line":107,"column":79}}},"fnMap":{"0":{"name":"(anonymous_0)","decl":{"start":{"line":27,"column":2},"end":{"line":27,"column":3}},"loc":{"start":{"line":27,"column":67},"end":{"line":101,"column":3}},"line":27},"1":{"name":"(anonymous_1)","decl":{"start":{"line":106,"column":2},"end":{"line":106,"column":3}},"loc":{"start":{"line":106,"column":59},"end":{"line":108,"column":3}},"line":106}},"branchMap":{"0":{"loc":{"start":{"line":28,"column":4},"end":{"line":34,"column":5}},"type":"if","locations":[{"start":{"line":28,"column":4},"end":{"line":34,"column":5}},{"start":{},"end":{}}],"line":28},"1":{"loc":{"start":{"line":28,"column":8},"end":{"line":28,"column":49}},"type":"binary-expr","locations":[{"start":{"line":28,"column":8},"end":{"line":28,"column":17}},{"start":{"line":28,"column":21},"end":{"line":28,"column":49}}],"line":28},"2":{"loc":{"start":{"line":43,"column":4},"end":{"line":54,"column":5}},"type":"if","locations":[{"start":{"line":43,"column":4},"end":{"line":54,"column":5}},{"start":{},"end":{}}],"line":43},"3":{"loc":{"start":{"line":57,"column":4},"end":{"line":68,"column":5}},"type":"if","locations":[{"start":{"line":57,"column":4},"end":{"line":68,"column":5}},{"start":{},"end":{}}],"line":57},"4":{"loc":{"start":{"line":75,"column":6},"end":{"line":89,"column":7}},"type":"if","locations":[{"start":{"line":75,"column":6},"end":{"line":89,"column":7}},{"start":{},"end":{}}],"line":75}},"s":{"0":1,"1":1,"2":13,"3":3,"4":10,"5":10,"6":2,"7":8,"8":1,"9":7,"10":7,"11":30,"12":2,"13":5,"14":25,"15":5,"16":1},"f":{"0":13,"1":1},"b":{"0":[3,10],"1":[13,10],"2":[2,8],"3":[1,7],"4":[2,28]},"_coverageSchema":"1a1c01bbd47fc00a2c39e90264f33305004495a9","hash":"772c5d0ddd1441437e825c3356f3732b9884b96c"}
,"C:\\Users\\navee\\Videos\\Calorify\\calori\\src\\services\\ai\\validation\\AIOutputValidator.ts": {"path":"C:\\Users\\navee\\Videos\\Calorify\\calori\\src\\services\\ai\\validation\\AIOutputValidator.ts","statementMap":{"0":{"start":{"line":6,"column":2},"end":{"line":6,"column":190}},"1":{"start":{"line":8,"column":25},"end":{"line":11,"column":1}},"2":{"start":{"line":18,"column":4},"end":{"line":28,"column":5}},"3":{"start":{"line":19,"column":6},"end":{"line":27,"column":8}},"4":{"start":{"line":31,"column":4},"end":{"line":49,"column":5}},"5":{"start":{"line":33,"column":26},"end":{"line":37,"column":15}},"6":{"start":{"line":38,"column":6},"end":{"line":38,"column":39}},"7":{"start":{"line":40,"column":6},"end":{"line":48,"column":8}},"8":{"start":{"line":51,"column":4},"end":{"line":61,"column":5}},"9":{"start":{"line":52,"column":6},"end":{"line":60,"column":8}},"10":{"start":{"line":63,"column":34},"end":{"line":63,"column":36}},"11":{"start":{"line":64,"column":23},"end":{"line":64,"column":28}},"12":{"start":{"line":66,"column":17},"end":{"line":66,"column":77}},"13":{"start":{"line":67,"column":21},"end":{"line":67,"column":49}},"14":{"start":{"line":68,"column":26},"end":{"line":68,"column":66}},"15":{"start":{"line":69,"column":24},"end":{"line":69,"column":83}},"16":{"start":{"line":70,"column":31},"end":{"line":70,"column":82}},"17":{"start":{"line":73,"column":16},"end":{"line":73,"column":81}},"18":{"start":{"line":74,"column":18},"end":{"line":74,"column":85}},"19":{"start":{"line":75,"column":14},"end":{"line":75,"column":77}},"20":{"start":{"line":76,"column":16},"end":{"line":76,"column":80}},"21":{"start":{"line":77,"column":27},"end":{"line":77,"column":97}},"22":{"start":{"line":82,"column":6},"end":{"line":84,"column":51}},"23":{"start":{"line":86,"column":4},"end":{"line":104,"column":5}},"24":{"start":{"line":87,"column":26},"end":{"line":87,"column":97}},"25":{"start":{"line":88,"column":24},"end":{"line":88,"column":81}},"26":{"start":{"line":90,"column":6},"end":{"line":96,"column":7}},"27":{"start":{"line":91,"column":8},"end":{"line":93,"column":10}},"28":{"start":{"line":94,"column":8},"end":{"line":94,"column":51}},"29":{"start":{"line":95,"column":8},"end":{"line":95,"column":28}},"30":{"start":{"line":97,"column":11},"end":{"line":104,"column":5}},"31":{"start":{"line":99,"column":6},"end":{"line":99,"column":55}},"32":{"start":{"line":100,"column":6},"end":{"line":100,"column":58}},"33":{"start":{"line":101,"column":6},"end":{"line":101,"column":54}},"34":{"start":{"line":102,"column":6},"end":{"line":102,"column":26}},"35":{"start":{"line":103,"column":6},"end":{"line":103,"column":83}},"36":{"start":{"line":106,"column":46},"end":{"line":120,"column":5}},"37":{"start":{"line":122,"column":4},"end":{"line":127,"column":6}},"38":{"start":{"line":134,"column":4},"end":{"line":144,"column":5}},"39":{"start":{"line":135,"column":6},"end":{"line":143,"column":8}},"40":{"start":{"line":146,"column":18},"end":{"line":146,"column":32}},"41":{"start":{"line":147,"column":29},"end":{"line":147,"column":34}},"42":{"start":{"line":149,"column":4},"end":{"line":157,"column":5}},"43":{"start":{"line":150,"column":6},"end":{"line":156,"column":7}},"44":{"start":{"line":151,"column":8},"end":{"line":154,"column":9}},"45":{"start":{"line":152,"column":10},"end":{"line":152,"column":45}},"46":{"start":{"line":153,"column":10},"end":{"line":153,"column":36}},"47":{"start":{"line":155,"column":8},"end":{"line":155,"column":14}},"48":{"start":{"line":159,"column":4},"end":{"line":163,"column":6}}},"fnMap":{"0":{"name":"(anonymous_0)","decl":{"start":{"line":17,"column":2},"end":{"line":17,"column":3}},"loc":{"start":{"line":17,"column":97},"end":{"line":128,"column":3}},"line":17},"1":{"name":"(anonymous_1)","decl":{"start":{"line":133,"column":2},"end":{"line":133,"column":3}},"loc":{"start":{"line":133,"column":79},"end":{"line":164,"column":3}},"line":133}},"branchMap":{"0":{"loc":{"start":{"line":18,"column":4},"end":{"line":28,"column":5}},"type":"if","locations":[{"start":{"line":18,"column":4},"end":{"line":28,"column":5}},{"start":{},"end":{}}],"line":18},"1":{"loc":{"start":{"line":18,"column":8},"end":{"line":18,"column":55}},"type":"binary-expr","locations":[{"start":{"line":18,"column":8},"end":{"line":18,"column":20}},{"start":{"line":18,"column":24},"end":{"line":18,"column":55}}],"line":18},"2":{"loc":{"start":{"line":51,"column":4},"end":{"line":61,"column":5}},"type":"if","locations":[{"start":{"line":51,"column":4},"end":{"line":61,"column":5}},{"start":{},"end":{}}],"line":51},"3":{"loc":{"start":{"line":51,"column":8},"end":{"line":51,"column":45}},"type":"binary-expr","locations":[{"start":{"line":51,"column":8},"end":{"line":51,"column":15}},{"start":{"line":51,"column":19},"end":{"line":51,"column":45}}],"line":51},"4":{"loc":{"start":{"line":66,"column":24},"end":{"line":66,"column":56}},"type":"binary-expr","locations":[{"start":{"line":66,"column":24},"end":{"line":66,"column":35}},{"start":{"line":66,"column":39},"end":{"line":66,"column":56}}],"line":66},"5":{"loc":{"start":{"line":67,"column":21},"end":{"line":67,"column":49}},"type":"binary-expr","locations":[{"start":{"line":67,"column":21},"end":{"line":67,"column":36}},{"start":{"line":67,"column":40},"end":{"line":67,"column":49}}],"line":67},"6":{"loc":{"start":{"line":68,"column":26},"end":{"line":68,"column":66}},"type":"binary-expr","locations":[{"start":{"line":68,"column":26},"end":{"line":68,"column":46}},{"start":{"line":68,"column":50},"end":{"line":68,"column":66}}],"line":68},"7":{"loc":{"start":{"line":69,"column":31},"end":{"line":69,"column":62}},"type":"binary-expr","locations":[{"start":{"line":69,"column":31},"end":{"line":69,"column":49}},{"start":{"line":69,"column":53},"end":{"line":69,"column":62}}],"line":69},"8":{"loc":{"start":{"line":70,"column":43},"end":{"line":70,"column":81}},"type":"binary-expr","locations":[{"start":{"line":70,"column":43},"end":{"line":70,"column":76}},{"start":{"line":70,"column":80},"end":{"line":70,"column":81}}],"line":70},"9":{"loc":{"start":{"line":73,"column":53},"end":{"line":73,"column":78}},"type":"binary-expr","locations":[{"start":{"line":73,"column":53},"end":{"line":73,"column":73}},{"start":{"line":73,"column":77},"end":{"line":73,"column":78}}],"line":73},"10":{"loc":{"start":{"line":74,"column":55},"end":{"line":74,"column":82}},"type":"binary-expr","locations":[{"start":{"line":74,"column":55},"end":{"line":74,"column":77}},{"start":{"line":74,"column":81},"end":{"line":74,"column":82}}],"line":74},"11":{"loc":{"start":{"line":75,"column":51},"end":{"line":75,"column":74}},"type":"binary-expr","locations":[{"start":{"line":75,"column":51},"end":{"line":75,"column":69}},{"start":{"line":75,"column":73},"end":{"line":75,"column":74}}],"line":75},"12":{"loc":{"start":{"line":76,"column":52},"end":{"line":76,"column":77}},"type":"binary-expr","locations":[{"start":{"line":76,"column":52},"end":{"line":76,"column":72}},{"start":{"line":76,"column":76},"end":{"line":76,"column":77}}],"line":76},"13":{"loc":{"start":{"line":77,"column":66},"end":{"line":77,"column":94}},"type":"binary-expr","locations":[{"start":{"line":77,"column":66},"end":{"line":77,"column":89}},{"start":{"line":77,"column":93},"end":{"line":77,"column":94}}],"line":77},"14":{"loc":{"start":{"line":86,"column":4},"end":{"line":104,"column":5}},"type":"if","locations":[{"start":{"line":86,"column":4},"end":{"line":104,"column":5}},{"start":{"line":97,"column":11},"end":{"line":104,"column":5}}],"line":86},"15":{"loc":{"start":{"line":86,"column":8},"end":{"line":86,"column":59}},"type":"binary-expr","locations":[{"start":{"line":86,"column":8},"end":{"line":86,"column":35}},{"start":{"line":86,"column":39},"end":{"line":86,"column":59}}],"line":86},"16":{"loc":{"start":{"line":90,"column":6},"end":{"line":96,"column":7}},"type":"if","locations":[{"start":{"line":90,"column":6},"end":{"line":96,"column":7}},{"start":{},"end":{}}],"line":90},"17":{"loc":{"start":{"line":97,"column":11},"end":{"line":104,"column":5}},"type":"if","locations":[{"start":{"line":97,"column":11},"end":{"line":104,"column":5}},{"start":{},"end":{}}],"line":97},"18":{"loc":{"start":{"line":97,"column":15},"end":{"line":97,"column":68}},"type":"binary-expr","locations":[{"start":{"line":97,"column":15},"end":{"line":97,"column":35}},{"start":{"line":97,"column":39},"end":{"line":97,"column":68}}],"line":97},"19":{"loc":{"start":{"line":117,"column":18},"end":{"line":117,"column":73}},"type":"binary-expr","locations":[{"start":{"line":117,"column":18},"end":{"line":117,"column":35}},{"start":{"line":117,"column":40},"end":{"line":117,"column":72}}],"line":117},"20":{"loc":{"start":{"line":117,"column":40},"end":{"line":117,"column":72}},"type":"cond-expr","locations":[{"start":{"line":117,"column":55},"end":{"line":117,"column":63}},{"start":{"line":117,"column":66},"end":{"line":117,"column":72}}],"line":117},"21":{"loc":{"start":{"line":118,"column":13},"end":{"line":118,"column":31}},"type":"binary-expr","locations":[{"start":{"line":118,"column":13},"end":{"line":118,"column":25}},{"start":{"line":118,"column":29},"end":{"line":118,"column":31}}],"line":118},"22":{"loc":{"start":{"line":134,"column":4},"end":{"line":144,"column":5}},"type":"if","locations":[{"start":{"line":134,"column":4},"end":{"line":144,"column":5}},{"start":{},"end":{}}],"line":134},"23":{"loc":{"start":{"line":134,"column":8},"end":{"line":134,"column":35}},"type":"binary-expr","locations":[{"start":{"line":134,"column":8},"end":{"line":134,"column":16}},{"start":{"line":134,"column":20},"end":{"line":134,"column":35}}],"line":134},"24":{"loc":{"start":{"line":150,"column":6},"end":{"line":156,"column":7}},"type":"if","locations":[{"start":{"line":150,"column":6},"end":{"line":156,"column":7}},{"start":{},"end":{}}],"line":150},"25":{"loc":{"start":{"line":151,"column":8},"end":{"line":154,"column":9}},"type":"if","locations":[{"start":{"line":151,"column":8},"end":{"line":154,"column":9}},{"start":{},"end":{}}],"line":151}},"s":{"0":1,"1":1,"2":11,"3":3,"4":8,"5":8,"6":8,"7":1,"8":7,"9":1,"10":6,"11":6,"12":6,"13":6,"14":6,"15":6,"16":6,"17":6,"18":6,"19":6,"20":6,"21":6,"22":6,"23":6,"24":4,"25":4,"26":4,"27":1,"28":1,"29":1,"30":2,"31":2,"32":2,"33":2,"34":2,"35":2,"36":6,"37":6,"38":5,"39":2,"40":3,"41":3,"42":3,"43":4,"44":2,"45":1,"46":1,"47":2,"48":3},"f":{"0":11,"1":5},"b":{"0":[3,8],"1":[11,8],"2":[1,6],"3":[7,7],"4":[6,5],"5":[6,6],"6":[6,6],"7":[6,6],"8":[6,6],"9":[6,2],"10":[6,3],"11":[6,3],"12":[6,6],"13":[6,1],"14":[4,2],"15":[6,4],"16":[1,3],"17":[2,0],"18":[2,2],"19":[6,6],"20":[3,3],"21":[6,6],"22":[2,3],"23":[5,4],"24":[2,2],"25":[1,1]},"_coverageSchema":"1a1c01bbd47fc00a2c39e90264f33305004495a9","hash":"2fe18f30f772acb2c9c5441b6e97adc98348fc79"}
,"C:\\Users\\navee\\Videos\\Calorify\\calori\\src\\services\\ai\\validation\\EdgeImagePreprocessor.ts": {"path":"C:\\Users\\navee\\Videos\\Calorify\\calori\\src\\services\\ai\\validation\\EdgeImagePreprocessor.ts","statementMap":{"0":{"start":{"line":19,"column":4},"end":{"line":32,"column":5}},"1":{"start":{"line":20,"column":6},"end":{"line":31,"column":8}},"2":{"start":{"line":34,"column":16},"end":{"line":34,"column":32}},"3":{"start":{"line":35,"column":23},"end":{"line":35,"column":35}},"4":{"start":{"line":38,"column":4},"end":{"line":48,"column":5}},"5":{"start":{"line":39,"column":25},"end":{"line":39,"column":43}},"6":{"start":{"line":40,"column":6},"end":{"line":47,"column":7}},"7":{"start":{"line":41,"column":23},"end":{"line":41,"column":49}},"8":{"start":{"line":42,"column":26},"end":{"line":42,"column":55}},"9":{"start":{"line":43,"column":8},"end":{"line":45,"column":9}},"10":{"start":{"line":44,"column":10},"end":{"line":44,"column":38}},"11":{"start":{"line":46,"column":8},"end":{"line":46,"column":44}},"12":{"start":{"line":51,"column":4},"end":{"line":51,"column":44}},"13":{"start":{"line":54,"column":20},"end":{"line":54,"column":74}},"14":{"start":{"line":55,"column":27},"end":{"line":55,"column":71}},"15":{"start":{"line":57,"column":4},"end":{"line":70,"column":5}},"16":{"start":{"line":58,"column":6},"end":{"line":69,"column":8}},"17":{"start":{"line":73,"column":4},"end":{"line":86,"column":5}},"18":{"start":{"line":74,"column":6},"end":{"line":85,"column":8}},"19":{"start":{"line":88,"column":4},"end":{"line":93,"column":6}}},"fnMap":{"0":{"name":"(anonymous_0)","decl":{"start":{"line":18,"column":2},"end":{"line":18,"column":3}},"loc":{"start":{"line":18,"column":104},"end":{"line":94,"column":3}},"line":18}},"branchMap":{"0":{"loc":{"start":{"line":18,"column":42},"end":{"line":18,"column":77}},"type":"default-arg","locations":[{"start":{"line":18,"column":65},"end":{"line":18,"column":77}}],"line":18},"1":{"loc":{"start":{"line":19,"column":4},"end":{"line":32,"column":5}},"type":"if","locations":[{"start":{"line":19,"column":4},"end":{"line":32,"column":5}},{"start":{},"end":{}}],"line":19},"2":{"loc":{"start":{"line":19,"column":8},"end":{"line":19,"column":51}},"type":"binary-expr","locations":[{"start":{"line":19,"column":8},"end":{"line":19,"column":18}},{"start":{"line":19,"column":22},"end":{"line":19,"column":51}}],"line":19},"3":{"loc":{"start":{"line":38,"column":4},"end":{"line":48,"column":5}},"type":"if","locations":[{"start":{"line":38,"column":4},"end":{"line":48,"column":5}},{"start":{},"end":{}}],"line":38},"4":{"loc":{"start":{"line":40,"column":6},"end":{"line":47,"column":7}},"type":"if","locations":[{"start":{"line":40,"column":6},"end":{"line":47,"column":7}},{"start":{},"end":{}}],"line":40},"5":{"loc":{"start":{"line":43,"column":8},"end":{"line":45,"column":9}},"type":"if","locations":[{"start":{"line":43,"column":8},"end":{"line":45,"column":9}},{"start":{},"end":{}}],"line":43},"6":{"loc":{"start":{"line":43,"column":12},"end":{"line":43,"column":37}},"type":"binary-expr","locations":[{"start":{"line":43,"column":12},"end":{"line":43,"column":21}},{"start":{"line":43,"column":25},"end":{"line":43,"column":37}}],"line":43},"7":{"loc":{"start":{"line":54,"column":20},"end":{"line":54,"column":74}},"type":"cond-expr","locations":[{"start":{"line":54,"column":43},"end":{"line":54,"column":44}},{"start":{"line":54,"column":47},"end":{"line":54,"column":74}}],"line":54},"8":{"loc":{"start":{"line":54,"column":47},"end":{"line":54,"column":74}},"type":"cond-expr","locations":[{"start":{"line":54,"column":69},"end":{"line":54,"column":70}},{"start":{"line":54,"column":73},"end":{"line":54,"column":74}}],"line":54},"9":{"loc":{"start":{"line":57,"column":4},"end":{"line":70,"column":5}},"type":"if","locations":[{"start":{"line":57,"column":4},"end":{"line":70,"column":5}},{"start":{},"end":{}}],"line":57},"10":{"loc":{"start":{"line":73,"column":4},"end":{"line":86,"column":5}},"type":"if","locations":[{"start":{"line":73,"column":4},"end":{"line":86,"column":5}},{"start":{},"end":{}}],"line":73}},"s":{"0":9,"1":3,"2":6,"3":6,"4":6,"5":1,"6":1,"7":1,"8":1,"9":1,"10":1,"11":1,"12":6,"13":6,"14":6,"15":6,"16":1,"17":5,"18":1,"19":4},"f":{"0":9},"b":{"0":[9],"1":[3,6],"2":[9,6],"3":[1,5],"4":[1,0],"5":[1,0],"6":[1,1],"7":[0,6],"8":[0,6],"9":[1,5],"10":[1,4]},"_coverageSchema":"1a1c01bbd47fc00a2c39e90264f33305004495a9","hash":"5ca716241286ea6888292176b6abb5454795043f"}
,"C:\\Users\\navee\\Videos\\Calorify\\calori\\src\\theme\\typography.ts": {"path":"C:\\Users\\navee\\Videos\\Calorify\\calori\\src\\theme\\typography.ts","statementMap":{"0":{"start":{"line":1,"column":21},"end":{"line":12,"column":1}}},"fnMap":{},"branchMap":{},"s":{"0":1},"f":{},"b":{},"_coverageSchema":"1a1c01bbd47fc00a2c39e90264f33305004495a9","hash":"74c10e732fac5f169f033077f0d5097594d8e9a0"}
}
