TN:
SF:src\components\common\MarkdownText.tsx
FN:21,(anonymous_0)
FN:39,(anonymous_1)
FN:42,(anonymous_2)
FN:121,(anonymous_3)
FNF:4
FNH:4
FNDA:3,(anonymous_0)
FNDA:4,(anonymous_1)
FNDA:8,(anonymous_2)
FNDA:5,(anonymous_3)
DA:19,1
DA:21,1
DA:27,3
DA:30,3
DA:31,3
DA:32,3
DA:33,0
DA:36,3
DA:39,3
DA:40,4
DA:42,4
DA:43,8
DA:45,8
DA:48,7
DA:52,0
DA:67,7
DA:71,2
DA:82,5
DA:86,0
DA:94,5
DA:95,0
DA:106,5
DA:107,0
DA:115,5
DA:119,3
DA:122,5
DA:125,5
DA:126,1
DA:130,4
DA:131,0
DA:146,4
DA:147,0
DA:162,4
DA:163,1
DA:179,3
DA:180,3
DA:181,0
DA:182,0
DA:200,3
DA:201,3
DA:202,0
DA:203,0
DA:204,0
DA:222,3
DA:223,0
DA:246,3
DA:265,1
LF:47
LH:34
BRDA:23,0,0,3
BRDA:27,1,0,0
BRDA:27,1,1,3
BRDA:31,2,0,3
BRDA:31,2,1,1
BRDA:32,3,0,0
BRDA:32,3,1,3
BRDA:45,4,0,1
BRDA:45,4,1,7
BRDA:48,5,0,0
BRDA:48,5,1,7
BRDA:49,6,0,7
BRDA:49,6,1,0
BRDA:49,6,2,0
BRDA:49,6,3,7
BRDA:49,6,4,0
BRDA:49,6,5,0
BRDA:58,7,0,0
BRDA:58,7,1,0
BRDA:67,8,0,2
BRDA:67,8,1,5
BRDA:68,9,0,7
BRDA:68,9,1,2
BRDA:68,9,2,2
BRDA:68,9,3,5
BRDA:68,9,4,0
BRDA:68,9,5,0
BRDA:74,10,0,0
BRDA:74,10,1,2
BRDA:82,11,0,0
BRDA:82,11,1,5
BRDA:83,12,0,5
BRDA:83,12,1,0
BRDA:83,12,2,0
BRDA:83,12,3,5
BRDA:83,12,4,0
BRDA:83,12,5,0
BRDA:94,13,0,0
BRDA:94,13,1,5
BRDA:94,14,0,5
BRDA:94,14,1,0
BRDA:94,14,2,0
BRDA:98,15,0,0
BRDA:98,15,1,0
BRDA:106,16,0,0
BRDA:106,16,1,5
BRDA:106,17,0,5
BRDA:106,17,1,0
BRDA:106,17,2,0
BRDA:125,18,0,1
BRDA:125,18,1,4
BRDA:130,19,0,0
BRDA:130,19,1,4
BRDA:138,20,0,0
BRDA:138,20,1,0
BRDA:146,21,0,0
BRDA:146,21,1,4
BRDA:154,22,0,0
BRDA:154,22,1,0
BRDA:162,23,0,1
BRDA:162,23,1,3
BRDA:170,24,0,0
BRDA:170,24,1,1
BRDA:180,25,0,0
BRDA:180,25,1,3
BRDA:187,26,0,0
BRDA:187,26,1,0
BRDA:201,27,0,0
BRDA:201,27,1,3
BRDA:209,28,0,0
BRDA:209,28,1,0
BRDA:222,29,0,0
BRDA:222,29,1,3
BRDA:228,30,0,0
BRDA:228,30,1,0
BRDA:236,31,0,0
BRDA:236,31,1,0
BRDA:252,32,0,1
BRDA:252,32,1,2
BRDA:252,33,0,3
BRDA:252,33,1,1
BRDA:298,34,0,1
BRDA:298,34,1,0
BRF:83
BRH:39
end_of_record
TN:
SF:src\context\HealthContext.tsx
FN:25,(anonymous_0)
FN:26,(anonymous_1)
FN:27,(anonymous_2)
FN:34,(anonymous_3)
FN:39,(anonymous_4)
FN:48,(anonymous_5)
FN:50,(anonymous_6)
FN:51,(anonymous_7)
FN:67,sanitizeForFirestore
FN:70,(anonymous_9)
FN:109,(anonymous_10)
FN:122,(anonymous_11)
FN:146,(anonymous_12)
FN:290,(anonymous_13)
FN:308,(anonymous_14)
FN:325,(anonymous_15)
FN:356,(anonymous_16)
FN:357,(anonymous_17)
FN:378,(anonymous_18)
FN:379,(anonymous_19)
FN:383,(anonymous_20)
FN:439,(anonymous_21)
FN:459,(anonymous_22)
FN:472,(anonymous_23)
FN:486,(anonymous_24)
FN:487,(anonymous_25)
FN:578,(anonymous_26)
FN:579,(anonymous_27)
FN:608,(anonymous_28)
FN:612,(anonymous_29)
FN:618,(anonymous_30)
FN:625,(anonymous_31)
FN:637,(anonymous_32)
FN:649,(anonymous_33)
FN:655,(anonymous_34)
FN:662,(anonymous_35)
FN:672,(anonymous_36)
FN:682,(anonymous_37)
FN:685,(anonymous_38)
FN:690,(anonymous_39)
FN:694,(anonymous_40)
FN:698,(anonymous_41)
FN:704,(anonymous_42)
FN:709,(anonymous_43)
FN:721,(anonymous_44)
FN:722,(anonymous_45)
FN:731,(anonymous_46)
FN:738,(anonymous_47)
FN:746,(anonymous_48)
FN:748,(anonymous_49)
FN:749,(anonymous_50)
FN:750,(anonymous_51)
FN:751,(anonymous_52)
FN:756,(anonymous_53)
FN:757,(anonymous_54)
FN:760,(anonymous_55)
FN:761,(anonymous_56)
FN:764,(anonymous_57)
FN:765,(anonymous_58)
FN:768,(anonymous_59)
FN:769,(anonymous_60)
FN:772,(anonymous_61)
FN:773,(anonymous_62)
FN:777,(anonymous_63)
FN:779,(anonymous_64)
FN:785,(anonymous_65)
FN:790,(anonymous_66)
FN:807,(anonymous_67)
FN:826,(anonymous_68)
FN:827,(anonymous_69)
FN:834,(anonymous_70)
FN:840,(anonymous_71)
FN:841,(anonymous_72)
FN:848,(anonymous_73)
FN:850,(anonymous_74)
FN:872,(anonymous_75)
FN:873,(anonymous_76)
FN:892,(anonymous_77)
FN:893,(anonymous_78)
FN:906,(anonymous_79)
FN:914,(anonymous_80)
FN:932,(anonymous_81)
FN:933,(anonymous_82)
FN:940,(anonymous_83)
FN:946,(anonymous_84)
FN:947,(anonymous_85)
FN:965,(anonymous_86)
FN:977,(anonymous_87)
FN:1007,(anonymous_88)
FN:1016,(anonymous_89)
FN:1017,(anonymous_90)
FN:1018,(anonymous_91)
FN:1024,(anonymous_92)
FN:1032,(anonymous_93)
FN:1033,(anonymous_94)
FN:1040,(anonymous_95)
FN:1068,(anonymous_96)
FN:1069,(anonymous_97)
FN:1070,(anonymous_98)
FN:1071,(anonymous_99)
FN:1072,(anonymous_100)
FN:1075,(anonymous_101)
FN:1096,(anonymous_102)
FN:1146,(anonymous_103)
FN:1239,(anonymous_104)
FN:1246,(anonymous_105)
FN:1322,(anonymous_106)
FN:1367,(anonymous_107)
FN:1373,(anonymous_108)
FN:1439,(anonymous_109)
FN:1445,(anonymous_110)
FN:1457,(anonymous_111)
FN:1541,(anonymous_112)
FNF:113
FNH:78
FNDA:4,(anonymous_0)
FNDA:2,(anonymous_1)
FNDA:21,(anonymous_2)
FNDA:3,(anonymous_3)
FNDA:2,(anonymous_4)
FNDA:2,(anonymous_5)
FNDA:1,(anonymous_6)
FNDA:0,(anonymous_7)
FNDA:11,sanitizeForFirestore
FNDA:1,(anonymous_9)
FNDA:377,(anonymous_10)
FNDA:28,(anonymous_11)
FNDA:0,(anonymous_12)
FNDA:37,(anonymous_13)
FNDA:1,(anonymous_14)
FNDA:0,(anonymous_15)
FNDA:0,(anonymous_16)
FNDA:0,(anonymous_17)
FNDA:0,(anonymous_18)
FNDA:0,(anonymous_19)
FNDA:0,(anonymous_20)
FNDA:0,(anonymous_21)
FNDA:0,(anonymous_22)
FNDA:0,(anonymous_23)
FNDA:11,(anonymous_24)
FNDA:11,(anonymous_25)
FNDA:11,(anonymous_26)
FNDA:1,(anonymous_27)
FNDA:11,(anonymous_28)
FNDA:35,(anonymous_29)
FNDA:0,(anonymous_30)
FNDA:0,(anonymous_31)
FNDA:0,(anonymous_32)
FNDA:26,(anonymous_33)
FNDA:0,(anonymous_34)
FNDA:0,(anonymous_35)
FNDA:0,(anonymous_36)
FNDA:26,(anonymous_37)
FNDA:0,(anonymous_38)
FNDA:14,(anonymous_39)
FNDA:35,(anonymous_40)
FNDA:0,(anonymous_41)
FNDA:14,(anonymous_42)
FNDA:35,(anonymous_43)
FNDA:0,(anonymous_44)
FNDA:0,(anonymous_45)
FNDA:30,(anonymous_46)
FNDA:5,(anonymous_47)
FNDA:30,(anonymous_48)
FNDA:1,(anonymous_49)
FNDA:2,(anonymous_50)
FNDA:0,(anonymous_51)
FNDA:2,(anonymous_52)
FNDA:30,(anonymous_53)
FNDA:5,(anonymous_54)
FNDA:30,(anonymous_55)
FNDA:5,(anonymous_56)
FNDA:30,(anonymous_57)
FNDA:5,(anonymous_58)
FNDA:30,(anonymous_59)
FNDA:5,(anonymous_60)
FNDA:30,(anonymous_61)
FNDA:5,(anonymous_62)
FNDA:27,(anonymous_63)
FNDA:1,(anonymous_64)
FNDA:22,(anonymous_65)
FNDA:4,(anonymous_66)
FNDA:4,(anonymous_67)
FNDA:1,(anonymous_68)
FNDA:1,(anonymous_69)
FNDA:1,(anonymous_70)
FNDA:1,(anonymous_71)
FNDA:1,(anonymous_72)
FNDA:1,(anonymous_73)
FNDA:7,(anonymous_74)
FNDA:2,(anonymous_75)
FNDA:2,(anonymous_76)
FNDA:1,(anonymous_77)
FNDA:1,(anonymous_78)
FNDA:1,(anonymous_79)
FNDA:1,(anonymous_80)
FNDA:1,(anonymous_81)
FNDA:1,(anonymous_82)
FNDA:1,(anonymous_83)
FNDA:1,(anonymous_84)
FNDA:1,(anonymous_85)
FNDA:2,(anonymous_86)
FNDA:2,(anonymous_87)
FNDA:0,(anonymous_88)
FNDA:0,(anonymous_89)
FNDA:0,(anonymous_90)
FNDA:0,(anonymous_91)
FNDA:0,(anonymous_92)
FNDA:2,(anonymous_93)
FNDA:2,(anonymous_94)
FNDA:36,(anonymous_95)
FNDA:5,(anonymous_96)
FNDA:5,(anonymous_97)
FNDA:5,(anonymous_98)
FNDA:5,(anonymous_99)
FNDA:5,(anonymous_100)
FNDA:1,(anonymous_101)
FNDA:0,(anonymous_102)
FNDA:0,(anonymous_103)
FNDA:0,(anonymous_104)
FNDA:0,(anonymous_105)
FNDA:1,(anonymous_106)
FNDA:0,(anonymous_107)
FNDA:0,(anonymous_108)
FNDA:0,(anonymous_109)
FNDA:0,(anonymous_110)
FNDA:37,(anonymous_111)
FNDA:37,(anonymous_112)
DA:18,1
DA:25,4
DA:26,2
DA:27,21
DA:34,1
DA:35,3
DA:36,1
DA:38,2
DA:40,2
DA:48,2
DA:50,2
DA:51,0
DA:52,2
DA:53,2
DA:54,2
DA:68,11
DA:69,8
DA:70,1
DA:72,7
DA:73,3
DA:74,3
DA:75,8
DA:76,5
DA:79,3
DA:81,4
DA:84,1
DA:109,1
DA:110,377
DA:111,377
DA:112,377
DA:113,377
DA:122,1
DA:123,28
DA:124,28
DA:125,28
DA:126,39
DA:127,39
DA:128,39
DA:129,39
DA:131,39
DA:135,39
DA:136,11
DA:138,28
DA:141,28
DA:146,1
DA:147,0
DA:288,1
DA:290,1
DA:291,37
DA:292,37
DA:293,37
DA:294,37
DA:295,37
DA:296,37
DA:297,37
DA:300,37
DA:301,37
DA:302,37
DA:303,37
DA:304,37
DA:305,37
DA:308,37
DA:309,1
DA:310,1
DA:311,1
DA:312,1
DA:313,1
DA:316,1
DA:317,1
DA:318,1
DA:323,1
DA:324,0
DA:325,0
DA:328,1
DA:329,0
DA:330,0
DA:331,0
DA:333,0
DA:334,0
DA:338,0
DA:342,1
DA:343,1
DA:344,1
DA:345,0
DA:346,0
DA:347,0
DA:355,0
DA:356,0
DA:357,0
DA:361,0
DA:365,1
DA:366,1
DA:367,1
DA:368,1
DA:369,1
DA:371,1
DA:372,0
DA:373,0
DA:374,0
DA:378,0
DA:379,0
DA:382,0
DA:383,0
DA:387,0
DA:389,0
DA:390,0
DA:391,0
DA:392,0
DA:393,0
DA:396,0
DA:401,1
DA:402,1
DA:404,1
DA:405,0
DA:409,1
DA:410,1
DA:419,1
DA:422,1
DA:423,1
DA:424,1
DA:425,1
DA:426,0
DA:427,0
DA:428,0
DA:432,0
DA:435,1
DA:436,1
DA:437,1
DA:438,1
DA:439,0
DA:440,0
DA:441,0
DA:458,0
DA:459,0
DA:462,0
DA:466,1
DA:472,1
DA:473,0
DA:476,1
DA:479,0
DA:481,1
DA:486,37
DA:487,11
DA:488,11
DA:489,11
DA:490,11
DA:491,11
DA:492,11
DA:496,11
DA:497,2
DA:498,2
DA:501,11
DA:502,11
DA:504,11
DA:505,0
DA:506,0
DA:507,0
DA:508,0
DA:509,0
DA:511,0
DA:516,11
DA:517,2
DA:518,2
DA:519,2
DA:520,0
DA:523,9
DA:524,0
DA:525,0
DA:529,11
DA:532,11
DA:533,2
DA:534,2
DA:535,0
DA:536,0
DA:541,11
DA:542,11
DA:543,11
DA:544,0
DA:545,0
DA:551,11
DA:552,11
DA:553,11
DA:554,0
DA:556,11
DA:560,11
DA:561,11
DA:566,11
DA:568,0
DA:570,11
DA:574,11
DA:578,37
DA:579,11
DA:580,1
DA:581,1
DA:582,1
DA:587,1
DA:588,1
DA:591,1
DA:592,1
DA:596,0
DA:597,0
DA:598,0
DA:599,0
DA:600,0
DA:601,0
DA:605,1
DA:608,11
DA:612,37
DA:613,35
DA:614,24
DA:618,24
DA:621,24
DA:622,13
DA:625,24
DA:626,0
DA:633,0
DA:634,0
DA:635,0
DA:636,0
DA:637,0
DA:638,0
DA:641,0
DA:649,37
DA:650,26
DA:651,15
DA:655,15
DA:658,15
DA:659,4
DA:662,15
DA:663,0
DA:670,0
DA:671,0
DA:672,0
DA:673,0
DA:676,0
DA:682,37
DA:683,26
DA:684,15
DA:685,15
DA:689,37
DA:690,37
DA:691,14
DA:694,37
DA:695,35
DA:696,24
DA:697,24
DA:698,0
DA:704,37
DA:705,14
DA:709,37
DA:710,35
DA:711,35
DA:721,37
DA:722,0
DA:723,0
DA:724,0
DA:725,0
DA:726,0
DA:731,37
DA:732,30
DA:738,30
DA:739,5
DA:740,5
DA:743,30
DA:746,37
DA:747,30
DA:748,1
DA:749,2
DA:750,0
DA:751,2
DA:756,37
DA:757,30
DA:760,37
DA:761,30
DA:764,37
DA:765,30
DA:768,37
DA:769,30
DA:772,37
DA:773,30
DA:777,37
DA:778,27
DA:779,27
DA:780,27
DA:781,27
DA:785,37
DA:786,22
DA:790,37
DA:791,4
DA:807,4
DA:808,4
DA:815,4
DA:823,4
DA:826,37
DA:827,1
DA:828,1
DA:829,1
DA:830,1
DA:834,1
DA:840,37
DA:841,1
DA:842,1
DA:843,1
DA:844,1
DA:849,1
DA:850,7
DA:851,1
DA:852,1
DA:853,1
DA:854,1
DA:855,1
DA:857,1
DA:872,37
DA:873,2
DA:874,2
DA:881,2
DA:882,2
DA:892,37
DA:893,1
DA:894,1
DA:895,1
DA:896,1
DA:906,37
DA:907,1
DA:914,1
DA:915,1
DA:922,1
DA:932,37
DA:933,1
DA:934,1
DA:935,1
DA:936,1
DA:940,1
DA:946,37
DA:947,1
DA:948,1
DA:955,1
DA:965,37
DA:966,2
DA:977,2
DA:978,2
DA:979,2
DA:980,2
DA:982,2
DA:983,2
DA:985,0
DA:1000,0
DA:1001,0
DA:1003,0
DA:1004,0
DA:1007,0
DA:1008,0
DA:1011,2
DA:1013,2
DA:1016,37
DA:1017,0
DA:1018,0
DA:1019,0
DA:1020,0
DA:1022,0
DA:1023,0
DA:1024,0
DA:1025,0
DA:1028,0
DA:1032,37
DA:1033,2
DA:1040,37
DA:1041,36
DA:1042,36
DA:1043,36
DA:1044,36
DA:1047,36
DA:1048,36
DA:1058,36
DA:1060,36
DA:1061,252
DA:1062,252
DA:1063,252
DA:1064,252
DA:1065,252
DA:1067,252
DA:1068,252
DA:1069,252
DA:1070,252
DA:1071,252
DA:1072,252
DA:1073,252
DA:1074,252
DA:1075,252
DA:1076,252
DA:1077,252
DA:1079,252
DA:1093,36
DA:1096,37
DA:1097,0
DA:1098,0
DA:1099,0
DA:1100,0
DA:1101,0
DA:1102,0
DA:1103,0
DA:1108,0
DA:1109,0
DA:1112,0
DA:1114,0
DA:1116,0
DA:1117,0
DA:1122,0
DA:1124,0
DA:1125,0
DA:1127,0
DA:1128,0
DA:1130,0
DA:1131,0
DA:1133,0
DA:1134,0
DA:1136,0
DA:1139,0
DA:1146,37
DA:1158,0
DA:1159,0
DA:1160,0
DA:1163,0
DA:1167,0
DA:1168,0
DA:1171,0
DA:1174,0
DA:1177,0
DA:1180,0
DA:1186,0
DA:1188,0
DA:1189,0
DA:1190,0
DA:1192,0
DA:1193,0
DA:1196,0
DA:1197,0
DA:1202,0
DA:1203,0
DA:1206,0
DA:1207,0
DA:1210,0
DA:1211,0
DA:1214,0
DA:1215,0
DA:1217,0
DA:1239,37
DA:1240,0
DA:1241,0
DA:1242,0
DA:1243,0
DA:1244,0
DA:1246,0
DA:1248,0
DA:1253,0
DA:1254,0
DA:1257,0
DA:1258,0
DA:1261,0
DA:1262,0
DA:1277,0
DA:1280,0
DA:1281,0
DA:1288,0
DA:1289,0
DA:1290,0
DA:1291,0
DA:1292,0
DA:1294,0
DA:1297,0
DA:1299,0
DA:1300,0
DA:1301,0
DA:1303,0
DA:1304,0
DA:1306,0
DA:1307,0
DA:1309,0
DA:1310,0
DA:1312,0
DA:1313,0
DA:1315,0
DA:1318,0
DA:1322,37
DA:1323,1
DA:1324,1
DA:1327,1
DA:1329,1
DA:1331,1
DA:1332,1
DA:1334,0
DA:1336,1
DA:1337,1
DA:1344,1
DA:1345,1
DA:1346,1
DA:1347,1
DA:1348,1
DA:1349,1
DA:1350,1
DA:1355,1
DA:1356,0
DA:1362,1
DA:1364,0
DA:1367,1
DA:1368,0
DA:1373,37
DA:1374,0
DA:1375,0
DA:1376,0
DA:1377,0
DA:1378,0
DA:1379,0
DA:1381,0
DA:1382,0
DA:1384,0
DA:1388,0
DA:1389,0
DA:1391,0
DA:1392,0
DA:1393,0
DA:1394,0
DA:1399,0
DA:1406,0
DA:1407,0
DA:1408,0
DA:1413,0
DA:1414,0
DA:1421,0
DA:1422,0
DA:1423,0
DA:1424,0
DA:1425,0
DA:1426,0
DA:1432,0
DA:1435,0
DA:1437,0
DA:1439,0
DA:1440,0
DA:1445,37
DA:1446,0
DA:1452,0
DA:1453,0
DA:1456,37
DA:1457,37
DA:1533,37
DA:1541,1
DA:1542,37
DA:1543,37
DA:1544,0
DA:1546,37
LF:551
LH:322
BRDA:35,0,0,1
BRDA:35,0,1,2
BRDA:38,1,0,2
BRDA:38,1,1,0
BRDA:40,2,0,2
BRDA:40,2,1,1
BRDA:40,2,2,1
BRDA:40,2,3,1
BRDA:40,2,4,1
BRDA:40,2,5,1
BRDA:40,2,6,1
BRDA:48,3,0,2
BRDA:48,3,1,0
BRDA:50,4,0,2
BRDA:50,4,1,1
BRDA:50,5,0,2
BRDA:50,5,1,0
BRDA:51,6,0,1
BRDA:51,6,1,0
BRDA:52,7,0,1
BRDA:52,7,1,1
BRDA:52,8,0,2
BRDA:52,8,1,1
BRDA:52,8,2,1
BRDA:52,9,0,1
BRDA:52,9,1,0
BRDA:53,10,0,1
BRDA:53,10,1,1
BRDA:53,11,0,2
BRDA:53,11,1,1
BRDA:53,11,2,1
BRDA:53,12,0,1
BRDA:53,12,1,0
BRDA:68,13,0,3
BRDA:68,13,1,8
BRDA:68,14,0,11
BRDA:68,14,1,9
BRDA:69,15,0,1
BRDA:69,15,1,7
BRDA:72,16,0,3
BRDA:72,16,1,4
BRDA:72,17,0,7
BRDA:72,17,1,4
BRDA:75,18,0,5
BRDA:75,18,1,3
BRDA:109,19,0,86
BRDA:131,20,0,39
BRDA:131,20,1,28
BRDA:131,20,2,28
BRDA:131,20,3,20
BRDA:131,20,4,20
BRDA:131,20,5,18
BRDA:131,20,6,18
BRDA:135,21,0,11
BRDA:135,21,1,28
BRDA:309,22,0,0
BRDA:309,22,1,1
BRDA:323,23,0,0
BRDA:323,23,1,1
BRDA:328,24,0,0
BRDA:328,24,1,1
BRDA:333,25,0,0
BRDA:333,25,1,0
BRDA:344,26,0,0
BRDA:344,26,1,1
BRDA:346,27,0,0
BRDA:346,27,1,0
BRDA:350,28,0,0
BRDA:350,28,1,0
BRDA:351,29,0,0
BRDA:351,29,1,0
BRDA:352,30,0,0
BRDA:352,30,1,0
BRDA:353,31,0,0
BRDA:353,31,1,0
BRDA:378,32,0,0
BRDA:378,32,1,0
BRDA:378,32,2,0
BRDA:378,32,3,0
BRDA:378,33,0,0
BRDA:378,33,1,0
BRDA:379,34,0,0
BRDA:379,34,1,0
BRDA:382,35,0,0
BRDA:382,35,1,0
BRDA:387,36,0,0
BRDA:387,36,1,0
BRDA:392,37,0,0
BRDA:392,37,1,0
BRDA:409,38,0,1
BRDA:409,38,1,0
BRDA:425,39,0,0
BRDA:425,39,1,1
BRDA:427,40,0,0
BRDA:427,40,1,0
BRDA:438,41,0,0
BRDA:438,41,1,1
BRDA:442,42,0,0
BRDA:442,42,1,0
BRDA:442,43,0,0
BRDA:442,43,1,0
BRDA:443,44,0,0
BRDA:443,44,1,0
BRDA:443,45,0,0
BRDA:443,45,1,0
BRDA:444,46,0,0
BRDA:444,46,1,0
BRDA:445,47,0,0
BRDA:445,47,1,0
BRDA:446,48,0,0
BRDA:446,48,1,0
BRDA:447,49,0,0
BRDA:447,49,1,0
BRDA:448,50,0,0
BRDA:448,50,1,0
BRDA:449,51,0,0
BRDA:449,51,1,0
BRDA:450,52,0,0
BRDA:450,52,1,0
BRDA:451,53,0,0
BRDA:451,53,1,0
BRDA:452,54,0,0
BRDA:452,54,1,0
BRDA:453,55,0,0
BRDA:453,55,1,0
BRDA:454,56,0,0
BRDA:454,56,1,0
BRDA:491,57,0,2
BRDA:491,57,1,9
BRDA:496,58,0,2
BRDA:496,58,1,9
BRDA:496,59,0,11
BRDA:496,59,1,2
BRDA:504,60,0,0
BRDA:504,60,1,11
BRDA:508,61,0,0
BRDA:508,61,1,0
BRDA:508,62,0,0
BRDA:508,62,1,0
BRDA:516,63,0,2
BRDA:516,63,1,9
BRDA:516,64,0,11
BRDA:516,64,1,2
BRDA:516,64,2,2
BRDA:519,65,0,0
BRDA:519,65,1,2
BRDA:523,66,0,0
BRDA:523,66,1,9
BRDA:532,67,0,2
BRDA:532,67,1,9
BRDA:532,68,0,11
BRDA:532,68,1,2
BRDA:532,68,2,2
BRDA:534,69,0,0
BRDA:534,69,1,2
BRDA:541,70,0,11
BRDA:541,70,1,0
BRDA:543,71,0,0
BRDA:543,71,1,11
BRDA:551,72,0,11
BRDA:551,72,1,0
BRDA:560,73,0,11
BRDA:560,73,1,0
BRDA:561,74,0,0
BRDA:561,74,1,11
BRDA:581,75,0,1
BRDA:581,75,1,0
BRDA:584,76,0,1
BRDA:584,76,1,0
BRDA:585,77,0,1
BRDA:585,77,1,0
BRDA:585,77,2,0
BRDA:591,78,0,1
BRDA:591,78,1,0
BRDA:596,79,0,0
BRDA:596,79,1,0
BRDA:598,80,0,0
BRDA:598,80,1,0
BRDA:599,81,0,0
BRDA:599,81,1,0
BRDA:613,82,0,11
BRDA:613,82,1,24
BRDA:614,83,0,0
BRDA:614,83,1,24
BRDA:614,84,0,24
BRDA:614,84,1,0
BRDA:621,85,0,13
BRDA:621,85,1,11
BRDA:626,86,0,0
BRDA:626,86,1,0
BRDA:627,87,0,0
BRDA:627,87,1,0
BRDA:627,87,2,0
BRDA:627,87,3,0
BRDA:627,87,4,0
BRDA:634,88,0,0
BRDA:634,88,1,0
BRDA:638,89,0,0
BRDA:638,89,1,0
BRDA:641,90,0,0
BRDA:641,90,1,0
BRDA:650,91,0,11
BRDA:650,91,1,15
BRDA:651,92,0,0
BRDA:651,92,1,15
BRDA:651,93,0,15
BRDA:651,93,1,0
BRDA:658,94,0,4
BRDA:658,94,1,11
BRDA:663,95,0,0
BRDA:663,95,1,0
BRDA:664,96,0,0
BRDA:664,96,1,0
BRDA:664,96,2,0
BRDA:664,96,3,0
BRDA:664,96,4,0
BRDA:673,97,0,0
BRDA:673,97,1,0
BRDA:676,98,0,0
BRDA:676,98,1,0
BRDA:683,99,0,11
BRDA:683,99,1,15
BRDA:684,100,0,15
BRDA:684,100,1,12
BRDA:695,101,0,11
BRDA:695,101,1,24
BRDA:697,102,0,0
BRDA:697,102,1,24
BRDA:712,103,0,35
BRDA:712,103,1,11
BRDA:713,104,0,24
BRDA:713,104,1,11
BRDA:714,105,0,24
BRDA:714,105,1,11
BRDA:715,106,0,24
BRDA:715,106,1,11
BRDA:716,107,0,24
BRDA:716,107,1,11
BRDA:739,108,0,5
BRDA:739,108,1,0
BRDA:778,109,0,27
BRDA:778,109,1,0
BRDA:779,110,0,1
BRDA:779,110,1,0
BRDA:780,111,0,27
BRDA:780,111,1,26
BRDA:808,112,0,4
BRDA:808,112,1,0
BRDA:829,113,0,0
BRDA:829,113,1,1
BRDA:843,114,0,0
BRDA:843,114,1,1
BRDA:849,115,0,0
BRDA:849,115,1,1
BRDA:851,116,0,1
BRDA:851,116,1,0
BRDA:852,117,0,1
BRDA:852,117,1,0
BRDA:853,118,0,1
BRDA:853,118,1,0
BRDA:854,119,0,1
BRDA:854,119,1,0
BRDA:855,120,0,1
BRDA:855,120,1,0
BRDA:874,121,0,2
BRDA:874,121,1,0
BRDA:895,122,0,0
BRDA:895,122,1,1
BRDA:915,123,0,1
BRDA:915,123,1,0
BRDA:935,124,0,0
BRDA:935,124,1,1
BRDA:948,125,0,1
BRDA:948,125,1,0
BRDA:969,126,0,2
BRDA:969,126,1,0
BRDA:970,127,0,2
BRDA:970,127,1,0
BRDA:971,128,0,2
BRDA:971,128,1,0
BRDA:972,129,0,2
BRDA:972,129,1,0
BRDA:973,130,0,2
BRDA:973,130,1,0
BRDA:974,131,0,2
BRDA:974,131,1,0
BRDA:979,132,0,2
BRDA:979,132,1,2
BRDA:983,133,0,0
BRDA:983,133,1,2
BRDA:983,134,0,2
BRDA:983,134,1,0
BRDA:983,134,2,0
BRDA:983,134,3,0
BRDA:983,134,4,0
BRDA:994,135,0,0
BRDA:994,135,1,0
BRDA:995,136,0,0
BRDA:995,136,1,0
BRDA:996,137,0,0
BRDA:996,137,1,0
BRDA:997,138,0,0
BRDA:997,138,1,0
BRDA:1000,139,0,0
BRDA:1000,139,1,0
BRDA:1000,140,0,0
BRDA:1000,140,1,0
BRDA:1003,141,0,0
BRDA:1003,141,1,0
BRDA:1003,142,0,0
BRDA:1003,142,1,0
BRDA:1003,142,2,0
BRDA:1019,143,0,0
BRDA:1019,143,1,0
BRDA:1023,144,0,0
BRDA:1023,144,1,0
BRDA:1023,145,0,0
BRDA:1023,145,1,0
BRDA:1023,145,2,0
BRDA:1023,145,3,0
BRDA:1023,145,4,0
BRDA:1065,146,0,0
BRDA:1065,146,1,252
BRDA:1067,147,0,252
BRDA:1067,147,1,25
BRDA:1067,147,2,25
BRDA:1068,148,0,5
BRDA:1068,148,1,247
BRDA:1068,149,0,0
BRDA:1068,149,1,247
BRDA:1069,150,0,5
BRDA:1069,150,1,247
BRDA:1069,151,0,0
BRDA:1069,151,1,247
BRDA:1070,152,0,5
BRDA:1070,152,1,247
BRDA:1070,153,0,0
BRDA:1070,153,1,247
BRDA:1071,154,0,5
BRDA:1071,154,1,247
BRDA:1071,155,0,0
BRDA:1071,155,1,247
BRDA:1072,156,0,5
BRDA:1072,156,1,247
BRDA:1072,157,0,5
BRDA:1072,157,1,0
BRDA:1072,158,0,0
BRDA:1072,158,1,247
BRDA:1073,159,0,1
BRDA:1073,159,1,251
BRDA:1073,160,0,252
BRDA:1073,160,1,25
BRDA:1073,160,2,25
BRDA:1073,161,0,0
BRDA:1073,161,1,251
BRDA:1074,162,0,1
BRDA:1074,162,1,251
BRDA:1074,163,0,252
BRDA:1074,163,1,25
BRDA:1074,163,2,25
BRDA:1074,164,0,0
BRDA:1074,164,1,251
BRDA:1075,165,0,25
BRDA:1075,165,1,227
BRDA:1075,166,0,252
BRDA:1075,166,1,25
BRDA:1076,167,0,1
BRDA:1076,167,1,251
BRDA:1076,168,0,0
BRDA:1076,168,1,251
BRDA:1081,169,0,36
BRDA:1081,169,1,216
BRDA:1105,170,0,0
BRDA:1105,170,1,0
BRDA:1106,171,0,0
BRDA:1106,171,1,0
BRDA:1117,172,0,0
BRDA:1117,172,1,0
BRDA:1118,173,0,0
BRDA:1118,173,1,0
BRDA:1118,173,2,0
BRDA:1124,174,0,0
BRDA:1124,174,1,0
BRDA:1127,175,0,0
BRDA:1127,175,1,0
BRDA:1130,176,0,0
BRDA:1130,176,1,0
BRDA:1133,177,0,0
BRDA:1133,177,1,0
BRDA:1136,178,0,0
BRDA:1136,178,1,0
BRDA:1139,179,0,0
BRDA:1139,179,1,0
BRDA:1156,180,0,0
BRDA:1158,181,0,0
BRDA:1158,181,1,0
BRDA:1158,182,0,0
BRDA:1158,182,1,0
BRDA:1158,183,0,0
BRDA:1158,183,1,0
BRDA:1159,184,0,0
BRDA:1159,184,1,0
BRDA:1159,185,0,0
BRDA:1159,185,1,0
BRDA:1159,186,0,0
BRDA:1159,186,1,0
BRDA:1160,187,0,0
BRDA:1160,187,1,0
BRDA:1160,187,2,0
BRDA:1163,188,0,0
BRDA:1163,188,1,0
BRDA:1167,189,0,0
BRDA:1167,189,1,0
BRDA:1167,189,2,0
BRDA:1168,190,0,0
BRDA:1168,190,1,0
BRDA:1168,190,2,0
BRDA:1171,191,0,0
BRDA:1171,191,1,0
BRDA:1171,192,0,0
BRDA:1171,192,1,0
BRDA:1171,193,0,0
BRDA:1171,193,1,0
BRDA:1174,194,0,0
BRDA:1174,194,1,0
BRDA:1174,195,0,0
BRDA:1174,195,1,0
BRDA:1186,196,0,0
BRDA:1186,196,1,0
BRDA:1190,197,0,0
BRDA:1190,197,1,0
BRDA:1219,198,0,0
BRDA:1219,198,1,0
BRDA:1235,199,0,0
BRDA:1235,199,1,0
BRDA:1266,200,0,0
BRDA:1266,200,1,0
BRDA:1266,200,2,0
BRDA:1267,201,0,0
BRDA:1267,201,1,0
BRDA:1267,201,2,0
BRDA:1268,202,0,0
BRDA:1268,202,1,0
BRDA:1268,202,2,0
BRDA:1269,203,0,0
BRDA:1269,203,1,0
BRDA:1269,203,2,0
BRDA:1270,204,0,0
BRDA:1270,204,1,0
BRDA:1270,204,2,0
BRDA:1271,205,0,0
BRDA:1271,205,1,0
BRDA:1272,206,0,0
BRDA:1272,206,1,0
BRDA:1272,206,2,0
BRDA:1272,206,3,0
BRDA:1300,207,0,0
BRDA:1300,207,1,0
BRDA:1303,208,0,0
BRDA:1303,208,1,0
BRDA:1306,209,0,0
BRDA:1306,209,1,0
BRDA:1309,210,0,0
BRDA:1309,210,1,0
BRDA:1312,211,0,0
BRDA:1312,211,1,0
BRDA:1315,212,0,0
BRDA:1315,212,1,0
BRDA:1318,213,0,0
BRDA:1318,213,1,0
BRDA:1355,214,0,0
BRDA:1355,214,1,1
BRDA:1378,215,0,0
BRDA:1378,215,1,0
BRDA:1393,216,0,0
BRDA:1393,216,1,0
BRDA:1401,217,0,0
BRDA:1401,217,1,0
BRDA:1437,218,0,0
BRDA:1437,218,1,0
BRDA:1543,219,0,0
BRDA:1543,219,1,37
BRF:482
BRH:186
end_of_record
TN:
SF:src\data\foodDatabase.ts
FN:1035,getFoodDescription
FNF:1
FNH:1
FNDA:8,getFoodDescription
DA:3,2
DA:1030,2
DA:1036,8
DA:1037,6
DA:1038,1
DA:1040,5
DA:1042,5
DA:1043,1
DA:1045,4
DA:1046,0
DA:1048,4
DA:1049,0
DA:1051,4
DA:1052,0
DA:1054,4
DA:1055,1
DA:1057,3
DA:1058,0
DA:1060,3
DA:1061,0
DA:1063,3
DA:1064,0
DA:1066,3
DA:1067,0
DA:1069,3
DA:1070,0
DA:1072,3
DA:1073,0
DA:1077,3
DA:1078,3
DA:1079,3
DA:1080,1
DA:1082,2
DA:1083,1
DA:1085,1
LF:35
LH:26
BRDA:1036,0,0,2
BRDA:1036,0,1,6
BRDA:1037,1,0,1
BRDA:1037,1,1,5
BRDA:1037,2,0,6
BRDA:1037,2,1,1
BRDA:1040,3,0,5
BRDA:1040,3,1,0
BRDA:1042,4,0,1
BRDA:1042,4,1,4
BRDA:1045,5,0,0
BRDA:1045,5,1,4
BRDA:1048,6,0,0
BRDA:1048,6,1,4
BRDA:1051,7,0,0
BRDA:1051,7,1,4
BRDA:1051,8,0,4
BRDA:1051,8,1,4
BRDA:1054,9,0,1
BRDA:1054,9,1,3
BRDA:1057,10,0,0
BRDA:1057,10,1,3
BRDA:1060,11,0,0
BRDA:1060,11,1,3
BRDA:1063,12,0,0
BRDA:1063,12,1,3
BRDA:1066,13,0,0
BRDA:1066,13,1,3
BRDA:1069,14,0,0
BRDA:1069,14,1,3
BRDA:1069,15,0,3
BRDA:1069,15,1,3
BRDA:1069,15,2,3
BRDA:1072,16,0,0
BRDA:1072,16,1,3
BRDA:1077,17,0,3
BRDA:1077,17,1,1
BRDA:1078,18,0,3
BRDA:1078,18,1,1
BRDA:1079,19,0,1
BRDA:1079,19,1,2
BRDA:1082,20,0,1
BRDA:1082,20,1,1
BRF:43
BRH:33
end_of_record
TN:
SF:src\services\ai\config\AIConfig.ts
FNF:0
FNH:0
DA:6,6
LF:1
LH:1
BRF:0
BRH:0
end_of_record
TN:
SF:src\services\ai\errors\AIErrorMapper.ts
FN:7,(anonymous_0)
FN:61,(anonymous_1)
FN:81,(anonymous_2)
FNF:3
FNH:3
FNDA:13,(anonymous_0)
FNDA:35,(anonymous_1)
FNDA:36,(anonymous_2)
DA:8,13
DA:9,1
DA:13,12
DA:14,1
DA:17,11
DA:18,11
DA:21,11
DA:22,2
DA:23,1
DA:25,1
DA:28,9
DA:29,1
DA:32,8
DA:33,2
DA:34,1
DA:36,1
DA:39,6
DA:40,2
DA:44,4
DA:45,2
DA:46,1
DA:48,1
DA:51,2
DA:52,1
DA:55,1
DA:68,35
DA:75,35
DA:82,36
DA:84,1
DA:85,1
DA:86,1
DA:87,1
DA:91,3
DA:92,3
DA:93,3
DA:94,3
DA:97,1
DA:98,1
DA:99,1
DA:100,1
DA:103,2
DA:104,2
DA:105,2
DA:106,2
DA:109,1
DA:110,1
DA:111,1
DA:112,1
DA:115,1
DA:116,1
DA:117,1
DA:118,1
DA:121,2
DA:122,2
DA:123,2
DA:124,2
DA:127,5
DA:128,5
DA:129,5
DA:130,5
DA:133,1
DA:134,1
DA:135,1
DA:136,1
DA:140,0
DA:141,0
DA:142,0
DA:143,0
DA:146,19
DA:147,19
DA:148,19
DA:149,19
DA:152,36
LF:73
LH:69
BRDA:7,0,0,12
BRDA:8,1,0,1
BRDA:8,1,1,12
BRDA:13,2,0,1
BRDA:13,2,1,11
BRDA:13,3,0,12
BRDA:13,3,1,1
BRDA:13,3,2,1
BRDA:17,4,0,11
BRDA:17,4,1,0
BRDA:18,5,0,11
BRDA:18,5,1,4
BRDA:21,6,0,2
BRDA:21,6,1,9
BRDA:22,7,0,1
BRDA:22,7,1,1
BRDA:22,8,0,2
BRDA:22,8,1,1
BRDA:28,9,0,1
BRDA:28,9,1,8
BRDA:32,10,0,2
BRDA:32,10,1,6
BRDA:33,11,0,1
BRDA:33,11,1,1
BRDA:33,12,0,2
BRDA:33,12,1,1
BRDA:39,13,0,2
BRDA:39,13,1,4
BRDA:39,14,0,6
BRDA:39,14,1,5
BRDA:44,15,0,2
BRDA:44,15,1,2
BRDA:44,16,0,4
BRDA:44,16,1,2
BRDA:45,17,0,1
BRDA:45,17,1,1
BRDA:51,18,0,1
BRDA:51,18,1,1
BRDA:51,19,0,2
BRDA:51,19,1,1
BRDA:51,19,2,1
BRDA:55,20,0,1
BRDA:55,20,1,0
BRDA:65,21,0,4
BRDA:82,22,0,1
BRDA:82,22,1,3
BRDA:82,22,2,3
BRDA:82,22,3,1
BRDA:82,22,4,2
BRDA:82,22,5,1
BRDA:82,22,6,1
BRDA:82,22,7,2
BRDA:82,22,8,5
BRDA:82,22,9,1
BRDA:82,22,10,0
BRDA:82,22,11,0
BRDA:82,22,12,19
BRDA:104,23,0,2
BRDA:104,23,1,1
BRDA:147,24,0,19
BRDA:147,24,1,0
BRDA:148,25,0,4
BRDA:148,25,1,15
BRF:63
BRH:58
end_of_record
TN:
SF:src\services\ai\gateway\AIRateLimiter.ts
FN:14,(anonymous_0)
FN:31,(anonymous_1)
FN:75,(anonymous_2)
FN:92,(anonymous_3)
FNF:4
FNH:4
FNDA:6,(anonymous_0)
FNDA:11,(anonymous_1)
FNDA:12,(anonymous_2)
FNDA:6,(anonymous_3)
DA:6,1
DA:7,1
DA:8,1
DA:9,1
DA:15,6
DA:18,6
DA:19,6
DA:20,1
DA:21,1
DA:31,11
DA:32,5
DA:33,1
DA:34,1
DA:35,1
DA:45,4
DA:46,4
DA:47,2
DA:48,2
DA:49,2
DA:52,4
DA:54,4
DA:55,1
DA:64,3
DA:76,12
DA:77,12
DA:78,12
DA:80,12
DA:81,12
DA:82,12
DA:83,12
DA:93,6
DA:94,6
DA:98,1
LF:33
LH:33
BRDA:19,0,0,1
BRDA:19,0,1,5
BRDA:19,1,0,6
BRDA:19,1,1,3
BRDA:32,2,0,1
BRDA:32,2,1,4
BRDA:46,3,0,2
BRDA:46,3,1,2
BRDA:49,4,0,1
BRDA:49,4,1,1
BRDA:49,5,0,1
BRDA:49,5,1,0
BRDA:54,6,0,1
BRDA:54,6,1,3
BRF:14
BRH:13
end_of_record
TN:
SF:src\services\ai\memory\GeminiTokenEstimator.ts
FN:8,(anonymous_0)
FN:30,(anonymous_1)
FN:32,(anonymous_2)
FN:38,(anonymous_3)
FNF:4
FNH:4
FNDA:974,(anonymous_0)
FNDA:31,(anonymous_1)
FNDA:955,(anonymous_2)
FNDA:1,(anonymous_3)
DA:9,974
DA:11,968
DA:12,968
DA:13,950095
DA:14,8
DA:18,968
DA:20,968
DA:22,968
DA:24,968
DA:31,31
DA:32,955
DA:39,1
LF:12
LH:12
BRDA:9,0,0,6
BRDA:9,0,1,968
BRDA:13,1,0,8
BRDA:13,1,1,950087
BRDA:31,2,0,2
BRDA:31,2,1,29
BRDA:31,3,0,31
BRDA:31,3,1,30
BRF:8
BRH:8
end_of_record
TN:
SF:src\services\ai\memory\TokenBudgetManager.ts
FN:10,(anonymous_0)
FN:30,(anonymous_1)
FNF:2
FNH:2
FNDA:4,(anonymous_0)
FNDA:54,(anonymous_1)
DA:21,4
DA:22,4
DA:23,4
DA:25,4
DA:26,4
DA:27,4
DA:30,54
DA:31,4
DA:33,4
DA:36,4
DA:37,24
DA:38,24
DA:41,4
DA:43,4
DA:55,4
LF:15
LH:15
BRDA:15,0,0,4
BRDA:36,1,0,28
BRDA:36,1,1,28
BRF:3
BRH:3
end_of_record
TN:
SF:src\services\ai\validation\AIInputValidator.ts
FN:27,(anonymous_0)
FN:106,(anonymous_1)
FNF:2
FNH:2
FNDA:13,(anonymous_0)
FNDA:1,(anonymous_1)
DA:6,1
DA:15,1
DA:28,13
DA:29,3
DA:37,10
DA:43,10
DA:44,2
DA:57,8
DA:58,1
DA:71,7
DA:74,7
DA:75,30
DA:76,2
DA:93,5
DA:94,25
DA:97,5
DA:107,1
LF:17
LH:17
BRDA:28,0,0,3
BRDA:28,0,1,10
BRDA:28,1,0,13
BRDA:28,1,1,10
BRDA:43,2,0,2
BRDA:43,2,1,8
BRDA:57,3,0,1
BRDA:57,3,1,7
BRDA:75,4,0,2
BRDA:75,4,1,28
BRF:10
BRH:10
end_of_record
TN:
SF:src\services\ai\validation\AIOutputValidator.ts
FN:17,(anonymous_0)
FN:133,(anonymous_1)
FNF:2
FNH:2
FNDA:11,(anonymous_0)
FNDA:5,(anonymous_1)
DA:6,1
DA:8,1
DA:18,11
DA:19,3
DA:31,8
DA:33,8
DA:38,8
DA:40,1
DA:51,7
DA:52,1
DA:63,6
DA:64,6
DA:66,6
DA:67,6
DA:68,6
DA:69,6
DA:70,6
DA:73,6
DA:74,6
DA:75,6
DA:76,6
DA:77,6
DA:82,6
DA:86,6
DA:87,4
DA:88,4
DA:90,4
DA:91,1
DA:94,1
DA:95,1
DA:97,2
DA:99,2
DA:100,2
DA:101,2
DA:102,2
DA:103,2
DA:106,6
DA:122,6
DA:134,5
DA:135,2
DA:146,3
DA:147,3
DA:149,3
DA:150,4
DA:151,2
DA:152,1
DA:153,1
DA:155,2
DA:159,3
LF:49
LH:49
BRDA:18,0,0,3
BRDA:18,0,1,8
BRDA:18,1,0,11
BRDA:18,1,1,8
BRDA:51,2,0,1
BRDA:51,2,1,6
BRDA:51,3,0,7
BRDA:51,3,1,7
BRDA:66,4,0,6
BRDA:66,4,1,5
BRDA:67,5,0,6
BRDA:67,5,1,6
BRDA:68,6,0,6
BRDA:68,6,1,6
BRDA:69,7,0,6
BRDA:69,7,1,6
BRDA:70,8,0,6
BRDA:70,8,1,6
BRDA:73,9,0,6
BRDA:73,9,1,2
BRDA:74,10,0,6
BRDA:74,10,1,3
BRDA:75,11,0,6
BRDA:75,11,1,3
BRDA:76,12,0,6
BRDA:76,12,1,6
BRDA:77,13,0,6
BRDA:77,13,1,1
BRDA:86,14,0,4
BRDA:86,14,1,2
BRDA:86,15,0,6
BRDA:86,15,1,4
BRDA:90,16,0,1
BRDA:90,16,1,3
BRDA:97,17,0,2
BRDA:97,17,1,0
BRDA:97,18,0,2
BRDA:97,18,1,2
BRDA:117,19,0,6
BRDA:117,19,1,6
BRDA:117,20,0,3
BRDA:117,20,1,3
BRDA:118,21,0,6
BRDA:118,21,1,6
BRDA:134,22,0,2
BRDA:134,22,1,3
BRDA:134,23,0,5
BRDA:134,23,1,4
BRDA:150,24,0,2
BRDA:150,24,1,2
BRDA:151,25,0,1
BRDA:151,25,1,1
BRF:52
BRH:51
end_of_record
TN:
SF:src\services\ai\validation\EdgeImagePreprocessor.ts
FN:18,(anonymous_0)
FNF:1
FNH:1
FNDA:9,(anonymous_0)
DA:19,9
DA:20,3
DA:34,6
DA:35,6
DA:38,6
DA:39,1
DA:40,1
DA:41,1
DA:42,1
DA:43,1
DA:44,1
DA:46,1
DA:51,6
DA:54,6
DA:55,6
DA:57,6
DA:58,1
DA:73,5
DA:74,1
DA:88,4
LF:20
LH:20
BRDA:18,0,0,9
BRDA:19,1,0,3
BRDA:19,1,1,6
BRDA:19,2,0,9
BRDA:19,2,1,6
BRDA:38,3,0,1
BRDA:38,3,1,5
BRDA:40,4,0,1
BRDA:40,4,1,0
BRDA:43,5,0,1
BRDA:43,5,1,0
BRDA:43,6,0,1
BRDA:43,6,1,1
BRDA:54,7,0,0
BRDA:54,7,1,6
BRDA:54,8,0,0
BRDA:54,8,1,6
BRDA:57,9,0,1
BRDA:57,9,1,5
BRDA:73,10,0,1
BRDA:73,10,1,4
BRF:21
BRH:17
end_of_record
TN:
SF:src\theme\typography.ts
FNF:0
FNH:0
DA:1,1
LF:1
LH:1
BRF:0
BRH:0
end_of_record
